ranking.data_preparation - INFO - Applying USAU algorithm on the EUF-2023-mixed dataset.
ranking.games_dataset - INFO - Calculating ratings by USAU.
ranking.algos.rank_fit - INFO - 1/1000, Change: 135.2185083, Rating 1: 294.9000.
ranking.algos.rank_fit - INFO - 2/1000, Change: 79.1386150, Rating 1: 440.3900.
ranking.algos.rank_fit - INFO - 3/1000, Change: 52.5266746, Rating 1: 535.0000.
ranking.algos.rank_fit - INFO - 4/1000, Change: 39.5160241, Rating 1: 626.6300.
ranking.algos.rank_fit - INFO - 5/1000, Change: 31.8511053, Rating 1: 696.9600.
ranking.algos.rank_fit - INFO - 6/1000, Change: 26.7333166, Rating 1: 753.5800.
ranking.algos.rank_fit - INFO - 7/1000, Change: 22.8602760, Rating 1: 799.7400.
ranking.algos.rank_fit - INFO - 8/1000, Change: 19.8340170, Rating 1: 837.9600.
ranking.algos.rank_fit - INFO - 9/1000, Change: 17.1044834, Rating 1: 870.0200.
ranking.algos.rank_fit - INFO - 10/1000, Change: 14.8475662, Rating 1: 897.0500.
ranking.algos.rank_fit - INFO - 11/1000, Change: 13.0921105, Rating 1: 919.9600.
ranking.algos.rank_fit - INFO - 12/1000, Change: 11.4136983, Rating 1: 939.4700.
ranking.algos.rank_fit - INFO - 13/1000, Change: 10.0335317, Rating 1: 956.1700.
ranking.algos.rank_fit - INFO - 14/1000, Change: 8.8264407, Rating 1: 970.6300.
ranking.algos.rank_fit - INFO - 15/1000, Change: 7.8534499, Rating 1: 983.2000.
ranking.algos.rank_fit - INFO - 16/1000, Change: 6.9371206, Rating 1: 994.1800.
ranking.algos.rank_fit - INFO - 17/1000, Change: 6.1550730, Rating 1: 1003.7800.
ranking.algos.rank_fit - INFO - 18/1000, Change: 5.4674279, Rating 1: 1012.2000.
ranking.algos.rank_fit - INFO - 19/1000, Change: 4.8773712, Rating 1: 1019.6100.
ranking.algos.rank_fit - INFO - 20/1000, Change: 4.3554674, Rating 1: 1026.3100.
ranking.algos.rank_fit - INFO - 21/1000, Change: 3.8731189, Rating 1: 1032.3900.
ranking.algos.rank_fit - INFO - 22/1000, Change: 3.4403761, Rating 1: 1037.8100.
ranking.algos.rank_fit - INFO - 23/1000, Change: 3.0542751, Rating 1: 1042.6000.
ranking.algos.rank_fit - INFO - 24/1000, Change: 2.7112754, Rating 1: 1046.8300.
ranking.algos.rank_fit - INFO - 25/1000, Change: 2.4066723, Rating 1: 1050.5600.
ranking.algos.rank_fit - INFO - 26/1000, Change: 2.1367423, Rating 1: 1053.8600.
ranking.algos.rank_fit - INFO - 27/1000, Change: 1.8972066, Rating 1: 1056.7800.
ranking.algos.rank_fit - INFO - 28/1000, Change: 1.6833677, Rating 1: 1059.3600.
ranking.algos.rank_fit - INFO - 29/1000, Change: 1.4942826, Rating 1: 1061.6400.
ranking.algos.rank_fit - INFO - 30/1000, Change: 1.3279240, Rating 1: 1063.6700.
ranking.algos.rank_fit - INFO - 31/1000, Change: 1.1794331, Rating 1: 1065.4600.
ranking.algos.rank_fit - INFO - 32/1000, Change: 1.0471014, Rating 1: 1067.0500.
ranking.algos.rank_fit - INFO - 33/1000, Change: 0.9306286, Rating 1: 1068.4600.
ranking.algos.rank_fit - INFO - 34/1000, Change: 0.8256794, Rating 1: 1069.7100.
ranking.algos.rank_fit - INFO - 35/1000, Change: 0.7333826, Rating 1: 1070.8200.
ranking.algos.rank_fit - INFO - 36/1000, Change: 0.6517559, Rating 1: 1071.8100.
ranking.algos.rank_fit - INFO - 37/1000, Change: 0.5793870, Rating 1: 1072.6900.
ranking.algos.rank_fit - INFO - 38/1000, Change: 0.5143182, Rating 1: 1073.4600.
ranking.algos.rank_fit - INFO - 39/1000, Change: 0.4574795, Rating 1: 1074.1500.
ranking.algos.rank_fit - INFO - 40/1000, Change: 0.4059557, Rating 1: 1074.7600.
ranking.algos.rank_fit - INFO - 41/1000, Change: 0.3614554, Rating 1: 1075.3100.
ranking.algos.rank_fit - INFO - 42/1000, Change: 0.3208471, Rating 1: 1075.7900.
ranking.algos.rank_fit - INFO - 43/1000, Change: 0.2855415, Rating 1: 1076.2200.
ranking.algos.rank_fit - INFO - 44/1000, Change: 0.2532080, Rating 1: 1076.6000.
ranking.algos.rank_fit - INFO - 45/1000, Change: 0.2255667, Rating 1: 1076.9400.
ranking.algos.rank_fit - INFO - 46/1000, Change: 0.2006952, Rating 1: 1077.2400.
ranking.algos.rank_fit - INFO - 47/1000, Change: 0.1770744, Rating 1: 1077.5100.
ranking.algos.rank_fit - INFO - 48/1000, Change: 0.1580743, Rating 1: 1077.7500.
ranking.algos.rank_fit - INFO - 49/1000, Change: 0.1409534, Rating 1: 1077.9600.
ranking.algos.rank_fit - INFO - 50/1000, Change: 0.1254278, Rating 1: 1078.1500.
ranking.algos.rank_fit - INFO - 51/1000, Change: 0.1109376, Rating 1: 1078.3100.
ranking.algos.rank_fit - INFO - 52/1000, Change: 0.0986154, Rating 1: 1078.4600.
ranking.algos.rank_fit - INFO - 53/1000, Change: 0.0878920, Rating 1: 1078.5900.
ranking.algos.rank_fit - INFO - 54/1000, Change: 0.0780453, Rating 1: 1078.7100.
ranking.algos.rank_fit - INFO - 55/1000, Change: 0.0696035, Rating 1: 1078.8100.
ranking.algos.rank_fit - INFO - 56/1000, Change: 0.0620052, Rating 1: 1078.9000.
ranking.algos.rank_fit - INFO - 57/1000, Change: 0.0553882, Rating 1: 1078.9800.
ranking.algos.rank_fit - INFO - 58/1000, Change: 0.0494253, Rating 1: 1079.0600.
ranking.algos.rank_fit - INFO - 59/1000, Change: 0.0440373, Rating 1: 1079.1300.
ranking.algos.rank_fit - INFO - 60/1000, Change: 0.0384754, Rating 1: 1079.1800.
ranking.algos.rank_fit - INFO - 61/1000, Change: 0.0344083, Rating 1: 1079.2300.
ranking.algos.rank_fit - INFO - 62/1000, Change: 0.0307350, Rating 1: 1079.2800.
ranking.algos.rank_fit - INFO - 63/1000, Change: 0.0272881, Rating 1: 1079.3200.
ranking.algos.rank_fit - INFO - 64/1000, Change: 0.0237923, Rating 1: 1079.3600.
ranking.algos.rank_fit - INFO - 65/1000, Change: 0.0216300, Rating 1: 1079.3900.
ranking.algos.rank_fit - INFO - 66/1000, Change: 0.0188509, Rating 1: 1079.4200.
ranking.algos.rank_fit - INFO - 67/1000, Change: 0.0165831, Rating 1: 1079.4400.
ranking.algos.rank_fit - INFO - 68/1000, Change: 0.0151186, Rating 1: 1079.4600.
ranking.algos.rank_fit - INFO - 69/1000, Change: 0.0143303, Rating 1: 1079.4800.
ranking.algos.rank_fit - INFO - 70/1000, Change: 0.0114174, Rating 1: 1079.5000.
ranking.algos.rank_fit - INFO - 71/1000, Change: 0.0105221, Rating 1: 1079.5200.
ranking.algos.rank_fit - INFO - 72/1000, Change: 0.0098198, Rating 1: 1079.5300.
ranking.algos.rank_fit - INFO - 73/1000, Change: 0.0092582, Rating 1: 1079.5400.
ranking.algos.rank_fit - INFO - 74/1000, Change: 0.0089642, Rating 1: 1079.5500.
ranking.algos.rank_fit - INFO - 75/1000, Change: 0.0084515, Rating 1: 1079.5600.
ranking.algos.rank_fit - INFO - 76/1000, Change: 0.0074402, Rating 1: 1079.5700.
ranking.algos.rank_fit - INFO - 77/1000, Change: 0.0074402, Rating 1: 1079.5800.
ranking.algos.rank_fit - INFO - 78/1000, Change: 0.0059761, Rating 1: 1079.5900.
ranking.algos.rank_fit - INFO - 79/1000, Change: 0.0062678, Rating 1: 1079.6000.
ranking.algos.rank_fit - INFO - 80/1000, Change: 0.0051755, Rating 1: 1079.6000.
ranking.algos.rank_fit - INFO - 81/1000, Change: 0.0048181, Rating 1: 1079.6000.
ranking.algos.rank_fit - INFO - 82/1000, Change: 0.0044320, Rating 1: 1079.6100.
ranking.algos.rank_fit - INFO - 83/1000, Change: 0.0032733, Rating 1: 1079.6100.
ranking.algos.rank_fit - INFO - 84/1000, Change: 0.0026726, Rating 1: 1079.6100.
ranking.algos.rank_fit - INFO - 85/1000, Change: 0.0026726, Rating 1: 1079.6100.
ranking.algos.rank_fit - INFO - 86/1000, Change: 0.0023146, Rating 1: 1079.6100.
ranking.algos.rank_fit - INFO - 87/1000, Change: 0.0018898, Rating 1: 1079.6100.
ranking.algos.rank_fit - INFO - 88/1000, Change: 0.0000000, Rating 1: 1079.6100.
ranking.data_preparation - INFO - RMSE: 287.16, Max Sum Resid: 0.19
ranking.data_preparation - INFO - Applying Windmill algorithm on the EUF-2023-mixed dataset.
ranking.games_dataset - INFO - Calculating ratings by Windmill.
ranking.data_preparation - INFO - RMSE: 3.51, Max Sum Resid: 0.08
ranking.data_preparation - INFO - Applying Sigmoid algorithm on the EUF-2023-mixed dataset.
ranking.games_dataset - INFO - Calculating ratings by Sigmoid.
ranking.data_preparation - INFO - RMSE: 3.33, Max Sum Resid: 6.98
ranking.data_preparation - INFO - Output files saved to output/2023.
ranking.data_preparation - INFO - Applying USAU algorithm on the EUF-2023-open dataset.
ranking.games_dataset - INFO - Calculating ratings by USAU.
ranking.algos.rank_fit - INFO - 1/1000, Change: 125.0713714, Rating 1: 271.0300.
ranking.algos.rank_fit - INFO - 2/1000, Change: 66.3095977, Rating 1: 385.7500.
ranking.algos.rank_fit - INFO - 3/1000, Change: 43.4886386, Rating 1: 467.5200.
ranking.algos.rank_fit - INFO - 4/1000, Change: 32.9271109, Rating 1: 535.3100.
ranking.algos.rank_fit - INFO - 5/1000, Change: 27.1488897, Rating 1: 588.4300.
ranking.algos.rank_fit - INFO - 6/1000, Change: 23.5756076, Rating 1: 630.1900.
ranking.algos.rank_fit - INFO - 7/1000, Change: 21.1840149, Rating 1: 664.0000.
ranking.algos.rank_fit - INFO - 8/1000, Change: 19.0947056, Rating 1: 692.1600.
ranking.algos.rank_fit - INFO - 9/1000, Change: 17.4911552, Rating 1: 716.0100.
ranking.algos.rank_fit - INFO - 10/1000, Change: 16.2206126, Rating 1: 736.5900.
ranking.algos.rank_fit - INFO - 11/1000, Change: 15.0194294, Rating 1: 754.5900.
ranking.algos.rank_fit - INFO - 12/1000, Change: 13.9503278, Rating 1: 770.6600.
ranking.algos.rank_fit - INFO - 13/1000, Change: 12.9877892, Rating 1: 785.0600.
ranking.algos.rank_fit - INFO - 14/1000, Change: 12.1180783, Rating 1: 798.0400.
ranking.algos.rank_fit - INFO - 15/1000, Change: 11.3458355, Rating 1: 809.8300.
ranking.algos.rank_fit - INFO - 16/1000, Change: 10.6171067, Rating 1: 820.7400.
ranking.algos.rank_fit - INFO - 17/1000, Change: 9.9414217, Rating 1: 830.7800.
ranking.algos.rank_fit - INFO - 18/1000, Change: 9.3226422, Rating 1: 840.0200.
ranking.algos.rank_fit - INFO - 19/1000, Change: 8.7358203, Rating 1: 848.6200.
ranking.algos.rank_fit - INFO - 20/1000, Change: 8.1889086, Rating 1: 856.5900.
ranking.algos.rank_fit - INFO - 21/1000, Change: 7.6769651, Rating 1: 863.9700.
ranking.algos.rank_fit - INFO - 22/1000, Change: 7.1990585, Rating 1: 870.8300.
ranking.algos.rank_fit - INFO - 23/1000, Change: 6.7501032, Rating 1: 877.2000.
ranking.algos.rank_fit - INFO - 24/1000, Change: 6.3299945, Rating 1: 883.1300.
ranking.algos.rank_fit - INFO - 25/1000, Change: 5.9494988, Rating 1: 888.6500.
ranking.algos.rank_fit - INFO - 26/1000, Change: 5.5775085, Rating 1: 893.8100.
ranking.algos.rank_fit - INFO - 27/1000, Change: 5.2290593, Rating 1: 898.6300.
ranking.algos.rank_fit - INFO - 28/1000, Change: 4.9034877, Rating 1: 903.1300.
ranking.algos.rank_fit - INFO - 29/1000, Change: 4.5989273, Rating 1: 907.3300.
ranking.algos.rank_fit - INFO - 30/1000, Change: 4.3127287, Rating 1: 911.2600.
ranking.algos.rank_fit - INFO - 31/1000, Change: 4.0459737, Rating 1: 914.9300.
ranking.algos.rank_fit - INFO - 32/1000, Change: 3.7937640, Rating 1: 918.3600.
ranking.algos.rank_fit - INFO - 33/1000, Change: 3.5574787, Rating 1: 921.5700.
ranking.algos.rank_fit - INFO - 34/1000, Change: 3.3365761, Rating 1: 924.5800.
ranking.algos.rank_fit - INFO - 35/1000, Change: 3.1294228, Rating 1: 927.4000.
ranking.algos.rank_fit - INFO - 36/1000, Change: 2.9352469, Rating 1: 930.0300.
ranking.algos.rank_fit - INFO - 37/1000, Change: 2.7530244, Rating 1: 932.5000.
ranking.algos.rank_fit - INFO - 38/1000, Change: 2.5812769, Rating 1: 934.8100.
ranking.algos.rank_fit - INFO - 39/1000, Change: 2.4208123, Rating 1: 936.9800.
ranking.algos.rank_fit - INFO - 40/1000, Change: 2.2704394, Rating 1: 939.0100.
ranking.algos.rank_fit - INFO - 41/1000, Change: 2.1299595, Rating 1: 940.9100.
ranking.algos.rank_fit - INFO - 42/1000, Change: 1.9970684, Rating 1: 942.6900.
ranking.algos.rank_fit - INFO - 43/1000, Change: 1.8736789, Rating 1: 944.3600.
ranking.algos.rank_fit - INFO - 44/1000, Change: 1.7561275, Rating 1: 945.9200.
ranking.algos.rank_fit - INFO - 45/1000, Change: 1.6479215, Rating 1: 947.3900.
ranking.algos.rank_fit - INFO - 46/1000, Change: 1.5446641, Rating 1: 948.7600.
ranking.algos.rank_fit - INFO - 47/1000, Change: 1.4489896, Rating 1: 950.0500.
ranking.algos.rank_fit - INFO - 48/1000, Change: 1.3588420, Rating 1: 951.2600.
ranking.algos.rank_fit - INFO - 49/1000, Change: 1.2753494, Rating 1: 952.3900.
ranking.algos.rank_fit - INFO - 50/1000, Change: 1.1952534, Rating 1: 953.4500.
ranking.algos.rank_fit - INFO - 51/1000, Change: 1.1211335, Rating 1: 954.4500.
ranking.algos.rank_fit - INFO - 52/1000, Change: 1.0510793, Rating 1: 955.3800.
ranking.algos.rank_fit - INFO - 53/1000, Change: 0.9862989, Rating 1: 956.2600.
ranking.algos.rank_fit - INFO - 54/1000, Change: 0.9244964, Rating 1: 957.0800.
ranking.algos.rank_fit - INFO - 55/1000, Change: 0.8671207, Rating 1: 957.8500.
ranking.algos.rank_fit - INFO - 56/1000, Change: 0.8136844, Rating 1: 958.5700.
ranking.algos.rank_fit - INFO - 57/1000, Change: 0.7625816, Rating 1: 959.2500.
ranking.algos.rank_fit - INFO - 58/1000, Change: 0.7153186, Rating 1: 959.8800.
ranking.algos.rank_fit - INFO - 59/1000, Change: 0.6707627, Rating 1: 960.4800.
ranking.algos.rank_fit - INFO - 60/1000, Change: 0.6297375, Rating 1: 961.0400.
ranking.algos.rank_fit - INFO - 61/1000, Change: 0.5904714, Rating 1: 961.5600.
ranking.algos.rank_fit - INFO - 62/1000, Change: 0.5529729, Rating 1: 962.0500.
ranking.algos.rank_fit - INFO - 63/1000, Change: 0.5188433, Rating 1: 962.5100.
ranking.algos.rank_fit - INFO - 64/1000, Change: 0.4863491, Rating 1: 962.9400.
ranking.algos.rank_fit - INFO - 65/1000, Change: 0.4573221, Rating 1: 963.3500.
ranking.algos.rank_fit - INFO - 66/1000, Change: 0.4285497, Rating 1: 963.7300.
ranking.algos.rank_fit - INFO - 67/1000, Change: 0.4011475, Rating 1: 964.0800.
ranking.algos.rank_fit - INFO - 68/1000, Change: 0.3763342, Rating 1: 964.4200.
ranking.algos.rank_fit - INFO - 69/1000, Change: 0.3530238, Rating 1: 964.7300.
ranking.algos.rank_fit - INFO - 70/1000, Change: 0.3305445, Rating 1: 965.0200.
ranking.algos.rank_fit - INFO - 71/1000, Change: 0.3101768, Rating 1: 965.3000.
ranking.algos.rank_fit - INFO - 72/1000, Change: 0.2903252, Rating 1: 965.5600.
ranking.algos.rank_fit - INFO - 73/1000, Change: 0.2733248, Rating 1: 965.8000.
ranking.algos.rank_fit - INFO - 74/1000, Change: 0.2566817, Rating 1: 966.0300.
ranking.algos.rank_fit - INFO - 75/1000, Change: 0.2404867, Rating 1: 966.2400.
ranking.algos.rank_fit - INFO - 76/1000, Change: 0.2251200, Rating 1: 966.4400.
ranking.algos.rank_fit - INFO - 77/1000, Change: 0.2110037, Rating 1: 966.6300.
ranking.algos.rank_fit - INFO - 78/1000, Change: 0.1988069, Rating 1: 966.8000.
ranking.algos.rank_fit - INFO - 79/1000, Change: 0.1856636, Rating 1: 966.9600.
ranking.algos.rank_fit - INFO - 80/1000, Change: 0.1745363, Rating 1: 967.1200.
ranking.algos.rank_fit - INFO - 81/1000, Change: 0.1626990, Rating 1: 967.2600.
ranking.algos.rank_fit - INFO - 82/1000, Change: 0.1536124, Rating 1: 967.4000.
ranking.algos.rank_fit - INFO - 83/1000, Change: 0.1432514, Rating 1: 967.5300.
ranking.algos.rank_fit - INFO - 84/1000, Change: 0.1351522, Rating 1: 967.6500.
ranking.algos.rank_fit - INFO - 85/1000, Change: 0.1259352, Rating 1: 967.7600.
ranking.algos.rank_fit - INFO - 86/1000, Change: 0.1188317, Rating 1: 967.8600.
ranking.algos.rank_fit - INFO - 87/1000, Change: 0.1109926, Rating 1: 967.9600.
ranking.algos.rank_fit - INFO - 88/1000, Change: 0.1041866, Rating 1: 968.0500.
ranking.algos.rank_fit - INFO - 89/1000, Change: 0.0979960, Rating 1: 968.1400.
ranking.algos.rank_fit - INFO - 90/1000, Change: 0.0919151, Rating 1: 968.2200.
ranking.algos.rank_fit - INFO - 91/1000, Change: 0.0865373, Rating 1: 968.3000.
ranking.algos.rank_fit - INFO - 92/1000, Change: 0.0813495, Rating 1: 968.3700.
ranking.algos.rank_fit - INFO - 93/1000, Change: 0.0760624, Rating 1: 968.4400.
ranking.algos.rank_fit - INFO - 94/1000, Change: 0.0712447, Rating 1: 968.5000.
ranking.algos.rank_fit - INFO - 95/1000, Change: 0.0662352, Rating 1: 968.5600.
ranking.algos.rank_fit - INFO - 96/1000, Change: 0.0618922, Rating 1: 968.6100.
ranking.algos.rank_fit - INFO - 97/1000, Change: 0.0597036, Rating 1: 968.6600.
ranking.algos.rank_fit - INFO - 98/1000, Change: 0.0545362, Rating 1: 968.7100.
ranking.algos.rank_fit - INFO - 99/1000, Change: 0.0517749, Rating 1: 968.7600.
ranking.algos.rank_fit - INFO - 100/1000, Change: 0.0480423, Rating 1: 968.8000.
ranking.algos.rank_fit - INFO - 101/1000, Change: 0.0451699, Rating 1: 968.8400.
ranking.algos.rank_fit - INFO - 102/1000, Change: 0.0420637, Rating 1: 968.8800.
ranking.algos.rank_fit - INFO - 103/1000, Change: 0.0394723, Rating 1: 968.9100.
ranking.algos.rank_fit - INFO - 104/1000, Change: 0.0377599, Rating 1: 968.9400.
ranking.algos.rank_fit - INFO - 105/1000, Change: 0.0350576, Rating 1: 968.9700.
ranking.algos.rank_fit - INFO - 106/1000, Change: 0.0323290, Rating 1: 969.0000.
ranking.algos.rank_fit - INFO - 107/1000, Change: 0.0309266, Rating 1: 969.0300.
ranking.algos.rank_fit - INFO - 108/1000, Change: 0.0282272, Rating 1: 969.0600.
ranking.algos.rank_fit - INFO - 109/1000, Change: 0.0267002, Rating 1: 969.0800.
ranking.algos.rank_fit - INFO - 110/1000, Change: 0.0255267, Rating 1: 969.1000.
ranking.algos.rank_fit - INFO - 111/1000, Change: 0.0239287, Rating 1: 969.1200.
ranking.algos.rank_fit - INFO - 112/1000, Change: 0.0218499, Rating 1: 969.1400.
ranking.algos.rank_fit - INFO - 113/1000, Change: 0.0212891, Rating 1: 969.1600.
ranking.algos.rank_fit - INFO - 114/1000, Change: 0.0201606, Rating 1: 969.1800.
ranking.algos.rank_fit - INFO - 115/1000, Change: 0.0184041, Rating 1: 969.1900.
ranking.algos.rank_fit - INFO - 116/1000, Change: 0.0170389, Rating 1: 969.2000.
ranking.algos.rank_fit - INFO - 117/1000, Change: 0.0169915, Rating 1: 969.2200.
ranking.algos.rank_fit - INFO - 118/1000, Change: 0.0154502, Rating 1: 969.2300.
ranking.algos.rank_fit - INFO - 119/1000, Change: 0.0143684, Rating 1: 969.2400.
ranking.algos.rank_fit - INFO - 120/1000, Change: 0.0128891, Rating 1: 969.2500.
ranking.algos.rank_fit - INFO - 121/1000, Change: 0.0124434, Rating 1: 969.2600.
ranking.algos.rank_fit - INFO - 122/1000, Change: 0.0119137, Rating 1: 969.2700.
ranking.algos.rank_fit - INFO - 123/1000, Change: 0.0116398, Rating 1: 969.2800.
ranking.algos.rank_fit - INFO - 124/1000, Change: 0.0112163, Rating 1: 969.2900.
ranking.algos.rank_fit - INFO - 125/1000, Change: 0.0106256, Rating 1: 969.3000.
ranking.algos.rank_fit - INFO - 126/1000, Change: 0.0103175, Rating 1: 969.3100.
ranking.algos.rank_fit - INFO - 127/1000, Change: 0.0099190, Rating 1: 969.3200.
ranking.algos.rank_fit - INFO - 128/1000, Change: 0.0087067, Rating 1: 969.3300.
ranking.algos.rank_fit - INFO - 129/1000, Change: 0.0086136, Rating 1: 969.3400.
ranking.algos.rank_fit - INFO - 130/1000, Change: 0.0080322, Rating 1: 969.3400.
ranking.algos.rank_fit - INFO - 131/1000, Change: 0.0075134, Rating 1: 969.3500.
ranking.algos.rank_fit - INFO - 132/1000, Change: 0.0072956, Rating 1: 969.3500.
ranking.algos.rank_fit - INFO - 133/1000, Change: 0.0067202, Rating 1: 969.3600.
ranking.algos.rank_fit - INFO - 134/1000, Change: 0.0064758, Rating 1: 969.3600.
ranking.algos.rank_fit - INFO - 135/1000, Change: 0.0065991, Rating 1: 969.3700.
ranking.algos.rank_fit - INFO - 136/1000, Change: 0.0063500, Rating 1: 969.3700.
ranking.algos.rank_fit - INFO - 137/1000, Change: 0.0055358, Rating 1: 969.3700.
ranking.algos.rank_fit - INFO - 138/1000, Change: 0.0055358, Rating 1: 969.3700.
ranking.algos.rank_fit - INFO - 139/1000, Change: 0.0060907, Rating 1: 969.3800.
ranking.algos.rank_fit - INFO - 140/1000, Change: 0.0059568, Rating 1: 969.3800.
ranking.algos.rank_fit - INFO - 141/1000, Change: 0.0047519, Rating 1: 969.3800.
ranking.algos.rank_fit - INFO - 142/1000, Change: 0.0047519, Rating 1: 969.3800.
ranking.algos.rank_fit - INFO - 143/1000, Change: 0.0042121, Rating 1: 969.3800.
ranking.algos.rank_fit - INFO - 144/1000, Change: 0.0040161, Rating 1: 969.3800.
ranking.algos.rank_fit - INFO - 145/1000, Change: 0.0042121, Rating 1: 969.3800.
ranking.algos.rank_fit - INFO - 146/1000, Change: 0.0040161, Rating 1: 969.3800.
ranking.algos.rank_fit - INFO - 147/1000, Change: 0.0035921, Rating 1: 969.3800.
ranking.algos.rank_fit - INFO - 148/1000, Change: 0.0038100, Rating 1: 969.3800.
ranking.algos.rank_fit - INFO - 149/1000, Change: 0.0031109, Rating 1: 969.3800.
ranking.algos.rank_fit - INFO - 150/1000, Change: 0.0031109, Rating 1: 969.3800.
ranking.algos.rank_fit - INFO - 151/1000, Change: 0.0035921, Rating 1: 969.3800.
ranking.algos.rank_fit - INFO - 152/1000, Change: 0.0031109, Rating 1: 969.3800.
ranking.algos.rank_fit - INFO - 153/1000, Change: 0.0021997, Rating 1: 969.3800.
ranking.algos.rank_fit - INFO - 154/1000, Change: 0.0025400, Rating 1: 969.3800.
ranking.algos.rank_fit - INFO - 155/1000, Change: 0.0017961, Rating 1: 969.3800.
ranking.algos.rank_fit - INFO - 156/1000, Change: 0.0012700, Rating 1: 969.3800.
ranking.algos.rank_fit - INFO - 157/1000, Change: 0.0000000, Rating 1: 969.3800.
ranking.data_preparation - INFO - RMSE: 302.47, Max Sum Resid: 0.18
ranking.data_preparation - INFO - Applying Windmill algorithm on the EUF-2023-open dataset.
ranking.games_dataset - INFO - Calculating ratings by Windmill.
ranking.data_preparation - INFO - RMSE: 3.85, Max Sum Resid: 0.08
ranking.data_preparation - INFO - Applying Sigmoid algorithm on the EUF-2023-open dataset.
ranking.games_dataset - INFO - Calculating ratings by Sigmoid.
ranking.data_preparation - INFO - RMSE: 3.77, Max Sum Resid: 7.99
ranking.data_preparation - INFO - Output files saved to output/2023.
ranking.data_preparation - INFO - Applying USAU algorithm on the EUF-2023-women dataset.
ranking.games_dataset - INFO - Calculating ratings by USAU.
ranking.algos.rank_fit - INFO - 1/1000, Change: 132.7783584, Rating 1: 275.4400.
ranking.algos.rank_fit - INFO - 2/1000, Change: 65.2245074, Rating 1: 417.0100.
ranking.algos.rank_fit - INFO - 3/1000, Change: 45.1755911, Rating 1: 504.3200.
ranking.algos.rank_fit - INFO - 4/1000, Change: 40.9567981, Rating 1: 564.6300.
ranking.algos.rank_fit - INFO - 5/1000, Change: 32.1728947, Rating 1: 609.1700.
ranking.algos.rank_fit - INFO - 6/1000, Change: 27.2352213, Rating 1: 643.5000.
ranking.algos.rank_fit - INFO - 7/1000, Change: 23.8027721, Rating 1: 670.6600.
ranking.algos.rank_fit - INFO - 8/1000, Change: 21.1478499, Rating 1: 692.4900.
ranking.algos.rank_fit - INFO - 9/1000, Change: 18.8980624, Rating 1: 710.2300.
ranking.algos.rank_fit - INFO - 10/1000, Change: 17.0814179, Rating 1: 724.7900.
ranking.algos.rank_fit - INFO - 11/1000, Change: 15.4591524, Rating 1: 736.8300.
ranking.algos.rank_fit - INFO - 12/1000, Change: 14.0215342, Rating 1: 746.8500.
ranking.algos.rank_fit - INFO - 13/1000, Change: 12.7769299, Rating 1: 755.2400.
ranking.algos.rank_fit - INFO - 14/1000, Change: 11.6508591, Rating 1: 762.3000.
ranking.algos.rank_fit - INFO - 15/1000, Change: 10.6321393, Rating 1: 768.2700.
ranking.algos.rank_fit - INFO - 16/1000, Change: 9.7085668, Rating 1: 773.3400.
ranking.algos.rank_fit - INFO - 17/1000, Change: 8.8682590, Rating 1: 777.6700.
ranking.algos.rank_fit - INFO - 18/1000, Change: 8.1032112, Rating 1: 781.3700.
ranking.algos.rank_fit - INFO - 19/1000, Change: 7.4451511, Rating 1: 784.5500.
ranking.algos.rank_fit - INFO - 20/1000, Change: 6.8345663, Rating 1: 787.3300.
ranking.algos.rank_fit - INFO - 21/1000, Change: 6.2945466, Rating 1: 789.7500.
ranking.algos.rank_fit - INFO - 22/1000, Change: 5.7991839, Rating 1: 791.8700.
ranking.algos.rank_fit - INFO - 23/1000, Change: 5.3436988, Rating 1: 793.7400.
ranking.algos.rank_fit - INFO - 24/1000, Change: 4.9240935, Rating 1: 795.3900.
ranking.algos.rank_fit - INFO - 25/1000, Change: 4.5370642, Rating 1: 796.8600.
ranking.algos.rank_fit - INFO - 26/1000, Change: 4.1822810, Rating 1: 798.1700.
ranking.algos.rank_fit - INFO - 27/1000, Change: 3.8542856, Rating 1: 799.3500.
ranking.algos.rank_fit - INFO - 28/1000, Change: 3.5514633, Rating 1: 800.4200.
ranking.algos.rank_fit - INFO - 29/1000, Change: 3.2895401, Rating 1: 801.3900.
ranking.algos.rank_fit - INFO - 30/1000, Change: 3.0480528, Rating 1: 802.2900.
ranking.algos.rank_fit - INFO - 31/1000, Change: 2.8665843, Rating 1: 803.1300.
ranking.algos.rank_fit - INFO - 32/1000, Change: 2.6957808, Rating 1: 803.9100.
ranking.algos.rank_fit - INFO - 33/1000, Change: 2.5354498, Rating 1: 804.6400.
ranking.algos.rank_fit - INFO - 34/1000, Change: 2.3831144, Rating 1: 805.3300.
ranking.algos.rank_fit - INFO - 35/1000, Change: 2.2397481, Rating 1: 805.9800.
ranking.algos.rank_fit - INFO - 36/1000, Change: 2.1064364, Rating 1: 806.6100.
ranking.algos.rank_fit - INFO - 37/1000, Change: 1.9796205, Rating 1: 807.2100.
ranking.algos.rank_fit - INFO - 38/1000, Change: 1.8621094, Rating 1: 807.7900.
ranking.algos.rank_fit - INFO - 39/1000, Change: 1.7513636, Rating 1: 808.3500.
ranking.algos.rank_fit - INFO - 40/1000, Change: 1.6465939, Rating 1: 808.8800.
ranking.algos.rank_fit - INFO - 41/1000, Change: 1.5487211, Rating 1: 809.3900.
ranking.algos.rank_fit - INFO - 42/1000, Change: 1.4565850, Rating 1: 809.8800.
ranking.algos.rank_fit - INFO - 43/1000, Change: 1.3704587, Rating 1: 810.3500.
ranking.algos.rank_fit - INFO - 44/1000, Change: 1.2884886, Rating 1: 810.8000.
ranking.algos.rank_fit - INFO - 45/1000, Change: 1.2117732, Rating 1: 811.2300.
ranking.algos.rank_fit - INFO - 46/1000, Change: 1.1403195, Rating 1: 811.6500.
ranking.algos.rank_fit - INFO - 47/1000, Change: 1.0729758, Rating 1: 812.0400.
ranking.algos.rank_fit - INFO - 48/1000, Change: 1.0090222, Rating 1: 812.4100.
ranking.algos.rank_fit - INFO - 49/1000, Change: 0.9482812, Rating 1: 812.7700.
ranking.algos.rank_fit - INFO - 50/1000, Change: 0.8938552, Rating 1: 813.1000.
ranking.algos.rank_fit - INFO - 51/1000, Change: 0.8402075, Rating 1: 813.4200.
ranking.algos.rank_fit - INFO - 52/1000, Change: 0.7900904, Rating 1: 813.7300.
ranking.algos.rank_fit - INFO - 53/1000, Change: 0.7431689, Rating 1: 814.0200.
ranking.algos.rank_fit - INFO - 54/1000, Change: 0.6988726, Rating 1: 814.2900.
ranking.algos.rank_fit - INFO - 55/1000, Change: 0.6589602, Rating 1: 814.5500.
ranking.algos.rank_fit - INFO - 56/1000, Change: 0.6189576, Rating 1: 814.8000.
ranking.algos.rank_fit - INFO - 57/1000, Change: 0.5811761, Rating 1: 815.0300.
ranking.algos.rank_fit - INFO - 58/1000, Change: 0.5467880, Rating 1: 815.2500.
ranking.algos.rank_fit - INFO - 59/1000, Change: 0.5151421, Rating 1: 815.4600.
ranking.algos.rank_fit - INFO - 60/1000, Change: 0.4833041, Rating 1: 815.6500.
ranking.algos.rank_fit - INFO - 61/1000, Change: 0.4557506, Rating 1: 815.8300.
ranking.algos.rank_fit - INFO - 62/1000, Change: 0.4280053, Rating 1: 816.0100.
ranking.algos.rank_fit - INFO - 63/1000, Change: 0.4025384, Rating 1: 816.1700.
ranking.algos.rank_fit - INFO - 64/1000, Change: 0.3791494, Rating 1: 816.3300.
ranking.algos.rank_fit - INFO - 65/1000, Change: 0.3567953, Rating 1: 816.4800.
ranking.algos.rank_fit - INFO - 66/1000, Change: 0.3349030, Rating 1: 816.6200.
ranking.algos.rank_fit - INFO - 67/1000, Change: 0.3157485, Rating 1: 816.7500.
ranking.algos.rank_fit - INFO - 68/1000, Change: 0.2965516, Rating 1: 816.8700.
ranking.algos.rank_fit - INFO - 69/1000, Change: 0.2783215, Rating 1: 816.9900.
ranking.algos.rank_fit - INFO - 70/1000, Change: 0.2612880, Rating 1: 817.1000.
ranking.algos.rank_fit - INFO - 71/1000, Change: 0.2456711, Rating 1: 817.2000.
ranking.algos.rank_fit - INFO - 72/1000, Change: 0.2319544, Rating 1: 817.3000.
ranking.algos.rank_fit - INFO - 73/1000, Change: 0.2183117, Rating 1: 817.3900.
ranking.algos.rank_fit - INFO - 74/1000, Change: 0.2055307, Rating 1: 817.4800.
ranking.algos.rank_fit - INFO - 75/1000, Change: 0.1927322, Rating 1: 817.5600.
ranking.algos.rank_fit - INFO - 76/1000, Change: 0.1809104, Rating 1: 817.6400.
ranking.algos.rank_fit - INFO - 77/1000, Change: 0.1705621, Rating 1: 817.7100.
ranking.algos.rank_fit - INFO - 78/1000, Change: 0.1596872, Rating 1: 817.7800.
ranking.algos.rank_fit - INFO - 79/1000, Change: 0.1509872, Rating 1: 817.8500.
ranking.algos.rank_fit - INFO - 80/1000, Change: 0.1406211, Rating 1: 817.9100.
ranking.algos.rank_fit - INFO - 81/1000, Change: 0.1332130, Rating 1: 817.9700.
ranking.algos.rank_fit - INFO - 82/1000, Change: 0.1254136, Rating 1: 818.0200.
ranking.algos.rank_fit - INFO - 83/1000, Change: 0.1176314, Rating 1: 818.0700.
ranking.algos.rank_fit - INFO - 84/1000, Change: 0.1109569, Rating 1: 818.1200.
ranking.algos.rank_fit - INFO - 85/1000, Change: 0.1036340, Rating 1: 818.1700.
ranking.algos.rank_fit - INFO - 86/1000, Change: 0.0983434, Rating 1: 818.2100.
ranking.algos.rank_fit - INFO - 87/1000, Change: 0.0915891, Rating 1: 818.2500.
ranking.algos.rank_fit - INFO - 88/1000, Change: 0.0871780, Rating 1: 818.2900.
ranking.algos.rank_fit - INFO - 89/1000, Change: 0.0819407, Rating 1: 818.3200.
ranking.algos.rank_fit - INFO - 90/1000, Change: 0.0764199, Rating 1: 818.3500.
ranking.algos.rank_fit - INFO - 91/1000, Change: 0.0718530, Rating 1: 818.3800.
ranking.algos.rank_fit - INFO - 92/1000, Change: 0.0677812, Rating 1: 818.4100.
ranking.algos.rank_fit - INFO - 93/1000, Change: 0.0633358, Rating 1: 818.4400.
ranking.algos.rank_fit - INFO - 94/1000, Change: 0.0598808, Rating 1: 818.4700.
ranking.algos.rank_fit - INFO - 95/1000, Change: 0.0566443, Rating 1: 818.4900.
ranking.algos.rank_fit - INFO - 96/1000, Change: 0.0531574, Rating 1: 818.5200.
ranking.algos.rank_fit - INFO - 97/1000, Change: 0.0496560, Rating 1: 818.5400.
ranking.algos.rank_fit - INFO - 98/1000, Change: 0.0473588, Rating 1: 818.5600.
ranking.algos.rank_fit - INFO - 99/1000, Change: 0.0440779, Rating 1: 818.5800.
ranking.algos.rank_fit - INFO - 100/1000, Change: 0.0410575, Rating 1: 818.6000.
ranking.algos.rank_fit - INFO - 101/1000, Change: 0.0384708, Rating 1: 818.6100.
ranking.algos.rank_fit - INFO - 102/1000, Change: 0.0363318, Rating 1: 818.6300.
ranking.algos.rank_fit - INFO - 103/1000, Change: 0.0346410, Rating 1: 818.6400.
ranking.algos.rank_fit - INFO - 104/1000, Change: 0.0319821, Rating 1: 818.6500.
ranking.algos.rank_fit - INFO - 105/1000, Change: 0.0296166, Rating 1: 818.6700.
ranking.algos.rank_fit - INFO - 106/1000, Change: 0.0291302, Rating 1: 818.6800.
ranking.algos.rank_fit - INFO - 107/1000, Change: 0.0267795, Rating 1: 818.6900.
ranking.algos.rank_fit - INFO - 108/1000, Change: 0.0258567, Rating 1: 818.7000.
ranking.algos.rank_fit - INFO - 109/1000, Change: 0.0244949, Rating 1: 818.7100.
ranking.algos.rank_fit - INFO - 110/1000, Change: 0.0222325, Rating 1: 818.7200.
ranking.algos.rank_fit - INFO - 111/1000, Change: 0.0216465, Rating 1: 818.7300.
ranking.algos.rank_fit - INFO - 112/1000, Change: 0.0194936, Rating 1: 818.7400.
ranking.algos.rank_fit - INFO - 113/1000, Change: 0.0182835, Rating 1: 818.7500.
ranking.algos.rank_fit - INFO - 114/1000, Change: 0.0168184, Rating 1: 818.7600.
ranking.algos.rank_fit - INFO - 115/1000, Change: 0.0158565, Rating 1: 818.7600.
ranking.algos.rank_fit - INFO - 116/1000, Change: 0.0154919, Rating 1: 818.7700.
ranking.algos.rank_fit - INFO - 117/1000, Change: 0.0150238, Rating 1: 818.7700.
ranking.algos.rank_fit - INFO - 118/1000, Change: 0.0142428, Rating 1: 818.7800.
ranking.algos.rank_fit - INFO - 119/1000, Change: 0.0129835, Rating 1: 818.7800.
ranking.algos.rank_fit - INFO - 120/1000, Change: 0.0124212, Rating 1: 818.7900.
ranking.algos.rank_fit - INFO - 121/1000, Change: 0.0124212, Rating 1: 818.7900.
ranking.algos.rank_fit - INFO - 122/1000, Change: 0.0117108, Rating 1: 818.8000.
ranking.algos.rank_fit - INFO - 123/1000, Change: 0.0112122, Rating 1: 818.8000.
ranking.algos.rank_fit - INFO - 124/1000, Change: 0.0106904, Rating 1: 818.8100.
ranking.algos.rank_fit - INFO - 125/1000, Change: 0.0102817, Rating 1: 818.8100.
ranking.algos.rank_fit - INFO - 126/1000, Change: 0.0094112, Rating 1: 818.8200.
ranking.algos.rank_fit - INFO - 127/1000, Change: 0.0079282, Rating 1: 818.8200.
ranking.algos.rank_fit - INFO - 128/1000, Change: 0.0081064, Rating 1: 818.8300.
ranking.algos.rank_fit - INFO - 129/1000, Change: 0.0071714, Rating 1: 818.8300.
ranking.algos.rank_fit - INFO - 130/1000, Change: 0.0065465, Rating 1: 818.8300.
ranking.algos.rank_fit - INFO - 131/1000, Change: 0.0067612, Rating 1: 818.8300.
ranking.algos.rank_fit - INFO - 132/1000, Change: 0.0069693, Rating 1: 818.8300.
ranking.algos.rank_fit - INFO - 133/1000, Change: 0.0056061, Rating 1: 818.8300.
ranking.algos.rank_fit - INFO - 134/1000, Change: 0.0053452, Rating 1: 818.8300.
ranking.algos.rank_fit - INFO - 135/1000, Change: 0.0056061, Rating 1: 818.8300.
ranking.algos.rank_fit - INFO - 136/1000, Change: 0.0050709, Rating 1: 818.8300.
ranking.algos.rank_fit - INFO - 137/1000, Change: 0.0053452, Rating 1: 818.8300.
ranking.algos.rank_fit - INFO - 138/1000, Change: 0.0056061, Rating 1: 818.8300.
ranking.algos.rank_fit - INFO - 139/1000, Change: 0.0041404, Rating 1: 818.8300.
ranking.algos.rank_fit - INFO - 140/1000, Change: 0.0041404, Rating 1: 818.8300.
ranking.algos.rank_fit - INFO - 141/1000, Change: 0.0056061, Rating 1: 818.8300.
ranking.algos.rank_fit - INFO - 142/1000, Change: 0.0044721, Rating 1: 818.8300.
ranking.algos.rank_fit - INFO - 143/1000, Change: 0.0044721, Rating 1: 818.8300.
ranking.algos.rank_fit - INFO - 144/1000, Change: 0.0037796, Rating 1: 818.8300.
ranking.algos.rank_fit - INFO - 145/1000, Change: 0.0041404, Rating 1: 818.8300.
ranking.algos.rank_fit - INFO - 146/1000, Change: 0.0037796, Rating 1: 818.8300.
ranking.algos.rank_fit - INFO - 147/1000, Change: 0.0041404, Rating 1: 818.8300.
ranking.algos.rank_fit - INFO - 148/1000, Change: 0.0037796, Rating 1: 818.8300.
ranking.algos.rank_fit - INFO - 149/1000, Change: 0.0037796, Rating 1: 818.8300.
ranking.algos.rank_fit - INFO - 150/1000, Change: 0.0033806, Rating 1: 818.8300.
ranking.algos.rank_fit - INFO - 151/1000, Change: 0.0033806, Rating 1: 818.8300.
ranking.algos.rank_fit - INFO - 152/1000, Change: 0.0033806, Rating 1: 818.8300.
ranking.algos.rank_fit - INFO - 153/1000, Change: 0.0016903, Rating 1: 818.8300.
ranking.algos.rank_fit - INFO - 154/1000, Change: 0.0029277, Rating 1: 818.8300.
ranking.algos.rank_fit - INFO - 155/1000, Change: 0.0023905, Rating 1: 818.8300.
ranking.algos.rank_fit - INFO - 156/1000, Change: 0.0016903, Rating 1: 818.8300.
ranking.algos.rank_fit - INFO - 157/1000, Change: 0.0000000, Rating 1: 818.8300.
ranking.data_preparation - INFO - RMSE: 293.00, Max Sum Resid: 0.18
ranking.data_preparation - INFO - Applying Windmill algorithm on the EUF-2023-women dataset.
ranking.games_dataset - INFO - Calculating ratings by Windmill.
ranking.data_preparation - INFO - RMSE: 3.34, Max Sum Resid: 0.08
ranking.data_preparation - INFO - Applying Sigmoid algorithm on the EUF-2023-women dataset.
ranking.games_dataset - INFO - Calculating ratings by Sigmoid.
ranking.data_preparation - INFO - RMSE: 2.95, Max Sum Resid: 15.10
ranking.data_preparation - INFO - Output files saved to output/2023.
