ranking.data_preparation - INFO - Applying USAU algorithm on the EUF-2023-mixed dataset.
ranking.games_dataset - INFO - Calculating ratings by USAU.
ranking.algos.rank_fit - INFO - 1/1000, Change: 128.7813236, Rating 1: 269.8400.
ranking.algos.rank_fit - INFO - 2/1000, Change: 80.0921072, Rating 1: 408.0600.
ranking.algos.rank_fit - INFO - 3/1000, Change: 55.8464084, Rating 1: 530.0600.
ranking.algos.rank_fit - INFO - 4/1000, Change: 43.4935273, Rating 1: 619.7800.
ranking.algos.rank_fit - INFO - 5/1000, Change: 35.5240647, Rating 1: 688.7400.
ranking.algos.rank_fit - INFO - 6/1000, Change: 29.0530674, Rating 1: 744.7800.
ranking.algos.rank_fit - INFO - 7/1000, Change: 24.3918183, Rating 1: 790.7300.
ranking.algos.rank_fit - INFO - 8/1000, Change: 21.1431597, Rating 1: 829.1300.
ranking.algos.rank_fit - INFO - 9/1000, Change: 18.3591085, Rating 1: 861.8900.
ranking.algos.rank_fit - INFO - 10/1000, Change: 15.8074659, Rating 1: 889.7600.
ranking.algos.rank_fit - INFO - 11/1000, Change: 13.6684056, Rating 1: 913.5600.
ranking.algos.rank_fit - INFO - 12/1000, Change: 11.9192081, Rating 1: 934.0100.
ranking.algos.rank_fit - INFO - 13/1000, Change: 10.3866126, Rating 1: 951.6800.
ranking.algos.rank_fit - INFO - 14/1000, Change: 9.2730901, Rating 1: 967.0100.
ranking.algos.rank_fit - INFO - 15/1000, Change: 8.2735691, Rating 1: 980.4900.
ranking.algos.rank_fit - INFO - 16/1000, Change: 7.3400295, Rating 1: 992.7000.
ranking.algos.rank_fit - INFO - 17/1000, Change: 6.5102275, Rating 1: 1003.5700.
ranking.algos.rank_fit - INFO - 18/1000, Change: 5.7715334, Rating 1: 1013.1900.
ranking.algos.rank_fit - INFO - 19/1000, Change: 5.1176080, Rating 1: 1021.6900.
ranking.algos.rank_fit - INFO - 20/1000, Change: 4.5386347, Rating 1: 1029.2100.
ranking.algos.rank_fit - INFO - 21/1000, Change: 4.0242740, Rating 1: 1035.8600.
ranking.algos.rank_fit - INFO - 22/1000, Change: 3.5688290, Rating 1: 1041.7400.
ranking.algos.rank_fit - INFO - 23/1000, Change: 3.1657783, Rating 1: 1046.9400.
ranking.algos.rank_fit - INFO - 24/1000, Change: 2.8079309, Rating 1: 1051.5500.
ranking.algos.rank_fit - INFO - 25/1000, Change: 2.4900320, Rating 1: 1055.6400.
ranking.algos.rank_fit - INFO - 26/1000, Change: 2.2104934, Rating 1: 1059.2600.
ranking.algos.rank_fit - INFO - 27/1000, Change: 1.9637785, Rating 1: 1062.4700.
ranking.algos.rank_fit - INFO - 28/1000, Change: 1.7419584, Rating 1: 1065.3100.
ranking.algos.rank_fit - INFO - 29/1000, Change: 1.5454264, Rating 1: 1067.8300.
ranking.algos.rank_fit - INFO - 30/1000, Change: 1.3726955, Rating 1: 1070.0700.
ranking.algos.rank_fit - INFO - 31/1000, Change: 1.2185090, Rating 1: 1072.0600.
ranking.algos.rank_fit - INFO - 32/1000, Change: 1.0826225, Rating 1: 1073.8300.
ranking.algos.rank_fit - INFO - 33/1000, Change: 0.9612504, Rating 1: 1075.4000.
ranking.algos.rank_fit - INFO - 34/1000, Change: 0.8563405, Rating 1: 1076.7900.
ranking.algos.rank_fit - INFO - 35/1000, Change: 0.7600705, Rating 1: 1078.0300.
ranking.algos.rank_fit - INFO - 36/1000, Change: 0.6744292, Rating 1: 1079.1200.
ranking.algos.rank_fit - INFO - 37/1000, Change: 0.5998373, Rating 1: 1080.0900.
ranking.algos.rank_fit - INFO - 38/1000, Change: 0.5320759, Rating 1: 1080.9600.
ranking.algos.rank_fit - INFO - 39/1000, Change: 0.4721481, Rating 1: 1081.7300.
ranking.algos.rank_fit - INFO - 40/1000, Change: 0.4185491, Rating 1: 1082.4100.
ranking.algos.rank_fit - INFO - 41/1000, Change: 0.3716149, Rating 1: 1083.0100.
ranking.algos.rank_fit - INFO - 42/1000, Change: 0.3304038, Rating 1: 1083.5500.
ranking.algos.rank_fit - INFO - 43/1000, Change: 0.2926561, Rating 1: 1084.0200.
ranking.algos.rank_fit - INFO - 44/1000, Change: 0.2611422, Rating 1: 1084.4400.
ranking.algos.rank_fit - INFO - 45/1000, Change: 0.2307390, Rating 1: 1084.8200.
ranking.algos.rank_fit - INFO - 46/1000, Change: 0.2041591, Rating 1: 1085.1500.
ranking.algos.rank_fit - INFO - 47/1000, Change: 0.1825611, Rating 1: 1085.4500.
ranking.algos.rank_fit - INFO - 48/1000, Change: 0.1618494, Rating 1: 1085.7100.
ranking.algos.rank_fit - INFO - 49/1000, Change: 0.1424864, Rating 1: 1085.9400.
ranking.algos.rank_fit - INFO - 50/1000, Change: 0.1261235, Rating 1: 1086.1500.
ranking.algos.rank_fit - INFO - 51/1000, Change: 0.1122921, Rating 1: 1086.3300.
ranking.algos.rank_fit - INFO - 52/1000, Change: 0.0997616, Rating 1: 1086.4900.
ranking.algos.rank_fit - INFO - 53/1000, Change: 0.0891761, Rating 1: 1086.6400.
ranking.algos.rank_fit - INFO - 54/1000, Change: 0.0787552, Rating 1: 1086.7700.
ranking.algos.rank_fit - INFO - 55/1000, Change: 0.0705084, Rating 1: 1086.8800.
ranking.algos.rank_fit - INFO - 56/1000, Change: 0.0613538, Rating 1: 1086.9800.
ranking.algos.rank_fit - INFO - 57/1000, Change: 0.0555921, Rating 1: 1087.0700.
ranking.algos.rank_fit - INFO - 58/1000, Change: 0.0494734, Rating 1: 1087.1500.
ranking.algos.rank_fit - INFO - 59/1000, Change: 0.0434248, Rating 1: 1087.2200.
ranking.algos.rank_fit - INFO - 60/1000, Change: 0.0386375, Rating 1: 1087.2800.
ranking.algos.rank_fit - INFO - 61/1000, Change: 0.0345033, Rating 1: 1087.3400.
ranking.algos.rank_fit - INFO - 62/1000, Change: 0.0307060, Rating 1: 1087.3900.
ranking.algos.rank_fit - INFO - 63/1000, Change: 0.0268594, Rating 1: 1087.4300.
ranking.algos.rank_fit - INFO - 64/1000, Change: 0.0240040, Rating 1: 1087.4700.
ranking.algos.rank_fit - INFO - 65/1000, Change: 0.0214365, Rating 1: 1087.5000.
ranking.algos.rank_fit - INFO - 66/1000, Change: 0.0183225, Rating 1: 1087.5300.
ranking.algos.rank_fit - INFO - 67/1000, Change: 0.0166190, Rating 1: 1087.5600.
ranking.algos.rank_fit - INFO - 68/1000, Change: 0.0145569, Rating 1: 1087.5800.
ranking.algos.rank_fit - INFO - 69/1000, Change: 0.0135401, Rating 1: 1087.6000.
ranking.algos.rank_fit - INFO - 70/1000, Change: 0.0112335, Rating 1: 1087.6200.
ranking.algos.rank_fit - INFO - 71/1000, Change: 0.0100000, Rating 1: 1087.6400.
ranking.algos.rank_fit - INFO - 72/1000, Change: 0.0088641, Rating 1: 1087.6500.
ranking.algos.rank_fit - INFO - 73/1000, Change: 0.0091287, Rating 1: 1087.6600.
ranking.algos.rank_fit - INFO - 74/1000, Change: 0.0078680, Rating 1: 1087.6700.
ranking.algos.rank_fit - INFO - 75/1000, Change: 0.0081650, Rating 1: 1087.6800.
ranking.algos.rank_fit - INFO - 76/1000, Change: 0.0080178, Rating 1: 1087.6900.
ranking.algos.rank_fit - INFO - 77/1000, Change: 0.0070711, Rating 1: 1087.7000.
ranking.algos.rank_fit - INFO - 78/1000, Change: 0.0057735, Rating 1: 1087.7100.
ranking.algos.rank_fit - INFO - 79/1000, Change: 0.0057735, Rating 1: 1087.7200.
ranking.algos.rank_fit - INFO - 80/1000, Change: 0.0048795, Rating 1: 1087.7300.
ranking.algos.rank_fit - INFO - 81/1000, Change: 0.0046291, Rating 1: 1087.7400.
ranking.algos.rank_fit - INFO - 82/1000, Change: 0.0043644, Rating 1: 1087.7400.
ranking.algos.rank_fit - INFO - 83/1000, Change: 0.0037796, Rating 1: 1087.7400.
ranking.algos.rank_fit - INFO - 84/1000, Change: 0.0021822, Rating 1: 1087.7400.
ranking.algos.rank_fit - INFO - 85/1000, Change: 0.0021822, Rating 1: 1087.7500.
ranking.algos.rank_fit - INFO - 86/1000, Change: 0.0021822, Rating 1: 1087.7500.
ranking.algos.rank_fit - INFO - 87/1000, Change: 0.0000000, Rating 1: 1087.7500.
ranking.data_preparation - INFO - RMSE: 300.00, Max Sum Resid: 0.25
ranking.data_preparation - INFO - Applying Windmill algorithm on the EUF-2023-mixed dataset.
ranking.games_dataset - INFO - Calculating ratings by Windmill.
ranking.data_preparation - INFO - RMSE: 3.68, Max Sum Resid: 0.13
ranking.data_preparation - INFO - Applying Sigmoid algorithm on the EUF-2023-mixed dataset.
ranking.games_dataset - INFO - Calculating ratings by Sigmoid.
ranking.data_preparation - INFO - RMSE: 3.56, Max Sum Resid: 6.38
ranking.data_preparation - INFO - Output files saved to output/2023.
ranking.data_preparation - INFO - Applying USAU algorithm on the EUF-2023-open dataset.
ranking.games_dataset - INFO - Calculating ratings by USAU.
ranking.algos.rank_fit - INFO - 1/1000, Change: 119.3076968, Rating 1: 244.6800.
ranking.algos.rank_fit - INFO - 2/1000, Change: 65.3598047, Rating 1: 385.5200.
ranking.algos.rank_fit - INFO - 3/1000, Change: 45.6416977, Rating 1: 471.5200.
ranking.algos.rank_fit - INFO - 4/1000, Change: 37.8451529, Rating 1: 545.5600.
ranking.algos.rank_fit - INFO - 5/1000, Change: 31.9677031, Rating 1: 602.4800.
ranking.algos.rank_fit - INFO - 6/1000, Change: 27.9548515, Rating 1: 647.4600.
ranking.algos.rank_fit - INFO - 7/1000, Change: 25.0327525, Rating 1: 684.0400.
ranking.algos.rank_fit - INFO - 8/1000, Change: 22.2732711, Rating 1: 714.7000.
ranking.algos.rank_fit - INFO - 9/1000, Change: 20.2407658, Rating 1: 740.6400.
ranking.algos.rank_fit - INFO - 10/1000, Change: 18.3535021, Rating 1: 762.9900.
ranking.algos.rank_fit - INFO - 11/1000, Change: 16.6766782, Rating 1: 782.5100.
ranking.algos.rank_fit - INFO - 12/1000, Change: 15.1352161, Rating 1: 799.7100.
ranking.algos.rank_fit - INFO - 13/1000, Change: 13.7416652, Rating 1: 815.0100.
ranking.algos.rank_fit - INFO - 14/1000, Change: 12.5229939, Rating 1: 828.6700.
ranking.algos.rank_fit - INFO - 15/1000, Change: 11.4142450, Rating 1: 841.1200.
ranking.algos.rank_fit - INFO - 16/1000, Change: 10.3825898, Rating 1: 852.3700.
ranking.algos.rank_fit - INFO - 17/1000, Change: 9.4420531, Rating 1: 862.5100.
ranking.algos.rank_fit - INFO - 18/1000, Change: 8.6210588, Rating 1: 871.6600.
ranking.algos.rank_fit - INFO - 19/1000, Change: 7.8413366, Rating 1: 880.0500.
ranking.algos.rank_fit - INFO - 20/1000, Change: 7.1328394, Rating 1: 887.6800.
ranking.algos.rank_fit - INFO - 21/1000, Change: 6.4889905, Rating 1: 894.6100.
ranking.algos.rank_fit - INFO - 22/1000, Change: 5.9029320, Rating 1: 900.8900.
ranking.algos.rank_fit - INFO - 23/1000, Change: 5.3711795, Rating 1: 906.6000.
ranking.algos.rank_fit - INFO - 24/1000, Change: 4.8860057, Rating 1: 911.7800.
ranking.algos.rank_fit - INFO - 25/1000, Change: 4.4448955, Rating 1: 916.4900.
ranking.algos.rank_fit - INFO - 26/1000, Change: 4.0437112, Rating 1: 920.7600.
ranking.algos.rank_fit - INFO - 27/1000, Change: 3.6778427, Rating 1: 924.6400.
ranking.algos.rank_fit - INFO - 28/1000, Change: 3.3457174, Rating 1: 928.1700.
ranking.algos.rank_fit - INFO - 29/1000, Change: 3.0429755, Rating 1: 931.3800.
ranking.algos.rank_fit - INFO - 30/1000, Change: 2.8378036, Rating 1: 934.2900.
ranking.algos.rank_fit - INFO - 31/1000, Change: 2.6194302, Rating 1: 936.9400.
ranking.algos.rank_fit - INFO - 32/1000, Change: 2.3747281, Rating 1: 939.3500.
ranking.algos.rank_fit - INFO - 33/1000, Change: 2.1550295, Rating 1: 941.5400.
ranking.algos.rank_fit - INFO - 34/1000, Change: 1.9584683, Rating 1: 943.5300.
ranking.algos.rank_fit - INFO - 35/1000, Change: 1.7779354, Rating 1: 945.3300.
ranking.algos.rank_fit - INFO - 36/1000, Change: 1.6168720, Rating 1: 946.9700.
ranking.algos.rank_fit - INFO - 37/1000, Change: 1.4684934, Rating 1: 948.4600.
ranking.algos.rank_fit - INFO - 38/1000, Change: 1.3347901, Rating 1: 949.8200.
ranking.algos.rank_fit - INFO - 39/1000, Change: 1.2129844, Rating 1: 951.0500.
ranking.algos.rank_fit - INFO - 40/1000, Change: 1.1019935, Rating 1: 952.1700.
ranking.algos.rank_fit - INFO - 41/1000, Change: 1.0018525, Rating 1: 953.1900.
ranking.algos.rank_fit - INFO - 42/1000, Change: 0.9098626, Rating 1: 954.1200.
ranking.algos.rank_fit - INFO - 43/1000, Change: 0.8270920, Rating 1: 954.9600.
ranking.algos.rank_fit - INFO - 44/1000, Change: 0.7519960, Rating 1: 955.7200.
ranking.algos.rank_fit - INFO - 45/1000, Change: 0.6838631, Rating 1: 956.4200.
ranking.algos.rank_fit - INFO - 46/1000, Change: 0.6205575, Rating 1: 957.0500.
ranking.algos.rank_fit - INFO - 47/1000, Change: 0.5653723, Rating 1: 957.6200.
ranking.algos.rank_fit - INFO - 48/1000, Change: 0.5136025, Rating 1: 958.1400.
ranking.algos.rank_fit - INFO - 49/1000, Change: 0.4660785, Rating 1: 958.6200.
ranking.algos.rank_fit - INFO - 50/1000, Change: 0.4242272, Rating 1: 959.0500.
ranking.algos.rank_fit - INFO - 51/1000, Change: 0.3848106, Rating 1: 959.4400.
ranking.algos.rank_fit - INFO - 52/1000, Change: 0.3500684, Rating 1: 959.7900.
ranking.algos.rank_fit - INFO - 53/1000, Change: 0.3184925, Rating 1: 960.1200.
ranking.algos.rank_fit - INFO - 54/1000, Change: 0.2889132, Rating 1: 960.4100.
ranking.algos.rank_fit - INFO - 55/1000, Change: 0.2631381, Rating 1: 960.6800.
ranking.algos.rank_fit - INFO - 56/1000, Change: 0.2386856, Rating 1: 960.9200.
ranking.algos.rank_fit - INFO - 57/1000, Change: 0.2176723, Rating 1: 961.1400.
ranking.algos.rank_fit - INFO - 58/1000, Change: 0.1973470, Rating 1: 961.3400.
ranking.algos.rank_fit - INFO - 59/1000, Change: 0.1796756, Rating 1: 961.5300.
ranking.algos.rank_fit - INFO - 60/1000, Change: 0.1642407, Rating 1: 961.7000.
ranking.algos.rank_fit - INFO - 61/1000, Change: 0.1480358, Rating 1: 961.8500.
ranking.algos.rank_fit - INFO - 62/1000, Change: 0.1351157, Rating 1: 961.9900.
ranking.algos.rank_fit - INFO - 63/1000, Change: 0.1226954, Rating 1: 962.1100.
ranking.algos.rank_fit - INFO - 64/1000, Change: 0.1102459, Rating 1: 962.2200.
ranking.algos.rank_fit - INFO - 65/1000, Change: 0.1013965, Rating 1: 962.3200.
ranking.algos.rank_fit - INFO - 66/1000, Change: 0.0923535, Rating 1: 962.4200.
ranking.algos.rank_fit - INFO - 67/1000, Change: 0.0836037, Rating 1: 962.5000.
ranking.algos.rank_fit - INFO - 68/1000, Change: 0.0762671, Rating 1: 962.5800.
ranking.algos.rank_fit - INFO - 69/1000, Change: 0.0689354, Rating 1: 962.6500.
ranking.algos.rank_fit - INFO - 70/1000, Change: 0.0619307, Rating 1: 962.7100.
ranking.algos.rank_fit - INFO - 71/1000, Change: 0.0571001, Rating 1: 962.7700.
ranking.algos.rank_fit - INFO - 72/1000, Change: 0.0510922, Rating 1: 962.8200.
ranking.algos.rank_fit - INFO - 73/1000, Change: 0.0473462, Rating 1: 962.8700.
ranking.algos.rank_fit - INFO - 74/1000, Change: 0.0425000, Rating 1: 962.9100.
ranking.algos.rank_fit - INFO - 75/1000, Change: 0.0385951, Rating 1: 962.9500.
ranking.algos.rank_fit - INFO - 76/1000, Change: 0.0351485, Rating 1: 962.9900.
ranking.algos.rank_fit - INFO - 77/1000, Change: 0.0321779, Rating 1: 963.0200.
ranking.algos.rank_fit - INFO - 78/1000, Change: 0.0285044, Rating 1: 963.0500.
ranking.algos.rank_fit - INFO - 79/1000, Change: 0.0256174, Rating 1: 963.0800.
ranking.algos.rank_fit - INFO - 80/1000, Change: 0.0235850, Rating 1: 963.1000.
ranking.algos.rank_fit - INFO - 81/1000, Change: 0.0217466, Rating 1: 963.1200.
ranking.algos.rank_fit - INFO - 82/1000, Change: 0.0198431, Rating 1: 963.1400.
ranking.algos.rank_fit - INFO - 83/1000, Change: 0.0179118, Rating 1: 963.1600.
ranking.algos.rank_fit - INFO - 84/1000, Change: 0.0171391, Rating 1: 963.1800.
ranking.algos.rank_fit - INFO - 85/1000, Change: 0.0156791, Rating 1: 963.2000.
ranking.algos.rank_fit - INFO - 86/1000, Change: 0.0145774, Rating 1: 963.2100.
ranking.algos.rank_fit - INFO - 87/1000, Change: 0.0125831, Rating 1: 963.2200.
ranking.algos.rank_fit - INFO - 88/1000, Change: 0.0110868, Rating 1: 963.2300.
ranking.algos.rank_fit - INFO - 89/1000, Change: 0.0104083, Rating 1: 963.2400.
ranking.algos.rank_fit - INFO - 90/1000, Change: 0.0094648, Rating 1: 963.2500.
ranking.algos.rank_fit - INFO - 91/1000, Change: 0.0092421, Rating 1: 963.2600.
ranking.algos.rank_fit - INFO - 92/1000, Change: 0.0082916, Rating 1: 963.2700.
ranking.algos.rank_fit - INFO - 93/1000, Change: 0.0075000, Rating 1: 963.2800.
ranking.algos.rank_fit - INFO - 94/1000, Change: 0.0075000, Rating 1: 963.2800.
ranking.algos.rank_fit - INFO - 95/1000, Change: 0.0072169, Rating 1: 963.2900.
ranking.algos.rank_fit - INFO - 96/1000, Change: 0.0070711, Rating 1: 963.3000.
ranking.algos.rank_fit - INFO - 97/1000, Change: 0.0059512, Rating 1: 963.3000.
ranking.algos.rank_fit - INFO - 98/1000, Change: 0.0059512, Rating 1: 963.3000.
ranking.algos.rank_fit - INFO - 99/1000, Change: 0.0057735, Rating 1: 963.3100.
ranking.algos.rank_fit - INFO - 100/1000, Change: 0.0047871, Rating 1: 963.3100.
ranking.algos.rank_fit - INFO - 101/1000, Change: 0.0052042, Rating 1: 963.3100.
ranking.algos.rank_fit - INFO - 102/1000, Change: 0.0050000, Rating 1: 963.3100.
ranking.algos.rank_fit - INFO - 103/1000, Change: 0.0040825, Rating 1: 963.3100.
ranking.algos.rank_fit - INFO - 104/1000, Change: 0.0028868, Rating 1: 963.3100.
ranking.algos.rank_fit - INFO - 105/1000, Change: 0.0028868, Rating 1: 963.3100.
ranking.algos.rank_fit - INFO - 106/1000, Change: 0.0014434, Rating 1: 963.3100.
ranking.algos.rank_fit - INFO - 107/1000, Change: 0.0025000, Rating 1: 963.3100.
ranking.algos.rank_fit - INFO - 108/1000, Change: 0.0020412, Rating 1: 963.3100.
ranking.algos.rank_fit - INFO - 109/1000, Change: 0.0020412, Rating 1: 963.3100.
ranking.algos.rank_fit - INFO - 110/1000, Change: 0.0032275, Rating 1: 963.3100.
ranking.algos.rank_fit - INFO - 111/1000, Change: 0.0014434, Rating 1: 963.3100.
ranking.algos.rank_fit - INFO - 112/1000, Change: 0.0014434, Rating 1: 963.3100.
ranking.algos.rank_fit - INFO - 113/1000, Change: 0.0000000, Rating 1: 963.3100.
ranking.data_preparation - INFO - RMSE: 318.48, Max Sum Resid: 0.28
ranking.data_preparation - INFO - Applying Windmill algorithm on the EUF-2023-open dataset.
ranking.games_dataset - INFO - Calculating ratings by Windmill.
ranking.data_preparation - INFO - RMSE: 4.09, Max Sum Resid: 0.14
ranking.data_preparation - INFO - Applying Sigmoid algorithm on the EUF-2023-open dataset.
ranking.games_dataset - INFO - Calculating ratings by Sigmoid.
ranking.data_preparation - INFO - RMSE: 4.03, Max Sum Resid: 8.26
ranking.data_preparation - INFO - Output files saved to output/2023.
ranking.data_preparation - INFO - Applying USAU algorithm on the EUF-2023-women dataset.
ranking.games_dataset - INFO - Calculating ratings by USAU.
ranking.algos.rank_fit - INFO - 1/1000, Change: 131.6971365, Rating 1: 275.4400.
ranking.algos.rank_fit - INFO - 2/1000, Change: 71.0385582, Rating 1: 423.3600.
ranking.algos.rank_fit - INFO - 3/1000, Change: 52.0114957, Rating 1: 517.1600.
ranking.algos.rank_fit - INFO - 4/1000, Change: 43.5617873, Rating 1: 581.7600.
ranking.algos.rank_fit - INFO - 5/1000, Change: 39.1398809, Rating 1: 628.0900.
ranking.algos.rank_fit - INFO - 6/1000, Change: 32.2672025, Rating 1: 662.0500.
ranking.algos.rank_fit - INFO - 7/1000, Change: 29.2807207, Rating 1: 687.6000.
ranking.algos.rank_fit - INFO - 8/1000, Change: 25.2698048, Rating 1: 707.1700.
ranking.algos.rank_fit - INFO - 9/1000, Change: 22.0096516, Rating 1: 722.3600.
ranking.algos.rank_fit - INFO - 10/1000, Change: 19.2369196, Rating 1: 734.3000.
ranking.algos.rank_fit - INFO - 11/1000, Change: 16.8412629, Rating 1: 743.7900.
ranking.algos.rank_fit - INFO - 12/1000, Change: 14.7841200, Rating 1: 751.4200.
ranking.algos.rank_fit - INFO - 13/1000, Change: 13.0929257, Rating 1: 757.6000.
ranking.algos.rank_fit - INFO - 14/1000, Change: 11.5459305, Rating 1: 762.6900.
ranking.algos.rank_fit - INFO - 15/1000, Change: 10.1949569, Rating 1: 766.9100.
ranking.algos.rank_fit - INFO - 16/1000, Change: 9.0365167, Rating 1: 770.4200.
ranking.algos.rank_fit - INFO - 17/1000, Change: 8.0111420, Rating 1: 773.3500.
ranking.algos.rank_fit - INFO - 18/1000, Change: 7.1029847, Rating 1: 775.8100.
ranking.algos.rank_fit - INFO - 19/1000, Change: 6.3002302, Rating 1: 777.8900.
ranking.algos.rank_fit - INFO - 20/1000, Change: 5.6893511, Rating 1: 779.6500.
ranking.algos.rank_fit - INFO - 21/1000, Change: 5.1612931, Rating 1: 781.1500.
ranking.algos.rank_fit - INFO - 22/1000, Change: 4.6892947, Rating 1: 782.4100.
ranking.algos.rank_fit - INFO - 23/1000, Change: 4.2669499, Rating 1: 783.4800.
ranking.algos.rank_fit - INFO - 24/1000, Change: 3.8857026, Rating 1: 784.4000.
ranking.algos.rank_fit - INFO - 25/1000, Change: 3.5403183, Rating 1: 785.2000.
ranking.algos.rank_fit - INFO - 26/1000, Change: 3.2251798, Rating 1: 785.9000.
ranking.algos.rank_fit - INFO - 27/1000, Change: 2.9406854, Rating 1: 786.5200.
ranking.algos.rank_fit - INFO - 28/1000, Change: 2.7015103, Rating 1: 787.0600.
ranking.algos.rank_fit - INFO - 29/1000, Change: 2.4814876, Rating 1: 787.5500.
ranking.algos.rank_fit - INFO - 30/1000, Change: 2.2787167, Rating 1: 787.9800.
ranking.algos.rank_fit - INFO - 31/1000, Change: 2.0919360, Rating 1: 788.3700.
ranking.algos.rank_fit - INFO - 32/1000, Change: 1.9311157, Rating 1: 788.7100.
ranking.algos.rank_fit - INFO - 33/1000, Change: 1.7824011, Rating 1: 789.0200.
ranking.algos.rank_fit - INFO - 34/1000, Change: 1.6451958, Rating 1: 789.2900.
ranking.algos.rank_fit - INFO - 35/1000, Change: 1.5171583, Rating 1: 789.5300.
ranking.algos.rank_fit - INFO - 36/1000, Change: 1.3997926, Rating 1: 789.7500.
ranking.algos.rank_fit - INFO - 37/1000, Change: 1.2919857, Rating 1: 789.9400.
ranking.algos.rank_fit - INFO - 38/1000, Change: 1.1926989, Rating 1: 790.1100.
ranking.algos.rank_fit - INFO - 39/1000, Change: 1.1013488, Rating 1: 790.2700.
ranking.algos.rank_fit - INFO - 40/1000, Change: 1.0165458, Rating 1: 790.4100.
ranking.algos.rank_fit - INFO - 41/1000, Change: 0.9381119, Rating 1: 790.5400.
ranking.algos.rank_fit - INFO - 42/1000, Change: 0.8657878, Rating 1: 790.6600.
ranking.algos.rank_fit - INFO - 43/1000, Change: 0.7998990, Rating 1: 790.7600.
ranking.algos.rank_fit - INFO - 44/1000, Change: 0.7508636, Rating 1: 790.8600.
ranking.algos.rank_fit - INFO - 45/1000, Change: 0.6958144, Rating 1: 790.9400.
ranking.algos.rank_fit - INFO - 46/1000, Change: 0.6917203, Rating 1: 791.0200.
ranking.algos.rank_fit - INFO - 47/1000, Change: 0.6324403, Rating 1: 791.0900.
ranking.algos.rank_fit - INFO - 48/1000, Change: 0.5832304, Rating 1: 791.1500.
ranking.algos.rank_fit - INFO - 49/1000, Change: 0.5386807, Rating 1: 791.2100.
ranking.algos.rank_fit - INFO - 50/1000, Change: 0.5022986, Rating 1: 791.2700.
ranking.algos.rank_fit - INFO - 51/1000, Change: 0.4670859, Rating 1: 791.3300.
ranking.algos.rank_fit - INFO - 52/1000, Change: 0.4358369, Rating 1: 791.3900.
ranking.algos.rank_fit - INFO - 53/1000, Change: 0.4062114, Rating 1: 791.4400.
ranking.algos.rank_fit - INFO - 54/1000, Change: 0.3775172, Rating 1: 791.4900.
ranking.algos.rank_fit - INFO - 55/1000, Change: 0.3525566, Rating 1: 791.5400.
ranking.algos.rank_fit - INFO - 56/1000, Change: 0.3280244, Rating 1: 791.5900.
ranking.algos.rank_fit - INFO - 57/1000, Change: 0.3053938, Rating 1: 791.6300.
ranking.algos.rank_fit - INFO - 58/1000, Change: 0.2843752, Rating 1: 791.6700.
ranking.algos.rank_fit - INFO - 59/1000, Change: 0.2648294, Rating 1: 791.7100.
ranking.algos.rank_fit - INFO - 60/1000, Change: 0.2458736, Rating 1: 791.7400.
ranking.algos.rank_fit - INFO - 61/1000, Change: 0.2312009, Rating 1: 791.7700.
ranking.algos.rank_fit - INFO - 62/1000, Change: 0.2132983, Rating 1: 791.8000.
ranking.algos.rank_fit - INFO - 63/1000, Change: 0.1984556, Rating 1: 791.8300.
ranking.algos.rank_fit - INFO - 64/1000, Change: 0.1849220, Rating 1: 791.8600.
ranking.algos.rank_fit - INFO - 65/1000, Change: 0.1730273, Rating 1: 791.8800.
ranking.algos.rank_fit - INFO - 66/1000, Change: 0.1612332, Rating 1: 791.9100.
ranking.algos.rank_fit - INFO - 67/1000, Change: 0.1503458, Rating 1: 791.9300.
ranking.algos.rank_fit - INFO - 68/1000, Change: 0.1400275, Rating 1: 791.9500.
ranking.algos.rank_fit - INFO - 69/1000, Change: 0.1293623, Rating 1: 791.9700.
ranking.algos.rank_fit - INFO - 70/1000, Change: 0.1207668, Rating 1: 791.9900.
ranking.algos.rank_fit - INFO - 71/1000, Change: 0.1114934, Rating 1: 792.0000.
ranking.algos.rank_fit - INFO - 72/1000, Change: 0.1057937, Rating 1: 792.0200.
ranking.algos.rank_fit - INFO - 73/1000, Change: 0.0976454, Rating 1: 792.0300.
ranking.algos.rank_fit - INFO - 74/1000, Change: 0.0906812, Rating 1: 792.0400.
ranking.algos.rank_fit - INFO - 75/1000, Change: 0.0844211, Rating 1: 792.0500.
ranking.algos.rank_fit - INFO - 76/1000, Change: 0.0781025, Rating 1: 792.0600.
ranking.algos.rank_fit - INFO - 77/1000, Change: 0.0735109, Rating 1: 792.0700.
ranking.algos.rank_fit - INFO - 78/1000, Change: 0.0680215, Rating 1: 792.0800.
ranking.algos.rank_fit - INFO - 79/1000, Change: 0.0638809, Rating 1: 792.0900.
ranking.algos.rank_fit - INFO - 80/1000, Change: 0.0583095, Rating 1: 792.1000.
ranking.algos.rank_fit - INFO - 81/1000, Change: 0.0554353, Rating 1: 792.1100.
ranking.algos.rank_fit - INFO - 82/1000, Change: 0.0508391, Rating 1: 792.1200.
ranking.algos.rank_fit - INFO - 83/1000, Change: 0.0480785, Rating 1: 792.1300.
ranking.algos.rank_fit - INFO - 84/1000, Change: 0.0448502, Rating 1: 792.1300.
ranking.algos.rank_fit - INFO - 85/1000, Change: 0.0406675, Rating 1: 792.1400.
ranking.algos.rank_fit - INFO - 86/1000, Change: 0.0382301, Rating 1: 792.1500.
ranking.algos.rank_fit - INFO - 87/1000, Change: 0.0360021, Rating 1: 792.1500.
ranking.algos.rank_fit - INFO - 88/1000, Change: 0.0329918, Rating 1: 792.1500.
ranking.algos.rank_fit - INFO - 89/1000, Change: 0.0321056, Rating 1: 792.1600.
ranking.algos.rank_fit - INFO - 90/1000, Change: 0.0292864, Rating 1: 792.1600.
ranking.algos.rank_fit - INFO - 91/1000, Change: 0.0277350, Rating 1: 792.1600.
ranking.algos.rank_fit - INFO - 92/1000, Change: 0.0236155, Rating 1: 792.1600.
ranking.algos.rank_fit - INFO - 93/1000, Change: 0.0233699, Rating 1: 792.1700.
ranking.algos.rank_fit - INFO - 94/1000, Change: 0.0218386, Rating 1: 792.1700.
ranking.algos.rank_fit - INFO - 95/1000, Change: 0.0200959, Rating 1: 792.1700.
ranking.algos.rank_fit - INFO - 96/1000, Change: 0.0196116, Rating 1: 792.1700.
ranking.algos.rank_fit - INFO - 97/1000, Change: 0.0190142, Rating 1: 792.1800.
ranking.algos.rank_fit - INFO - 98/1000, Change: 0.0169842, Rating 1: 792.1800.
ranking.algos.rank_fit - INFO - 99/1000, Change: 0.0156893, Rating 1: 792.1800.
ranking.algos.rank_fit - INFO - 100/1000, Change: 0.0146760, Rating 1: 792.1800.
ranking.algos.rank_fit - INFO - 101/1000, Change: 0.0138675, Rating 1: 792.1900.
ranking.algos.rank_fit - INFO - 102/1000, Change: 0.0140055, Rating 1: 792.1900.
ranking.algos.rank_fit - INFO - 103/1000, Change: 0.0119293, Rating 1: 792.1900.
ranking.algos.rank_fit - INFO - 104/1000, Change: 0.0117670, Rating 1: 792.1900.
ranking.algos.rank_fit - INFO - 105/1000, Change: 0.0100000, Rating 1: 792.1900.
ranking.algos.rank_fit - INFO - 106/1000, Change: 0.0096077, Rating 1: 792.1900.
ranking.algos.rank_fit - INFO - 107/1000, Change: 0.0091987, Rating 1: 792.1900.
ranking.algos.rank_fit - INFO - 108/1000, Change: 0.0091987, Rating 1: 792.1900.
ranking.algos.rank_fit - INFO - 109/1000, Change: 0.0075955, Rating 1: 792.1900.
ranking.algos.rank_fit - INFO - 110/1000, Change: 0.0083205, Rating 1: 792.1900.
ranking.algos.rank_fit - INFO - 111/1000, Change: 0.0075955, Rating 1: 792.1900.
ranking.algos.rank_fit - INFO - 112/1000, Change: 0.0058835, Rating 1: 792.1900.
ranking.algos.rank_fit - INFO - 113/1000, Change: 0.0051887, Rating 1: 792.1900.
ranking.algos.rank_fit - INFO - 114/1000, Change: 0.0051887, Rating 1: 792.1900.
ranking.algos.rank_fit - INFO - 115/1000, Change: 0.0051887, Rating 1: 792.1900.
ranking.algos.rank_fit - INFO - 116/1000, Change: 0.0048038, Rating 1: 792.1900.
ranking.algos.rank_fit - INFO - 117/1000, Change: 0.0048038, Rating 1: 792.1900.
ranking.algos.rank_fit - INFO - 118/1000, Change: 0.0048038, Rating 1: 792.1900.
ranking.algos.rank_fit - INFO - 119/1000, Change: 0.0039223, Rating 1: 792.1900.
ranking.algos.rank_fit - INFO - 120/1000, Change: 0.0043853, Rating 1: 792.1900.
ranking.algos.rank_fit - INFO - 121/1000, Change: 0.0055470, Rating 1: 792.1900.
ranking.algos.rank_fit - INFO - 122/1000, Change: 0.0033968, Rating 1: 792.1900.
ranking.algos.rank_fit - INFO - 123/1000, Change: 0.0039223, Rating 1: 792.1900.
ranking.algos.rank_fit - INFO - 124/1000, Change: 0.0043853, Rating 1: 792.1900.
ranking.algos.rank_fit - INFO - 125/1000, Change: 0.0039223, Rating 1: 792.1900.
ranking.algos.rank_fit - INFO - 126/1000, Change: 0.0033968, Rating 1: 792.1900.
ranking.algos.rank_fit - INFO - 127/1000, Change: 0.0043853, Rating 1: 792.1900.
ranking.algos.rank_fit - INFO - 128/1000, Change: 0.0027735, Rating 1: 792.1900.
ranking.algos.rank_fit - INFO - 129/1000, Change: 0.0019612, Rating 1: 792.1900.
ranking.algos.rank_fit - INFO - 130/1000, Change: 0.0027735, Rating 1: 792.1900.
ranking.algos.rank_fit - INFO - 131/1000, Change: 0.0027735, Rating 1: 792.1900.
ranking.algos.rank_fit - INFO - 132/1000, Change: 0.0027735, Rating 1: 792.1900.
ranking.algos.rank_fit - INFO - 133/1000, Change: 0.0033968, Rating 1: 792.1900.
ranking.algos.rank_fit - INFO - 134/1000, Change: 0.0027735, Rating 1: 792.1900.
ranking.algos.rank_fit - INFO - 135/1000, Change: 0.0019612, Rating 1: 792.1900.
ranking.algos.rank_fit - INFO - 136/1000, Change: 0.0027735, Rating 1: 792.1900.
ranking.algos.rank_fit - INFO - 137/1000, Change: 0.0019612, Rating 1: 792.1900.
ranking.algos.rank_fit - INFO - 138/1000, Change: 0.0019612, Rating 1: 792.1900.
ranking.algos.rank_fit - INFO - 139/1000, Change: 0.0000000, Rating 1: 792.1900.
ranking.data_preparation - INFO - RMSE: 331.27, Max Sum Resid: 0.19
ranking.data_preparation - INFO - Applying Windmill algorithm on the EUF-2023-women dataset.
ranking.games_dataset - INFO - Calculating ratings by Windmill.
ranking.data_preparation - INFO - RMSE: 3.74, Max Sum Resid: 0.19
ranking.data_preparation - INFO - Applying Sigmoid algorithm on the EUF-2023-women dataset.
ranking.games_dataset - INFO - Calculating ratings by Sigmoid.
ranking.data_preparation - INFO - RMSE: 3.56, Max Sum Resid: 9.13
ranking.data_preparation - INFO - Output files saved to output/2023.
