ranking.data_preparation - INFO - Applying USAU algorithm on the EUF-2022-mixed dataset.
ranking.games_dataset - INFO - Calculating ratings by USAU.
ranking.algos.rank_fit - INFO - 1/1000, Change: 143.9379118, Rating 1: 300.0000.
ranking.algos.rank_fit - INFO - 2/1000, Change: 69.6099178, Rating 1: 430.2000.
ranking.algos.rank_fit - INFO - 3/1000, Change: 40.4191276, Rating 1: 493.0200.
ranking.algos.rank_fit - INFO - 4/1000, Change: 27.6583372, Rating 1: 537.8900.
ranking.algos.rank_fit - INFO - 5/1000, Change: 20.6544165, Rating 1: 572.1900.
ranking.algos.rank_fit - INFO - 6/1000, Change: 15.9554085, Rating 1: 597.3900.
ranking.algos.rank_fit - INFO - 7/1000, Change: 12.8654590, Rating 1: 616.5300.
ranking.algos.rank_fit - INFO - 8/1000, Change: 10.8783157, Rating 1: 631.3500.
ranking.algos.rank_fit - INFO - 9/1000, Change: 9.2284253, Rating 1: 643.1600.
ranking.algos.rank_fit - INFO - 10/1000, Change: 7.8566629, Rating 1: 652.7900.
ranking.algos.rank_fit - INFO - 11/1000, Change: 6.7037357, Rating 1: 660.8400.
ranking.algos.rank_fit - INFO - 12/1000, Change: 5.7674561, Rating 1: 670.0600.
ranking.algos.rank_fit - INFO - 13/1000, Change: 4.9667019, Rating 1: 677.9800.
ranking.algos.rank_fit - INFO - 14/1000, Change: 4.3029780, Rating 1: 684.6100.
ranking.algos.rank_fit - INFO - 15/1000, Change: 3.8008402, Rating 1: 690.2100.
ranking.algos.rank_fit - INFO - 16/1000, Change: 3.3130352, Rating 1: 694.9800.
ranking.algos.rank_fit - INFO - 17/1000, Change: 2.8912015, Rating 1: 699.0600.
ranking.algos.rank_fit - INFO - 18/1000, Change: 2.5242563, Rating 1: 702.5600.
ranking.algos.rank_fit - INFO - 19/1000, Change: 2.2048025, Rating 1: 705.5700.
ranking.algos.rank_fit - INFO - 20/1000, Change: 1.9285715, Rating 1: 708.1700.
ranking.algos.rank_fit - INFO - 21/1000, Change: 1.6856037, Rating 1: 710.4100.
ranking.algos.rank_fit - INFO - 22/1000, Change: 1.4765846, Rating 1: 712.3500.
ranking.algos.rank_fit - INFO - 23/1000, Change: 1.2935185, Rating 1: 714.0300.
ranking.algos.rank_fit - INFO - 24/1000, Change: 1.1335881, Rating 1: 715.4900.
ranking.algos.rank_fit - INFO - 25/1000, Change: 0.9939950, Rating 1: 716.7600.
ranking.algos.rank_fit - INFO - 26/1000, Change: 0.8713117, Rating 1: 717.8600.
ranking.algos.rank_fit - INFO - 27/1000, Change: 0.7652202, Rating 1: 718.8100.
ranking.algos.rank_fit - INFO - 28/1000, Change: 0.6715758, Rating 1: 719.6400.
ranking.algos.rank_fit - INFO - 29/1000, Change: 0.5894625, Rating 1: 720.3700.
ranking.algos.rank_fit - INFO - 30/1000, Change: 0.5177548, Rating 1: 721.0000.
ranking.algos.rank_fit - INFO - 31/1000, Change: 0.4545151, Rating 1: 721.5500.
ranking.algos.rank_fit - INFO - 32/1000, Change: 0.3998800, Rating 1: 722.0300.
ranking.algos.rank_fit - INFO - 33/1000, Change: 0.3513175, Rating 1: 722.4500.
ranking.algos.rank_fit - INFO - 34/1000, Change: 0.3090599, Rating 1: 722.8200.
ranking.algos.rank_fit - INFO - 35/1000, Change: 0.2717683, Rating 1: 723.1400.
ranking.algos.rank_fit - INFO - 36/1000, Change: 0.2381428, Rating 1: 723.4200.
ranking.algos.rank_fit - INFO - 37/1000, Change: 0.2101285, Rating 1: 723.6700.
ranking.algos.rank_fit - INFO - 38/1000, Change: 0.1847431, Rating 1: 723.8800.
ranking.algos.rank_fit - INFO - 39/1000, Change: 0.1622591, Rating 1: 724.0700.
ranking.algos.rank_fit - INFO - 40/1000, Change: 0.1429895, Rating 1: 724.2300.
ranking.algos.rank_fit - INFO - 41/1000, Change: 0.1260476, Rating 1: 724.3800.
ranking.algos.rank_fit - INFO - 42/1000, Change: 0.1109955, Rating 1: 724.5000.
ranking.algos.rank_fit - INFO - 43/1000, Change: 0.0984987, Rating 1: 724.6100.
ranking.algos.rank_fit - INFO - 44/1000, Change: 0.0860349, Rating 1: 724.7100.
ranking.algos.rank_fit - INFO - 45/1000, Change: 0.0755513, Rating 1: 724.8000.
ranking.algos.rank_fit - INFO - 46/1000, Change: 0.0660303, Rating 1: 724.8700.
ranking.algos.rank_fit - INFO - 47/1000, Change: 0.0579828, Rating 1: 724.9400.
ranking.algos.rank_fit - INFO - 48/1000, Change: 0.0520192, Rating 1: 724.9900.
ranking.algos.rank_fit - INFO - 49/1000, Change: 0.0458039, Rating 1: 725.0400.
ranking.algos.rank_fit - INFO - 50/1000, Change: 0.0395221, Rating 1: 725.0900.
ranking.algos.rank_fit - INFO - 51/1000, Change: 0.0360832, Rating 1: 725.1300.
ranking.algos.rank_fit - INFO - 52/1000, Change: 0.0311127, Rating 1: 725.1600.
ranking.algos.rank_fit - INFO - 53/1000, Change: 0.0278568, Rating 1: 725.1900.
ranking.algos.rank_fit - INFO - 54/1000, Change: 0.0242899, Rating 1: 725.2200.
ranking.algos.rank_fit - INFO - 55/1000, Change: 0.0217256, Rating 1: 725.2400.
ranking.algos.rank_fit - INFO - 56/1000, Change: 0.0187083, Rating 1: 725.2600.
ranking.algos.rank_fit - INFO - 57/1000, Change: 0.0165529, Rating 1: 725.2800.
ranking.algos.rank_fit - INFO - 58/1000, Change: 0.0148324, Rating 1: 725.3000.
ranking.algos.rank_fit - INFO - 59/1000, Change: 0.0131149, Rating 1: 725.3100.
ranking.algos.rank_fit - INFO - 60/1000, Change: 0.0110454, Rating 1: 725.3200.
ranking.algos.rank_fit - INFO - 61/1000, Change: 0.0095917, Rating 1: 725.3300.
ranking.algos.rank_fit - INFO - 62/1000, Change: 0.0089443, Rating 1: 725.3400.
ranking.algos.rank_fit - INFO - 63/1000, Change: 0.0081240, Rating 1: 725.3500.
ranking.algos.rank_fit - INFO - 64/1000, Change: 0.0080000, Rating 1: 725.3600.
ranking.algos.rank_fit - INFO - 65/1000, Change: 0.0078740, Rating 1: 725.3600.
ranking.algos.rank_fit - INFO - 66/1000, Change: 0.0066332, Rating 1: 725.3700.
ranking.algos.rank_fit - INFO - 67/1000, Change: 0.0061644, Rating 1: 725.3700.
ranking.algos.rank_fit - INFO - 68/1000, Change: 0.0056569, Rating 1: 725.3700.
ranking.algos.rank_fit - INFO - 69/1000, Change: 0.0044721, Rating 1: 725.3800.
ranking.algos.rank_fit - INFO - 70/1000, Change: 0.0040000, Rating 1: 725.3800.
ranking.algos.rank_fit - INFO - 71/1000, Change: 0.0048990, Rating 1: 725.3800.
ranking.algos.rank_fit - INFO - 72/1000, Change: 0.0042426, Rating 1: 725.3800.
ranking.algos.rank_fit - INFO - 73/1000, Change: 0.0028284, Rating 1: 725.3800.
ranking.algos.rank_fit - INFO - 74/1000, Change: 0.0020000, Rating 1: 725.3800.
ranking.algos.rank_fit - INFO - 75/1000, Change: 0.0020000, Rating 1: 725.3800.
ranking.algos.rank_fit - INFO - 76/1000, Change: 0.0024495, Rating 1: 725.3800.
ranking.algos.rank_fit - INFO - 77/1000, Change: 0.0014142, Rating 1: 725.3800.
ranking.algos.rank_fit - INFO - 78/1000, Change: 0.0014142, Rating 1: 725.3800.
ranking.algos.rank_fit - INFO - 79/1000, Change: 0.0000000, Rating 1: 725.3800.
ranking.data_preparation - INFO - RMSE: 280.64, Max Sum Resid: 0.16
ranking.data_preparation - INFO - Applying Windmill algorithm on the EUF-2022-mixed dataset.
ranking.games_dataset - INFO - Calculating ratings by Windmill.
ranking.data_preparation - INFO - RMSE: 3.43, Max Sum Resid: 0.14
ranking.data_preparation - INFO - Applying Sigmoid algorithm on the EUF-2022-mixed dataset.
ranking.games_dataset - INFO - Calculating ratings by Sigmoid.
ranking.data_preparation - INFO - RMSE: 3.37, Max Sum Resid: 7.56
ranking.data_preparation - INFO - Output files saved to output/2022.
