ranking.data_preparation - INFO - Applying USAU algorithm on the EUF-2024-mixed dataset.
ranking.games_dataset - INFO - Calculating ratings by USAU.
ranking.algos.rank_fit - INFO - 1/1000, Change: 113.9482736, Rating 1: 214.3500.
ranking.algos.rank_fit - INFO - 2/1000, Change: 64.4898951, Rating 1: 358.2300.
ranking.algos.rank_fit - INFO - 3/1000, Change: 46.1344284, Rating 1: 466.8100.
ranking.algos.rank_fit - INFO - 4/1000, Change: 37.4631569, Rating 1: 554.8200.
ranking.algos.rank_fit - INFO - 5/1000, Change: 31.8337151, Rating 1: 629.0600.
ranking.algos.rank_fit - INFO - 6/1000, Change: 27.4444889, Rating 1: 693.0300.
ranking.algos.rank_fit - INFO - 7/1000, Change: 23.9651496, Rating 1: 748.6300.
ranking.algos.rank_fit - INFO - 8/1000, Change: 20.8572782, Rating 1: 797.1400.
ranking.algos.rank_fit - INFO - 9/1000, Change: 18.2056624, Rating 1: 839.5900.
ranking.algos.rank_fit - INFO - 10/1000, Change: 15.9136728, Rating 1: 876.7800.
ranking.algos.rank_fit - INFO - 11/1000, Change: 13.9242911, Rating 1: 909.4100.
ranking.algos.rank_fit - INFO - 12/1000, Change: 12.2536330, Rating 1: 938.0400.
ranking.algos.rank_fit - INFO - 13/1000, Change: 10.7595259, Rating 1: 963.1700.
ranking.algos.rank_fit - INFO - 14/1000, Change: 9.4492181, Rating 1: 985.2300.
ranking.algos.rank_fit - INFO - 15/1000, Change: 8.3017062, Rating 1: 1004.6100.
ranking.algos.rank_fit - INFO - 16/1000, Change: 7.2939288, Rating 1: 1021.6400.
ranking.algos.rank_fit - INFO - 17/1000, Change: 6.7705122, Rating 1: 1036.6100.
ranking.algos.rank_fit - INFO - 18/1000, Change: 5.9209775, Rating 1: 1050.0400.
ranking.algos.rank_fit - INFO - 19/1000, Change: 5.2165515, Rating 1: 1061.9800.
ranking.algos.rank_fit - INFO - 20/1000, Change: 4.6071449, Rating 1: 1072.5500.
ranking.algos.rank_fit - INFO - 21/1000, Change: 4.0726444, Rating 1: 1081.9100.
ranking.algos.rank_fit - INFO - 22/1000, Change: 3.6014858, Rating 1: 1090.1900.
ranking.algos.rank_fit - INFO - 23/1000, Change: 3.1850184, Rating 1: 1097.5000.
ranking.algos.rank_fit - INFO - 24/1000, Change: 2.8179276, Rating 1: 1103.9700.
ranking.algos.rank_fit - INFO - 25/1000, Change: 2.4914952, Rating 1: 1109.6900.
ranking.algos.rank_fit - INFO - 26/1000, Change: 2.2037724, Rating 1: 1114.7500.
ranking.algos.rank_fit - INFO - 27/1000, Change: 1.9493779, Rating 1: 1119.2200.
ranking.algos.rank_fit - INFO - 28/1000, Change: 1.7242530, Rating 1: 1123.1800.
ranking.algos.rank_fit - INFO - 29/1000, Change: 1.5260903, Rating 1: 1126.6800.
ranking.algos.rank_fit - INFO - 30/1000, Change: 1.3495650, Rating 1: 1129.7700.
ranking.algos.rank_fit - INFO - 31/1000, Change: 1.1935472, Rating 1: 1132.5100.
ranking.algos.rank_fit - INFO - 32/1000, Change: 1.0559631, Rating 1: 1134.9300.
ranking.algos.rank_fit - INFO - 33/1000, Change: 0.9339735, Rating 1: 1137.0700.
ranking.algos.rank_fit - INFO - 34/1000, Change: 0.8267913, Rating 1: 1138.9600.
ranking.algos.rank_fit - INFO - 35/1000, Change: 0.7303358, Rating 1: 1140.6400.
ranking.algos.rank_fit - INFO - 36/1000, Change: 0.6461000, Rating 1: 1142.1200.
ranking.algos.rank_fit - INFO - 37/1000, Change: 0.5719745, Rating 1: 1143.4300.
ranking.algos.rank_fit - INFO - 38/1000, Change: 0.5053935, Rating 1: 1144.5900.
ranking.algos.rank_fit - INFO - 39/1000, Change: 0.4483662, Rating 1: 1145.6200.
ranking.algos.rank_fit - INFO - 40/1000, Change: 0.3973460, Rating 1: 1146.5300.
ranking.algos.rank_fit - INFO - 41/1000, Change: 0.3500737, Rating 1: 1147.3300.
ranking.algos.rank_fit - INFO - 42/1000, Change: 0.3095158, Rating 1: 1148.0400.
ranking.algos.rank_fit - INFO - 43/1000, Change: 0.2731536, Rating 1: 1148.6700.
ranking.algos.rank_fit - INFO - 44/1000, Change: 0.2423474, Rating 1: 1149.2200.
ranking.algos.rank_fit - INFO - 45/1000, Change: 0.2146866, Rating 1: 1149.7100.
ranking.algos.rank_fit - INFO - 46/1000, Change: 0.1897962, Rating 1: 1150.1500.
ranking.algos.rank_fit - INFO - 47/1000, Change: 0.1684177, Rating 1: 1150.5300.
ranking.algos.rank_fit - INFO - 48/1000, Change: 0.1482805, Rating 1: 1150.8700.
ranking.algos.rank_fit - INFO - 49/1000, Change: 0.1304212, Rating 1: 1151.1700.
ranking.algos.rank_fit - INFO - 50/1000, Change: 0.1167711, Rating 1: 1151.4400.
ranking.algos.rank_fit - INFO - 51/1000, Change: 0.1030816, Rating 1: 1151.6700.
ranking.algos.rank_fit - INFO - 52/1000, Change: 0.0902684, Rating 1: 1151.8800.
ranking.algos.rank_fit - INFO - 53/1000, Change: 0.0806026, Rating 1: 1152.0600.
ranking.algos.rank_fit - INFO - 54/1000, Change: 0.0705737, Rating 1: 1152.2200.
ranking.algos.rank_fit - INFO - 55/1000, Change: 0.0631179, Rating 1: 1152.3700.
ranking.algos.rank_fit - INFO - 56/1000, Change: 0.0557066, Rating 1: 1152.5000.
ranking.algos.rank_fit - INFO - 57/1000, Change: 0.0494486, Rating 1: 1152.6100.
ranking.algos.rank_fit - INFO - 58/1000, Change: 0.0432547, Rating 1: 1152.7100.
ranking.algos.rank_fit - INFO - 59/1000, Change: 0.0393496, Rating 1: 1152.8000.
ranking.algos.rank_fit - INFO - 60/1000, Change: 0.0341250, Rating 1: 1152.8800.
ranking.algos.rank_fit - INFO - 61/1000, Change: 0.0305857, Rating 1: 1152.9500.
ranking.algos.rank_fit - INFO - 62/1000, Change: 0.0257782, Rating 1: 1153.0100.
ranking.algos.rank_fit - INFO - 63/1000, Change: 0.0237595, Rating 1: 1153.0600.
ranking.algos.rank_fit - INFO - 64/1000, Change: 0.0217018, Rating 1: 1153.1100.
ranking.algos.rank_fit - INFO - 65/1000, Change: 0.0180501, Rating 1: 1153.1500.
ranking.algos.rank_fit - INFO - 66/1000, Change: 0.0170389, Rating 1: 1153.1900.
ranking.algos.rank_fit - INFO - 67/1000, Change: 0.0142557, Rating 1: 1153.2200.
ranking.algos.rank_fit - INFO - 68/1000, Change: 0.0131982, Rating 1: 1153.2500.
ranking.algos.rank_fit - INFO - 69/1000, Change: 0.0117775, Rating 1: 1153.2700.
ranking.algos.rank_fit - INFO - 70/1000, Change: 0.0096720, Rating 1: 1153.2900.
ranking.algos.rank_fit - INFO - 71/1000, Change: 0.0087988, Rating 1: 1153.3100.
ranking.algos.rank_fit - INFO - 72/1000, Change: 0.0091581, Rating 1: 1153.3300.
ranking.algos.rank_fit - INFO - 73/1000, Change: 0.0080322, Rating 1: 1153.3500.
ranking.algos.rank_fit - INFO - 74/1000, Change: 0.0078288, Rating 1: 1153.3600.
ranking.algos.rank_fit - INFO - 75/1000, Change: 0.0062217, Rating 1: 1153.3700.
ranking.algos.rank_fit - INFO - 76/1000, Change: 0.0064758, Rating 1: 1153.3800.
ranking.algos.rank_fit - INFO - 77/1000, Change: 0.0064758, Rating 1: 1153.3900.
ranking.algos.rank_fit - INFO - 78/1000, Change: 0.0047519, Rating 1: 1153.4000.
ranking.algos.rank_fit - INFO - 79/1000, Change: 0.0047519, Rating 1: 1153.4100.
ranking.algos.rank_fit - INFO - 80/1000, Change: 0.0050800, Rating 1: 1153.4200.
ranking.algos.rank_fit - INFO - 81/1000, Change: 0.0047519, Rating 1: 1153.4300.
ranking.algos.rank_fit - INFO - 82/1000, Change: 0.0017961, Rating 1: 1153.4300.
ranking.algos.rank_fit - INFO - 83/1000, Change: 0.0025400, Rating 1: 1153.4300.
ranking.algos.rank_fit - INFO - 84/1000, Change: 0.0017961, Rating 1: 1153.4300.
ranking.algos.rank_fit - INFO - 85/1000, Change: 0.0031109, Rating 1: 1153.4300.
ranking.algos.rank_fit - INFO - 86/1000, Change: 0.0025400, Rating 1: 1153.4400.
ranking.algos.rank_fit - INFO - 87/1000, Change: 0.0025400, Rating 1: 1153.4400.
ranking.algos.rank_fit - INFO - 88/1000, Change: 0.0000000, Rating 1: 1153.4400.
ranking.data_preparation - INFO - RMSE: 308.99, Max Sum Resid: 0.12
ranking.data_preparation - INFO - Applying Windmill algorithm on the EUF-2024-mixed dataset.
ranking.games_dataset - INFO - Calculating ratings by Windmill.
ranking.data_preparation - INFO - RMSE: 3.83, Max Sum Resid: 0.14
ranking.data_preparation - INFO - Applying Sigmoid algorithm on the EUF-2024-mixed dataset.
ranking.games_dataset - INFO - Calculating ratings by Sigmoid.
ranking.data_preparation - INFO - RMSE: 3.76, Max Sum Resid: 5.40
ranking.data_preparation - INFO - Output files saved to output/2024.
ranking.data_preparation - INFO - Applying USAU algorithm on the EUF-2024-open dataset.
ranking.games_dataset - INFO - Calculating ratings by USAU.
ranking.algos.rank_fit - INFO - 1/1000, Change: 127.5125888, Rating 1: 243.5400.
ranking.algos.rank_fit - INFO - 2/1000, Change: 61.8912657, Rating 1: 352.5200.
ranking.algos.rank_fit - INFO - 3/1000, Change: 36.3028425, Rating 1: 409.9800.
ranking.algos.rank_fit - INFO - 4/1000, Change: 26.0454484, Rating 1: 445.5300.
ranking.algos.rank_fit - INFO - 5/1000, Change: 21.3739532, Rating 1: 471.0700.
ranking.algos.rank_fit - INFO - 6/1000, Change: 18.6322412, Rating 1: 491.7100.
ranking.algos.rank_fit - INFO - 7/1000, Change: 16.6253713, Rating 1: 509.7400.
ranking.algos.rank_fit - INFO - 8/1000, Change: 14.9766505, Rating 1: 526.1700.
ranking.algos.rank_fit - INFO - 9/1000, Change: 13.5567444, Rating 1: 541.4400.
ranking.algos.rank_fit - INFO - 10/1000, Change: 12.3083088, Rating 1: 555.7500.
ranking.algos.rank_fit - INFO - 11/1000, Change: 11.1973335, Rating 1: 569.1800.
ranking.algos.rank_fit - INFO - 12/1000, Change: 10.2039969, Rating 1: 581.7800.
ranking.algos.rank_fit - INFO - 13/1000, Change: 9.3058094, Rating 1: 593.5800.
ranking.algos.rank_fit - INFO - 14/1000, Change: 8.4989705, Rating 1: 604.6000.
ranking.algos.rank_fit - INFO - 15/1000, Change: 7.7661248, Rating 1: 614.8700.
ranking.algos.rank_fit - INFO - 16/1000, Change: 7.0975389, Rating 1: 624.4100.
ranking.algos.rank_fit - INFO - 17/1000, Change: 6.4916131, Rating 1: 633.2700.
ranking.algos.rank_fit - INFO - 18/1000, Change: 5.9376050, Rating 1: 641.4800.
ranking.algos.rank_fit - INFO - 19/1000, Change: 5.4347596, Rating 1: 649.0700.
ranking.algos.rank_fit - INFO - 20/1000, Change: 4.9727138, Rating 1: 656.0800.
ranking.algos.rank_fit - INFO - 21/1000, Change: 4.5507827, Rating 1: 662.5500.
ranking.algos.rank_fit - INFO - 22/1000, Change: 4.1661832, Rating 1: 668.5100.
ranking.algos.rank_fit - INFO - 23/1000, Change: 3.8129100, Rating 1: 674.0000.
ranking.algos.rank_fit - INFO - 24/1000, Change: 3.4912967, Rating 1: 679.0500.
ranking.algos.rank_fit - INFO - 25/1000, Change: 3.1965054, Rating 1: 683.7000.
ranking.algos.rank_fit - INFO - 26/1000, Change: 2.9280489, Rating 1: 687.9800.
ranking.algos.rank_fit - INFO - 27/1000, Change: 2.6782117, Rating 1: 691.9000.
ranking.algos.rank_fit - INFO - 28/1000, Change: 2.4544102, Rating 1: 695.5100.
ranking.algos.rank_fit - INFO - 29/1000, Change: 2.2469849, Rating 1: 698.8200.
ranking.algos.rank_fit - INFO - 30/1000, Change: 2.0563031, Rating 1: 701.8600.
ranking.algos.rank_fit - INFO - 31/1000, Change: 1.8831279, Rating 1: 704.6400.
ranking.algos.rank_fit - INFO - 32/1000, Change: 1.7235787, Rating 1: 707.2000.
ranking.algos.rank_fit - INFO - 33/1000, Change: 1.5773861, Rating 1: 709.5400.
ranking.algos.rank_fit - INFO - 34/1000, Change: 1.4458033, Rating 1: 711.6900.
ranking.algos.rank_fit - INFO - 35/1000, Change: 1.3241468, Rating 1: 713.6600.
ranking.algos.rank_fit - INFO - 36/1000, Change: 1.2116469, Rating 1: 715.4700.
ranking.algos.rank_fit - INFO - 37/1000, Change: 1.1097429, Rating 1: 717.1200.
ranking.algos.rank_fit - INFO - 38/1000, Change: 1.0160709, Rating 1: 718.6400.
ranking.algos.rank_fit - INFO - 39/1000, Change: 0.9304774, Rating 1: 720.0300.
ranking.algos.rank_fit - INFO - 40/1000, Change: 0.8517249, Rating 1: 721.3000.
ranking.algos.rank_fit - INFO - 41/1000, Change: 0.7800716, Rating 1: 722.4700.
ranking.algos.rank_fit - INFO - 42/1000, Change: 0.7136814, Rating 1: 723.5400.
ranking.algos.rank_fit - INFO - 43/1000, Change: 0.6532678, Rating 1: 724.5200.
ranking.algos.rank_fit - INFO - 44/1000, Change: 0.5979180, Rating 1: 725.4100.
ranking.algos.rank_fit - INFO - 45/1000, Change: 0.5481949, Rating 1: 726.2300.
ranking.algos.rank_fit - INFO - 46/1000, Change: 0.5013863, Rating 1: 726.9800.
ranking.algos.rank_fit - INFO - 47/1000, Change: 0.4601598, Rating 1: 727.6700.
ranking.algos.rank_fit - INFO - 48/1000, Change: 0.4194394, Rating 1: 728.3000.
ranking.algos.rank_fit - INFO - 49/1000, Change: 0.3847077, Rating 1: 728.8800.
ranking.algos.rank_fit - INFO - 50/1000, Change: 0.3537364, Rating 1: 729.4100.
ranking.algos.rank_fit - INFO - 51/1000, Change: 0.3215496, Rating 1: 729.8900.
ranking.algos.rank_fit - INFO - 52/1000, Change: 0.2942288, Rating 1: 730.3300.
ranking.algos.rank_fit - INFO - 53/1000, Change: 0.2705115, Rating 1: 730.7400.
ranking.algos.rank_fit - INFO - 54/1000, Change: 0.2479445, Rating 1: 731.1100.
ranking.algos.rank_fit - INFO - 55/1000, Change: 0.2279964, Rating 1: 731.4500.
ranking.algos.rank_fit - INFO - 56/1000, Change: 0.2081431, Rating 1: 731.7600.
ranking.algos.rank_fit - INFO - 57/1000, Change: 0.1895971, Rating 1: 732.0500.
ranking.algos.rank_fit - INFO - 58/1000, Change: 0.1744740, Rating 1: 732.3100.
ranking.algos.rank_fit - INFO - 59/1000, Change: 0.1594107, Rating 1: 732.5500.
ranking.algos.rank_fit - INFO - 60/1000, Change: 0.1461466, Rating 1: 732.7700.
ranking.algos.rank_fit - INFO - 61/1000, Change: 0.1332181, Rating 1: 732.9700.
ranking.algos.rank_fit - INFO - 62/1000, Change: 0.1218968, Rating 1: 733.1500.
ranking.algos.rank_fit - INFO - 63/1000, Change: 0.1121449, Rating 1: 733.3200.
ranking.algos.rank_fit - INFO - 64/1000, Change: 0.1030134, Rating 1: 733.4700.
ranking.algos.rank_fit - INFO - 65/1000, Change: 0.0946511, Rating 1: 733.6100.
ranking.algos.rank_fit - INFO - 66/1000, Change: 0.0869077, Rating 1: 733.7400.
ranking.algos.rank_fit - INFO - 67/1000, Change: 0.0800735, Rating 1: 733.8600.
ranking.algos.rank_fit - INFO - 68/1000, Change: 0.0737244, Rating 1: 733.9700.
ranking.algos.rank_fit - INFO - 69/1000, Change: 0.0667744, Rating 1: 734.0700.
ranking.algos.rank_fit - INFO - 70/1000, Change: 0.0603909, Rating 1: 734.1600.
ranking.algos.rank_fit - INFO - 71/1000, Change: 0.0535229, Rating 1: 734.2400.
ranking.algos.rank_fit - INFO - 72/1000, Change: 0.0519049, Rating 1: 734.3200.
ranking.algos.rank_fit - INFO - 73/1000, Change: 0.0458258, Rating 1: 734.3900.
ranking.algos.rank_fit - INFO - 74/1000, Change: 0.0427716, Rating 1: 734.4500.
ranking.algos.rank_fit - INFO - 75/1000, Change: 0.0377297, Rating 1: 734.5100.
ranking.algos.rank_fit - INFO - 76/1000, Change: 0.0348104, Rating 1: 734.5600.
ranking.algos.rank_fit - INFO - 77/1000, Change: 0.0331662, Rating 1: 734.6100.
ranking.algos.rank_fit - INFO - 78/1000, Change: 0.0300000, Rating 1: 734.6500.
ranking.algos.rank_fit - INFO - 79/1000, Change: 0.0266789, Rating 1: 734.6900.
ranking.algos.rank_fit - INFO - 80/1000, Change: 0.0248525, Rating 1: 734.7300.
ranking.algos.rank_fit - INFO - 81/1000, Change: 0.0228808, Rating 1: 734.7700.
ranking.algos.rank_fit - INFO - 82/1000, Change: 0.0201465, Rating 1: 734.8000.
ranking.algos.rank_fit - INFO - 83/1000, Change: 0.0194029, Rating 1: 734.8300.
ranking.algos.rank_fit - INFO - 84/1000, Change: 0.0184710, Rating 1: 734.8600.
ranking.algos.rank_fit - INFO - 85/1000, Change: 0.0162698, Rating 1: 734.8800.
ranking.algos.rank_fit - INFO - 86/1000, Change: 0.0145521, Rating 1: 734.9000.
ranking.algos.rank_fit - INFO - 87/1000, Change: 0.0132842, Rating 1: 734.9200.
ranking.algos.rank_fit - INFO - 88/1000, Change: 0.0135038, Rating 1: 734.9400.
ranking.algos.rank_fit - INFO - 89/1000, Change: 0.0113759, Rating 1: 734.9600.
ranking.algos.rank_fit - INFO - 90/1000, Change: 0.0090749, Rating 1: 734.9700.
ranking.algos.rank_fit - INFO - 91/1000, Change: 0.0087447, Rating 1: 734.9800.
ranking.algos.rank_fit - INFO - 92/1000, Change: 0.0087447, Rating 1: 734.9900.
ranking.algos.rank_fit - INFO - 93/1000, Change: 0.0084017, Rating 1: 735.0000.
ranking.algos.rank_fit - INFO - 94/1000, Change: 0.0080440, Rating 1: 735.0100.
ranking.algos.rank_fit - INFO - 95/1000, Change: 0.0084017, Rating 1: 735.0200.
ranking.algos.rank_fit - INFO - 96/1000, Change: 0.0080440, Rating 1: 735.0300.
ranking.algos.rank_fit - INFO - 97/1000, Change: 0.0076696, Rating 1: 735.0400.
ranking.algos.rank_fit - INFO - 98/1000, Change: 0.0072761, Rating 1: 735.0500.
ranking.algos.rank_fit - INFO - 99/1000, Change: 0.0064169, Rating 1: 735.0600.
ranking.algos.rank_fit - INFO - 100/1000, Change: 0.0068599, Rating 1: 735.0700.
ranking.algos.rank_fit - INFO - 101/1000, Change: 0.0054233, Rating 1: 735.0800.
ranking.algos.rank_fit - INFO - 102/1000, Change: 0.0054233, Rating 1: 735.0800.
ranking.algos.rank_fit - INFO - 103/1000, Change: 0.0042008, Rating 1: 735.0800.
ranking.algos.rank_fit - INFO - 104/1000, Change: 0.0042008, Rating 1: 735.0900.
ranking.algos.rank_fit - INFO - 105/1000, Change: 0.0034300, Rating 1: 735.0900.
ranking.algos.rank_fit - INFO - 106/1000, Change: 0.0054233, Rating 1: 735.0900.
ranking.algos.rank_fit - INFO - 107/1000, Change: 0.0024254, Rating 1: 735.0900.
ranking.algos.rank_fit - INFO - 108/1000, Change: 0.0034300, Rating 1: 735.1000.
ranking.algos.rank_fit - INFO - 109/1000, Change: 0.0000000, Rating 1: 735.1000.
ranking.data_preparation - INFO - RMSE: 244.89, Max Sum Resid: 0.07
ranking.data_preparation - INFO - Applying Windmill algorithm on the EUF-2024-open dataset.
ranking.games_dataset - INFO - Calculating ratings by Windmill.
ranking.data_preparation - INFO - RMSE: 2.72, Max Sum Resid: 0.04
ranking.data_preparation - INFO - Applying Sigmoid algorithm on the EUF-2024-open dataset.
ranking.games_dataset - INFO - Calculating ratings by Sigmoid.
ranking.data_preparation - INFO - RMSE: 2.61, Max Sum Resid: 2.46
ranking.data_preparation - INFO - Output files saved to output/2024.
ranking.data_preparation - INFO - Applying USAU algorithm on the EUF-2024-women dataset.
ranking.games_dataset - INFO - Calculating ratings by USAU.
ranking.algos.rank_fit - INFO - 1/1000, Change: 178.0619823, Rating 1: 234.4600.
ranking.algos.rank_fit - INFO - 2/1000, Change: 59.0959453, Rating 1: 312.2000.
ranking.algos.rank_fit - INFO - 3/1000, Change: 19.6158157, Rating 1: 337.9700.
ranking.algos.rank_fit - INFO - 4/1000, Change: 6.5104608, Rating 1: 346.5200.
ranking.algos.rank_fit - INFO - 5/1000, Change: 2.1583964, Rating 1: 349.3500.
ranking.algos.rank_fit - INFO - 6/1000, Change: 0.7182096, Rating 1: 350.2900.
ranking.algos.rank_fit - INFO - 7/1000, Change: 0.2380126, Rating 1: 350.6000.
ranking.algos.rank_fit - INFO - 8/1000, Change: 0.0826136, Rating 1: 350.7100.
ranking.algos.rank_fit - INFO - 9/1000, Change: 0.0254951, Rating 1: 350.7400.
ranking.algos.rank_fit - INFO - 10/1000, Change: 0.0070711, Rating 1: 350.7500.
ranking.algos.rank_fit - INFO - 11/1000, Change: 0.0070711, Rating 1: 350.7600.
ranking.algos.rank_fit - INFO - 12/1000, Change: 0.0000000, Rating 1: 350.7600.
ranking.data_preparation - INFO - RMSE: 255.06, Max Sum Resid: 0.02
ranking.data_preparation - INFO - Applying Windmill algorithm on the EUF-2024-women dataset.
ranking.games_dataset - INFO - Calculating ratings by Windmill.
ranking.data_preparation - INFO - RMSE: 2.84, Max Sum Resid: 0.00
ranking.data_preparation - INFO - Applying Sigmoid algorithm on the EUF-2024-women dataset.
ranking.games_dataset - INFO - Calculating ratings by Sigmoid.
ranking.data_preparation - INFO - RMSE: 2.89, Max Sum Resid: 0.57
ranking.data_preparation - INFO - Output files saved to output/2024.
