ranking.data_preparation - INFO - Applying USAU algorithm on the EUF-2024-mixed dataset.
ranking.games_dataset - INFO - Calculating ratings by USAU.
ranking.algos.rank_fit - INFO - 1/1000, Change: 113.9482736, Rating 1: 214.3500.
ranking.algos.rank_fit - INFO - 2/1000, Change: 64.4898951, Rating 1: 358.2300.
ranking.algos.rank_fit - INFO - 3/1000, Change: 47.8110086, Rating 1: 484.8100.
ranking.algos.rank_fit - INFO - 4/1000, Change: 39.1765026, Rating 1: 588.4900.
ranking.algos.rank_fit - INFO - 5/1000, Change: 33.4834908, Rating 1: 675.8400.
ranking.algos.rank_fit - INFO - 6/1000, Change: 28.8627808, Rating 1: 750.6200.
ranking.algos.rank_fit - INFO - 7/1000, Change: 25.2325077, Rating 1: 815.1500.
ranking.algos.rank_fit - INFO - 8/1000, Change: 21.9234103, Rating 1: 871.0700.
ranking.algos.rank_fit - INFO - 9/1000, Change: 19.1135795, Rating 1: 919.7000.
ranking.algos.rank_fit - INFO - 10/1000, Change: 17.2393749, Rating 1: 968.0300.
ranking.algos.rank_fit - INFO - 11/1000, Change: 15.2563678, Rating 1: 1009.6200.
ranking.algos.rank_fit - INFO - 12/1000, Change: 13.4921890, Rating 1: 1046.0600.
ranking.algos.rank_fit - INFO - 13/1000, Change: 11.9084739, Rating 1: 1078.1300.
ranking.algos.rank_fit - INFO - 14/1000, Change: 10.5105781, Rating 1: 1106.4100.
ranking.algos.rank_fit - INFO - 15/1000, Change: 9.2762094, Rating 1: 1131.3700.
ranking.algos.rank_fit - INFO - 16/1000, Change: 8.2139810, Rating 1: 1153.4100.
ranking.algos.rank_fit - INFO - 17/1000, Change: 7.5875369, Rating 1: 1175.9100.
ranking.algos.rank_fit - INFO - 18/1000, Change: 6.7131799, Rating 1: 1195.4100.
ranking.algos.rank_fit - INFO - 19/1000, Change: 5.9314987, Rating 1: 1212.4800.
ranking.algos.rank_fit - INFO - 20/1000, Change: 5.5626621, Rating 1: 1230.6500.
ranking.algos.rank_fit - INFO - 21/1000, Change: 4.9321231, Rating 1: 1246.4000.
ranking.algos.rank_fit - INFO - 22/1000, Change: 4.3769867, Rating 1: 1260.2600.
ranking.algos.rank_fit - INFO - 23/1000, Change: 3.8829860, Rating 1: 1272.5300.
ranking.algos.rank_fit - INFO - 24/1000, Change: 3.4794781, Rating 1: 1283.4300.
ranking.algos.rank_fit - INFO - 25/1000, Change: 3.1010456, Rating 1: 1293.1800.
ranking.algos.rank_fit - INFO - 26/1000, Change: 2.7624381, Rating 1: 1301.8900.
ranking.algos.rank_fit - INFO - 27/1000, Change: 2.4604897, Rating 1: 1309.6700.
ranking.algos.rank_fit - INFO - 28/1000, Change: 2.1923312, Rating 1: 1316.6200.
ranking.algos.rank_fit - INFO - 29/1000, Change: 1.9529960, Rating 1: 1322.8300.
ranking.algos.rank_fit - INFO - 30/1000, Change: 1.7400037, Rating 1: 1328.3700.
ranking.algos.rank_fit - INFO - 31/1000, Change: 1.5483144, Rating 1: 1333.3100.
ranking.algos.rank_fit - INFO - 32/1000, Change: 1.3798340, Rating 1: 1337.7200.
ranking.algos.rank_fit - INFO - 33/1000, Change: 1.2286670, Rating 1: 1341.6500.
ranking.algos.rank_fit - INFO - 34/1000, Change: 1.0951756, Rating 1: 1345.1600.
ranking.algos.rank_fit - INFO - 35/1000, Change: 0.9734889, Rating 1: 1348.2800.
ranking.algos.rank_fit - INFO - 36/1000, Change: 0.8689668, Rating 1: 1351.0700.
ranking.algos.rank_fit - INFO - 37/1000, Change: 0.7722422, Rating 1: 1353.5500.
ranking.algos.rank_fit - INFO - 38/1000, Change: 0.6883922, Rating 1: 1355.7600.
ranking.algos.rank_fit - INFO - 39/1000, Change: 0.6115739, Rating 1: 1357.7300.
ranking.algos.rank_fit - INFO - 40/1000, Change: 0.5453853, Rating 1: 1359.4900.
ranking.algos.rank_fit - INFO - 41/1000, Change: 0.4855957, Rating 1: 1361.0500.
ranking.algos.rank_fit - INFO - 42/1000, Change: 0.4322857, Rating 1: 1362.4400.
ranking.algos.rank_fit - INFO - 43/1000, Change: 0.3839607, Rating 1: 1363.6800.
ranking.algos.rank_fit - INFO - 44/1000, Change: 0.3430320, Rating 1: 1364.7900.
ranking.algos.rank_fit - INFO - 45/1000, Change: 0.3045939, Rating 1: 1365.7700.
ranking.algos.rank_fit - INFO - 46/1000, Change: 0.2723376, Rating 1: 1366.6500.
ranking.algos.rank_fit - INFO - 47/1000, Change: 0.2417076, Rating 1: 1367.4300.
ranking.algos.rank_fit - INFO - 48/1000, Change: 0.2155413, Rating 1: 1368.1200.
ranking.algos.rank_fit - INFO - 49/1000, Change: 0.1910160, Rating 1: 1368.7400.
ranking.algos.rank_fit - INFO - 50/1000, Change: 0.1703507, Rating 1: 1369.2900.
ranking.algos.rank_fit - INFO - 51/1000, Change: 0.1507187, Rating 1: 1369.7800.
ranking.algos.rank_fit - INFO - 52/1000, Change: 0.1358130, Rating 1: 1370.2200.
ranking.algos.rank_fit - INFO - 53/1000, Change: 0.1208038, Rating 1: 1370.6100.
ranking.algos.rank_fit - INFO - 54/1000, Change: 0.1077781, Rating 1: 1370.9600.
ranking.algos.rank_fit - INFO - 55/1000, Change: 0.0965034, Rating 1: 1371.2700.
ranking.algos.rank_fit - INFO - 56/1000, Change: 0.0842424, Rating 1: 1371.5400.
ranking.algos.rank_fit - INFO - 57/1000, Change: 0.0756904, Rating 1: 1371.7800.
ranking.algos.rank_fit - INFO - 58/1000, Change: 0.0679658, Rating 1: 1372.0000.
ranking.algos.rank_fit - INFO - 59/1000, Change: 0.0602414, Rating 1: 1372.2000.
ranking.algos.rank_fit - INFO - 60/1000, Change: 0.0539115, Rating 1: 1372.3700.
ranking.algos.rank_fit - INFO - 61/1000, Change: 0.0465590, Rating 1: 1372.5200.
ranking.algos.rank_fit - INFO - 62/1000, Change: 0.0415816, Rating 1: 1372.6600.
ranking.algos.rank_fit - INFO - 63/1000, Change: 0.0369394, Rating 1: 1372.7800.
ranking.algos.rank_fit - INFO - 64/1000, Change: 0.0338402, Rating 1: 1372.8900.
ranking.algos.rank_fit - INFO - 65/1000, Change: 0.0302143, Rating 1: 1372.9900.
ranking.algos.rank_fit - INFO - 66/1000, Change: 0.0261509, Rating 1: 1373.0700.
ranking.algos.rank_fit - INFO - 67/1000, Change: 0.0242301, Rating 1: 1373.1500.
ranking.algos.rank_fit - INFO - 68/1000, Change: 0.0217018, Rating 1: 1373.2200.
ranking.algos.rank_fit - INFO - 69/1000, Change: 0.0190076, Rating 1: 1373.2800.
ranking.algos.rank_fit - INFO - 70/1000, Change: 0.0170389, Rating 1: 1373.3300.
ranking.algos.rank_fit - INFO - 71/1000, Change: 0.0151338, Rating 1: 1373.3800.
ranking.algos.rank_fit - INFO - 72/1000, Change: 0.0124434, Rating 1: 1373.4200.
ranking.algos.rank_fit - INFO - 73/1000, Change: 0.0127000, Rating 1: 1373.4600.
ranking.algos.rank_fit - INFO - 74/1000, Change: 0.0107763, Rating 1: 1373.4900.
ranking.algos.rank_fit - INFO - 75/1000, Change: 0.0098374, Rating 1: 1373.5200.
ranking.algos.rank_fit - INFO - 76/1000, Change: 0.0091581, Rating 1: 1373.5500.
ranking.algos.rank_fit - INFO - 77/1000, Change: 0.0078288, Rating 1: 1373.5700.
ranking.algos.rank_fit - INFO - 78/1000, Change: 0.0082305, Rating 1: 1373.5900.
ranking.algos.rank_fit - INFO - 79/1000, Change: 0.0067202, Rating 1: 1373.6100.
ranking.algos.rank_fit - INFO - 80/1000, Change: 0.0064758, Rating 1: 1373.6300.
ranking.algos.rank_fit - INFO - 81/1000, Change: 0.0050800, Rating 1: 1373.6400.
ranking.algos.rank_fit - INFO - 82/1000, Change: 0.0043994, Rating 1: 1373.6500.
ranking.algos.rank_fit - INFO - 83/1000, Change: 0.0040161, Rating 1: 1373.6600.
ranking.algos.rank_fit - INFO - 84/1000, Change: 0.0043994, Rating 1: 1373.6700.
ranking.algos.rank_fit - INFO - 85/1000, Change: 0.0035921, Rating 1: 1373.6800.
ranking.algos.rank_fit - INFO - 86/1000, Change: 0.0031109, Rating 1: 1373.6900.
ranking.algos.rank_fit - INFO - 87/1000, Change: 0.0035921, Rating 1: 1373.7000.
ranking.algos.rank_fit - INFO - 88/1000, Change: 0.0031109, Rating 1: 1373.7100.
ranking.algos.rank_fit - INFO - 89/1000, Change: 0.0000000, Rating 1: 1373.7100.
ranking.data_preparation - INFO - RMSE: 309.28, Max Sum Resid: 0.15
ranking.data_preparation - INFO - Applying Windmill algorithm on the EUF-2024-mixed dataset.
ranking.games_dataset - INFO - Calculating ratings by Windmill.
ranking.data_preparation - INFO - RMSE: 3.83, Max Sum Resid: 0.14
ranking.data_preparation - INFO - Applying Sigmoid algorithm on the EUF-2024-mixed dataset.
ranking.games_dataset - INFO - Calculating ratings by Sigmoid.
ranking.data_preparation - INFO - RMSE: 3.76, Max Sum Resid: 5.40
ranking.data_preparation - INFO - Output files saved to output/2024.
ranking.data_preparation - INFO - Applying USAU algorithm on the EUF-2024-open dataset.
ranking.games_dataset - INFO - Calculating ratings by USAU.
ranking.algos.rank_fit - INFO - 1/1000, Change: 128.2853488, Rating 1: 244.6500.
ranking.algos.rank_fit - INFO - 2/1000, Change: 66.2039824, Rating 1: 357.9400.
ranking.algos.rank_fit - INFO - 3/1000, Change: 41.5323238, Rating 1: 426.6400.
ranking.algos.rank_fit - INFO - 4/1000, Change: 36.2465234, Rating 1: 477.3600.
ranking.algos.rank_fit - INFO - 5/1000, Change: 35.4469682, Rating 1: 519.0800.
ranking.algos.rank_fit - INFO - 6/1000, Change: 27.9257655, Rating 1: 555.3900.
ranking.algos.rank_fit - INFO - 7/1000, Change: 27.3311125, Rating 1: 587.9200.
ranking.algos.rank_fit - INFO - 8/1000, Change: 22.5297698, Rating 1: 617.5100.
ranking.algos.rank_fit - INFO - 9/1000, Change: 19.4172165, Rating 1: 644.6300.
ranking.algos.rank_fit - INFO - 10/1000, Change: 17.0918667, Rating 1: 669.6100.
ranking.algos.rank_fit - INFO - 11/1000, Change: 15.6008604, Rating 1: 692.6700.
ranking.algos.rank_fit - INFO - 12/1000, Change: 14.0982176, Rating 1: 713.9700.
ranking.algos.rank_fit - INFO - 13/1000, Change: 12.7823691, Rating 1: 733.6700.
ranking.algos.rank_fit - INFO - 14/1000, Change: 11.6586427, Rating 1: 751.8700.
ranking.algos.rank_fit - INFO - 15/1000, Change: 10.6589171, Rating 1: 768.7000.
ranking.algos.rank_fit - INFO - 16/1000, Change: 11.0579341, Rating 1: 784.3000.
ranking.algos.rank_fit - INFO - 17/1000, Change: 9.6210028, Rating 1: 798.7600.
ranking.algos.rank_fit - INFO - 18/1000, Change: 8.6694948, Rating 1: 812.1500.
ranking.algos.rank_fit - INFO - 19/1000, Change: 7.8922713, Rating 1: 824.5700.
ranking.algos.rank_fit - INFO - 20/1000, Change: 7.2171722, Rating 1: 836.0700.
ranking.algos.rank_fit - INFO - 21/1000, Change: 6.6157973, Rating 1: 846.7200.
ranking.algos.rank_fit - INFO - 22/1000, Change: 6.0736336, Rating 1: 856.5700.
ranking.algos.rank_fit - INFO - 23/1000, Change: 5.5823382, Rating 1: 865.6900.
ranking.algos.rank_fit - INFO - 24/1000, Change: 5.1559145, Rating 1: 874.1300.
ranking.algos.rank_fit - INFO - 25/1000, Change: 4.7576486, Rating 1: 881.9400.
ranking.algos.rank_fit - INFO - 26/1000, Change: 4.3924874, Rating 1: 889.1600.
ranking.algos.rank_fit - INFO - 27/1000, Change: 4.0583709, Rating 1: 895.8500.
ranking.algos.rank_fit - INFO - 28/1000, Change: 3.7489000, Rating 1: 902.0400.
ranking.algos.rank_fit - INFO - 29/1000, Change: 3.4658790, Rating 1: 907.7800.
ranking.algos.rank_fit - INFO - 30/1000, Change: 3.2046448, Rating 1: 913.1000.
ranking.algos.rank_fit - INFO - 31/1000, Change: 2.9637071, Rating 1: 918.0200.
ranking.algos.rank_fit - INFO - 32/1000, Change: 2.7398884, Rating 1: 922.5800.
ranking.algos.rank_fit - INFO - 33/1000, Change: 2.5350362, Rating 1: 926.8000.
ranking.algos.rank_fit - INFO - 34/1000, Change: 2.3451001, Rating 1: 930.7100.
ranking.algos.rank_fit - INFO - 35/1000, Change: 2.1707589, Rating 1: 934.3300.
ranking.algos.rank_fit - INFO - 36/1000, Change: 2.0077941, Rating 1: 937.6900.
ranking.algos.rank_fit - INFO - 37/1000, Change: 1.8575737, Rating 1: 940.7900.
ranking.algos.rank_fit - INFO - 38/1000, Change: 1.7192424, Rating 1: 943.6700.
ranking.algos.rank_fit - INFO - 39/1000, Change: 1.5909449, Rating 1: 946.3300.
ranking.algos.rank_fit - INFO - 40/1000, Change: 1.4731589, Rating 1: 948.8000.
ranking.algos.rank_fit - INFO - 41/1000, Change: 1.3626822, Rating 1: 951.0800.
ranking.algos.rank_fit - INFO - 42/1000, Change: 1.2623617, Rating 1: 953.1900.
ranking.algos.rank_fit - INFO - 43/1000, Change: 1.1669190, Rating 1: 955.1500.
ranking.algos.rank_fit - INFO - 44/1000, Change: 1.0807643, Rating 1: 956.9600.
ranking.algos.rank_fit - INFO - 45/1000, Change: 0.9997757, Rating 1: 958.6400.
ranking.algos.rank_fit - INFO - 46/1000, Change: 0.9253694, Rating 1: 960.1900.
ranking.algos.rank_fit - INFO - 47/1000, Change: 0.8559523, Rating 1: 961.6300.
ranking.algos.rank_fit - INFO - 48/1000, Change: 0.7927060, Rating 1: 962.9600.
ranking.algos.rank_fit - INFO - 49/1000, Change: 0.7334011, Rating 1: 964.1900.
ranking.algos.rank_fit - INFO - 50/1000, Change: 0.6793610, Rating 1: 965.3300.
ranking.algos.rank_fit - INFO - 51/1000, Change: 0.6281265, Rating 1: 966.3800.
ranking.algos.rank_fit - INFO - 52/1000, Change: 0.5820849, Rating 1: 967.3600.
ranking.algos.rank_fit - INFO - 53/1000, Change: 0.5384767, Rating 1: 968.2600.
ranking.algos.rank_fit - INFO - 54/1000, Change: 0.4986296, Rating 1: 969.1000.
ranking.algos.rank_fit - INFO - 55/1000, Change: 0.4616771, Rating 1: 969.8800.
ranking.algos.rank_fit - INFO - 56/1000, Change: 0.4275478, Rating 1: 970.6000.
ranking.algos.rank_fit - INFO - 57/1000, Change: 0.3951708, Rating 1: 971.2600.
ranking.algos.rank_fit - INFO - 58/1000, Change: 0.3659742, Rating 1: 971.8700.
ranking.algos.rank_fit - INFO - 59/1000, Change: 0.3398823, Rating 1: 972.4400.
ranking.algos.rank_fit - INFO - 60/1000, Change: 0.3144837, Rating 1: 972.9700.
ranking.algos.rank_fit - INFO - 61/1000, Change: 0.2909246, Rating 1: 973.4600.
ranking.algos.rank_fit - INFO - 62/1000, Change: 0.2688281, Rating 1: 973.9100.
ranking.algos.rank_fit - INFO - 63/1000, Change: 0.2499657, Rating 1: 974.3300.
ranking.algos.rank_fit - INFO - 64/1000, Change: 0.2302669, Rating 1: 974.7200.
ranking.algos.rank_fit - INFO - 65/1000, Change: 0.2127104, Rating 1: 975.0700.
ranking.algos.rank_fit - INFO - 66/1000, Change: 0.1974842, Rating 1: 975.4000.
ranking.algos.rank_fit - INFO - 67/1000, Change: 0.1830457, Rating 1: 975.7100.
ranking.algos.rank_fit - INFO - 68/1000, Change: 0.1700924, Rating 1: 975.9900.
ranking.algos.rank_fit - INFO - 69/1000, Change: 0.1557746, Rating 1: 976.2500.
ranking.algos.rank_fit - INFO - 70/1000, Change: 0.1445288, Rating 1: 976.5000.
ranking.algos.rank_fit - INFO - 71/1000, Change: 0.1346954, Rating 1: 976.7300.
ranking.algos.rank_fit - INFO - 72/1000, Change: 0.1241082, Rating 1: 976.9400.
ranking.algos.rank_fit - INFO - 73/1000, Change: 0.1150279, Rating 1: 977.1300.
ranking.algos.rank_fit - INFO - 74/1000, Change: 0.1070247, Rating 1: 977.3100.
ranking.algos.rank_fit - INFO - 75/1000, Change: 0.0982853, Rating 1: 977.4700.
ranking.algos.rank_fit - INFO - 76/1000, Change: 0.0909003, Rating 1: 977.6200.
ranking.algos.rank_fit - INFO - 77/1000, Change: 0.0844985, Rating 1: 977.7600.
ranking.algos.rank_fit - INFO - 78/1000, Change: 0.0776439, Rating 1: 977.8900.
ranking.algos.rank_fit - INFO - 79/1000, Change: 0.0728599, Rating 1: 978.0100.
ranking.algos.rank_fit - INFO - 80/1000, Change: 0.0669968, Rating 1: 978.1300.
ranking.algos.rank_fit - INFO - 81/1000, Change: 0.0624500, Rating 1: 978.2300.
ranking.algos.rank_fit - INFO - 82/1000, Change: 0.0577185, Rating 1: 978.3300.
ranking.algos.rank_fit - INFO - 83/1000, Change: 0.0535590, Rating 1: 978.4200.
ranking.algos.rank_fit - INFO - 84/1000, Change: 0.0491935, Rating 1: 978.5000.
ranking.algos.rank_fit - INFO - 85/1000, Change: 0.0457321, Rating 1: 978.5800.
ranking.algos.rank_fit - INFO - 86/1000, Change: 0.0416448, Rating 1: 978.6500.
ranking.algos.rank_fit - INFO - 87/1000, Change: 0.0390238, Rating 1: 978.7200.
ranking.algos.rank_fit - INFO - 88/1000, Change: 0.0368006, Rating 1: 978.7800.
ranking.algos.rank_fit - INFO - 89/1000, Change: 0.0337215, Rating 1: 978.8400.
ranking.algos.rank_fit - INFO - 90/1000, Change: 0.0306128, Rating 1: 978.8900.
ranking.algos.rank_fit - INFO - 91/1000, Change: 0.0287352, Rating 1: 978.9400.
ranking.algos.rank_fit - INFO - 92/1000, Change: 0.0267795, Rating 1: 978.9800.
ranking.algos.rank_fit - INFO - 93/1000, Change: 0.0244949, Rating 1: 979.0200.
ranking.algos.rank_fit - INFO - 94/1000, Change: 0.0222967, Rating 1: 979.0600.
ranking.algos.rank_fit - INFO - 95/1000, Change: 0.0211119, Rating 1: 979.1000.
ranking.algos.rank_fit - INFO - 96/1000, Change: 0.0196396, Rating 1: 979.1300.
ranking.algos.rank_fit - INFO - 97/1000, Change: 0.0179682, Rating 1: 979.1600.
ranking.algos.rank_fit - INFO - 98/1000, Change: 0.0170713, Rating 1: 979.1900.
ranking.algos.rank_fit - INFO - 99/1000, Change: 0.0151186, Rating 1: 979.2100.
ranking.algos.rank_fit - INFO - 100/1000, Change: 0.0152128, Rating 1: 979.2400.
ranking.algos.rank_fit - INFO - 101/1000, Change: 0.0136277, Rating 1: 979.2600.
ranking.algos.rank_fit - INFO - 102/1000, Change: 0.0121890, Rating 1: 979.2800.
ranking.algos.rank_fit - INFO - 103/1000, Change: 0.0119523, Rating 1: 979.3000.
ranking.algos.rank_fit - INFO - 104/1000, Change: 0.0109545, Rating 1: 979.3200.
ranking.algos.rank_fit - INFO - 105/1000, Change: 0.0115882, Rating 1: 979.3400.
ranking.algos.rank_fit - INFO - 106/1000, Change: 0.0097101, Rating 1: 979.3500.
ranking.algos.rank_fit - INFO - 107/1000, Change: 0.0094112, Rating 1: 979.3700.
ranking.algos.rank_fit - INFO - 108/1000, Change: 0.0092582, Rating 1: 979.3800.
ranking.algos.rank_fit - INFO - 109/1000, Change: 0.0079282, Rating 1: 979.3900.
ranking.algos.rank_fit - INFO - 110/1000, Change: 0.0067612, Rating 1: 979.4000.
ranking.algos.rank_fit - INFO - 111/1000, Change: 0.0067612, Rating 1: 979.4100.
ranking.algos.rank_fit - INFO - 112/1000, Change: 0.0063246, Rating 1: 979.4200.
ranking.algos.rank_fit - INFO - 113/1000, Change: 0.0065465, Rating 1: 979.4300.
ranking.algos.rank_fit - INFO - 114/1000, Change: 0.0058554, Rating 1: 979.4400.
ranking.algos.rank_fit - INFO - 115/1000, Change: 0.0058554, Rating 1: 979.4500.
ranking.algos.rank_fit - INFO - 116/1000, Change: 0.0056061, Rating 1: 979.4600.
ranking.algos.rank_fit - INFO - 117/1000, Change: 0.0047809, Rating 1: 979.4600.
ranking.algos.rank_fit - INFO - 118/1000, Change: 0.0044721, Rating 1: 979.4700.
ranking.algos.rank_fit - INFO - 119/1000, Change: 0.0047809, Rating 1: 979.4800.
ranking.algos.rank_fit - INFO - 120/1000, Change: 0.0033806, Rating 1: 979.4800.
ranking.algos.rank_fit - INFO - 121/1000, Change: 0.0037796, Rating 1: 979.4900.
ranking.algos.rank_fit - INFO - 122/1000, Change: 0.0033806, Rating 1: 979.4900.
ranking.algos.rank_fit - INFO - 123/1000, Change: 0.0047809, Rating 1: 979.5000.
ranking.algos.rank_fit - INFO - 124/1000, Change: 0.0029277, Rating 1: 979.5000.
ranking.algos.rank_fit - INFO - 125/1000, Change: 0.0023905, Rating 1: 979.5000.
ranking.algos.rank_fit - INFO - 126/1000, Change: 0.0029277, Rating 1: 979.5100.
ranking.algos.rank_fit - INFO - 127/1000, Change: 0.0023905, Rating 1: 979.5100.
ranking.algos.rank_fit - INFO - 128/1000, Change: 0.0023905, Rating 1: 979.5100.
ranking.algos.rank_fit - INFO - 129/1000, Change: 0.0023905, Rating 1: 979.5100.
ranking.algos.rank_fit - INFO - 130/1000, Change: 0.0023905, Rating 1: 979.5100.
ranking.algos.rank_fit - INFO - 131/1000, Change: 0.0029277, Rating 1: 979.5200.
ranking.algos.rank_fit - INFO - 132/1000, Change: 0.0016903, Rating 1: 979.5200.
ranking.algos.rank_fit - INFO - 133/1000, Change: 0.0000000, Rating 1: 979.5200.
ranking.data_preparation - INFO - RMSE: 272.31, Max Sum Resid: 0.13
ranking.data_preparation - INFO - Applying Windmill algorithm on the EUF-2024-open dataset.
ranking.games_dataset - INFO - Calculating ratings by Windmill.
ranking.data_preparation - INFO - RMSE: 3.36, Max Sum Resid: 0.07
ranking.data_preparation - INFO - Applying Sigmoid algorithm on the EUF-2024-open dataset.
ranking.games_dataset - INFO - Calculating ratings by Sigmoid.
ranking.data_preparation - INFO - RMSE: 3.20, Max Sum Resid: 5.47
ranking.data_preparation - INFO - Output files saved to output/2024.
ranking.data_preparation - INFO - Applying USAU algorithm on the EUF-2024-women dataset.
ranking.games_dataset - INFO - Calculating ratings by USAU.
ranking.algos.rank_fit - INFO - 1/1000, Change: 132.1708865, Rating 1: 184.0000.
ranking.algos.rank_fit - INFO - 2/1000, Change: 64.1622796, Rating 1: 261.5300.
ranking.algos.rank_fit - INFO - 3/1000, Change: 43.7928035, Rating 1: 297.9100.
ranking.algos.rank_fit - INFO - 4/1000, Change: 35.8173471, Rating 1: 354.4000.
ranking.algos.rank_fit - INFO - 5/1000, Change: 40.3388480, Rating 1: 402.2300.
ranking.algos.rank_fit - INFO - 6/1000, Change: 31.5990397, Rating 1: 443.9400.
ranking.algos.rank_fit - INFO - 7/1000, Change: 27.7270940, Rating 1: 480.9400.
ranking.algos.rank_fit - INFO - 8/1000, Change: 24.8614351, Rating 1: 514.1400.
ranking.algos.rank_fit - INFO - 9/1000, Change: 22.5910068, Rating 1: 544.1400.
ranking.algos.rank_fit - INFO - 10/1000, Change: 20.7046488, Rating 1: 571.4000.
ranking.algos.rank_fit - INFO - 11/1000, Change: 19.0837408, Rating 1: 596.2900.
ranking.algos.rank_fit - INFO - 12/1000, Change: 17.6587890, Rating 1: 619.0900.
ranking.algos.rank_fit - INFO - 13/1000, Change: 16.3780727, Rating 1: 640.0300.
ranking.algos.rank_fit - INFO - 14/1000, Change: 17.6470447, Rating 1: 659.3100.
ranking.algos.rank_fit - INFO - 15/1000, Change: 15.4537937, Rating 1: 677.0900.
ranking.algos.rank_fit - INFO - 16/1000, Change: 14.0757990, Rating 1: 693.5200.
ranking.algos.rank_fit - INFO - 17/1000, Change: 12.9584544, Rating 1: 708.7100.
ranking.algos.rank_fit - INFO - 18/1000, Change: 11.9799268, Rating 1: 722.7800.
ranking.algos.rank_fit - INFO - 19/1000, Change: 11.3165854, Rating 1: 735.8300.
ranking.algos.rank_fit - INFO - 20/1000, Change: 10.6671480, Rating 1: 747.9200.
ranking.algos.rank_fit - INFO - 21/1000, Change: 10.0771673, Rating 1: 759.1900.
ranking.algos.rank_fit - INFO - 22/1000, Change: 9.5319957, Rating 1: 769.7200.
ranking.algos.rank_fit - INFO - 23/1000, Change: 9.0258335, Rating 1: 779.6000.
ranking.algos.rank_fit - INFO - 24/1000, Change: 8.6741713, Rating 1: 788.8800.
ranking.algos.rank_fit - INFO - 25/1000, Change: 8.3390171, Rating 1: 797.7800.
ranking.algos.rank_fit - INFO - 26/1000, Change: 8.0262910, Rating 1: 806.3700.
ranking.algos.rank_fit - INFO - 27/1000, Change: 7.7281186, Rating 1: 814.6700.
ranking.algos.rank_fit - INFO - 28/1000, Change: 7.4464579, Rating 1: 822.6900.
ranking.algos.rank_fit - INFO - 29/1000, Change: 7.1788116, Rating 1: 830.4500.
ranking.algos.rank_fit - INFO - 30/1000, Change: 6.9218665, Rating 1: 837.9600.
ranking.algos.rank_fit - INFO - 31/1000, Change: 6.6780646, Rating 1: 845.2300.
ranking.algos.rank_fit - INFO - 32/1000, Change: 6.4405900, Rating 1: 852.2500.
ranking.algos.rank_fit - INFO - 33/1000, Change: 6.2146918, Rating 1: 859.0400.
ranking.algos.rank_fit - INFO - 34/1000, Change: 5.9972003, Rating 1: 865.6000.
ranking.algos.rank_fit - INFO - 35/1000, Change: 5.7862850, Rating 1: 871.9400.
ranking.algos.rank_fit - INFO - 36/1000, Change: 5.6798804, Rating 1: 878.0600.
ranking.algos.rank_fit - INFO - 37/1000, Change: 5.5719967, Rating 1: 884.0900.
ranking.algos.rank_fit - INFO - 38/1000, Change: 5.4670042, Rating 1: 890.0400.
ranking.algos.rank_fit - INFO - 39/1000, Change: 5.3663631, Rating 1: 895.9200.
ranking.algos.rank_fit - INFO - 40/1000, Change: 5.2689362, Rating 1: 901.7300.
ranking.algos.rank_fit - INFO - 41/1000, Change: 5.1758085, Rating 1: 907.4700.
ranking.algos.rank_fit - INFO - 42/1000, Change: 5.0849062, Rating 1: 913.1300.
ranking.algos.rank_fit - INFO - 43/1000, Change: 4.9966006, Rating 1: 918.7200.
ranking.algos.rank_fit - INFO - 44/1000, Change: 4.9087898, Rating 1: 924.2300.
ranking.algos.rank_fit - INFO - 45/1000, Change: 4.8258367, Rating 1: 929.6600.
ranking.algos.rank_fit - INFO - 46/1000, Change: 4.7440222, Rating 1: 935.0100.
ranking.algos.rank_fit - INFO - 47/1000, Change: 4.6630550, Rating 1: 940.2800.
ranking.algos.rank_fit - INFO - 48/1000, Change: 4.5819845, Rating 1: 945.4600.
ranking.algos.rank_fit - INFO - 49/1000, Change: 4.5035626, Rating 1: 950.5600.
ranking.algos.rank_fit - INFO - 50/1000, Change: 4.4279414, Rating 1: 955.5800.
ranking.algos.rank_fit - INFO - 51/1000, Change: 4.3538759, Rating 1: 960.5200.
ranking.algos.rank_fit - INFO - 52/1000, Change: 4.2797725, Rating 1: 965.3800.
ranking.algos.rank_fit - INFO - 53/1000, Change: 4.2079295, Rating 1: 970.1600.
ranking.algos.rank_fit - INFO - 54/1000, Change: 4.1367976, Rating 1: 974.8600.
ranking.algos.rank_fit - INFO - 55/1000, Change: 4.0652740, Rating 1: 979.4800.
ranking.algos.rank_fit - INFO - 56/1000, Change: 3.9958670, Rating 1: 984.0300.
ranking.algos.rank_fit - INFO - 57/1000, Change: 3.9290270, Rating 1: 988.5000.
ranking.algos.rank_fit - INFO - 58/1000, Change: 3.8629720, Rating 1: 992.8900.
ranking.algos.rank_fit - INFO - 59/1000, Change: 3.7966890, Rating 1: 997.2100.
ranking.algos.rank_fit - INFO - 60/1000, Change: 3.7332552, Rating 1: 1001.4600.
ranking.algos.rank_fit - INFO - 61/1000, Change: 3.6704680, Rating 1: 1005.6300.
ranking.algos.rank_fit - INFO - 62/1000, Change: 3.6092267, Rating 1: 1009.7400.
ranking.algos.rank_fit - INFO - 63/1000, Change: 3.5482017, Rating 1: 1013.7800.
ranking.algos.rank_fit - INFO - 64/1000, Change: 3.4864857, Rating 1: 1017.7500.
ranking.algos.rank_fit - INFO - 65/1000, Change: 3.4273064, Rating 1: 1021.6500.
ranking.algos.rank_fit - INFO - 66/1000, Change: 3.3698246, Rating 1: 1025.4800.
ranking.algos.rank_fit - INFO - 67/1000, Change: 3.3133251, Rating 1: 1029.2500.
ranking.algos.rank_fit - INFO - 68/1000, Change: 3.2578764, Rating 1: 1032.9600.
ranking.algos.rank_fit - INFO - 69/1000, Change: 3.2017302, Rating 1: 1036.6100.
ranking.algos.rank_fit - INFO - 70/1000, Change: 3.1472369, Rating 1: 1040.1900.
ranking.algos.rank_fit - INFO - 71/1000, Change: 3.0939856, Rating 1: 1043.7100.
ranking.algos.rank_fit - INFO - 72/1000, Change: 3.0423134, Rating 1: 1047.1700.
ranking.algos.rank_fit - INFO - 73/1000, Change: 2.9914879, Rating 1: 1050.5800.
ranking.algos.rank_fit - INFO - 74/1000, Change: 2.9404581, Rating 1: 1053.9300.
ranking.algos.rank_fit - INFO - 75/1000, Change: 2.8909117, Rating 1: 1057.2200.
ranking.algos.rank_fit - INFO - 76/1000, Change: 2.8420332, Rating 1: 1060.4500.
ranking.algos.rank_fit - INFO - 77/1000, Change: 2.7945409, Rating 1: 1063.6300.
ranking.algos.rank_fit - INFO - 78/1000, Change: 2.7469598, Rating 1: 1066.7600.
ranking.algos.rank_fit - INFO - 79/1000, Change: 2.7014103, Rating 1: 1069.8300.
ranking.algos.rank_fit - INFO - 80/1000, Change: 2.6544524, Rating 1: 1072.8500.
ranking.algos.rank_fit - INFO - 81/1000, Change: 2.6098625, Rating 1: 1075.8200.
ranking.algos.rank_fit - INFO - 82/1000, Change: 2.5660235, Rating 1: 1078.7400.
ranking.algos.rank_fit - INFO - 83/1000, Change: 2.5223227, Rating 1: 1081.6100.
ranking.algos.rank_fit - INFO - 84/1000, Change: 2.4790036, Rating 1: 1084.4300.
ranking.algos.rank_fit - INFO - 85/1000, Change: 2.4373394, Rating 1: 1087.2100.
ranking.algos.rank_fit - INFO - 86/1000, Change: 2.3958371, Rating 1: 1089.9300.
ranking.algos.rank_fit - INFO - 87/1000, Change: 2.3557764, Rating 1: 1092.6100.
ranking.algos.rank_fit - INFO - 88/1000, Change: 2.3176281, Rating 1: 1095.2500.
ranking.algos.rank_fit - INFO - 89/1000, Change: 2.2777375, Rating 1: 1097.8400.
ranking.algos.rank_fit - INFO - 90/1000, Change: 2.2395535, Rating 1: 1100.3900.
ranking.algos.rank_fit - INFO - 91/1000, Change: 2.2013231, Rating 1: 1102.8900.
ranking.algos.rank_fit - INFO - 92/1000, Change: 2.1633444, Rating 1: 1105.3500.
ranking.algos.rank_fit - INFO - 93/1000, Change: 2.1272753, Rating 1: 1107.7700.
ranking.algos.rank_fit - INFO - 94/1000, Change: 2.0917471, Rating 1: 1110.1500.
ranking.algos.rank_fit - INFO - 95/1000, Change: 2.0542410, Rating 1: 1112.4900.
ranking.algos.rank_fit - INFO - 96/1000, Change: 2.0212256, Rating 1: 1114.7900.
ranking.algos.rank_fit - INFO - 97/1000, Change: 1.9856041, Rating 1: 1117.0500.
ranking.algos.rank_fit - INFO - 98/1000, Change: 1.9535488, Rating 1: 1119.2800.
ranking.algos.rank_fit - INFO - 99/1000, Change: 1.9202849, Rating 1: 1121.4600.
ranking.algos.rank_fit - INFO - 100/1000, Change: 1.8877048, Rating 1: 1123.6100.
ranking.algos.rank_fit - INFO - 101/1000, Change: 1.8557589, Rating 1: 1125.7200.
ranking.algos.rank_fit - INFO - 102/1000, Change: 1.8248529, Rating 1: 1127.8000.
ranking.algos.rank_fit - INFO - 103/1000, Change: 1.7927124, Rating 1: 1129.8400.
ranking.algos.rank_fit - INFO - 104/1000, Change: 1.7620793, Rating 1: 1131.8500.
ranking.algos.rank_fit - INFO - 105/1000, Change: 1.7345706, Rating 1: 1133.8200.
ranking.algos.rank_fit - INFO - 106/1000, Change: 1.7027020, Rating 1: 1135.7600.
ranking.algos.rank_fit - INFO - 107/1000, Change: 1.6764756, Rating 1: 1137.6700.
ranking.algos.rank_fit - INFO - 108/1000, Change: 1.6468348, Rating 1: 1139.5400.
ranking.algos.rank_fit - INFO - 109/1000, Change: 1.6197186, Rating 1: 1141.3900.
ranking.algos.rank_fit - INFO - 110/1000, Change: 1.5917471, Rating 1: 1143.2000.
ranking.algos.rank_fit - INFO - 111/1000, Change: 1.5650503, Rating 1: 1144.9800.
ranking.algos.rank_fit - INFO - 112/1000, Change: 1.5395607, Rating 1: 1146.7300.
ranking.algos.rank_fit - INFO - 113/1000, Change: 1.5129500, Rating 1: 1148.4500.
ranking.algos.rank_fit - INFO - 114/1000, Change: 1.4867394, Rating 1: 1150.1500.
ranking.algos.rank_fit - INFO - 115/1000, Change: 1.4614014, Rating 1: 1151.8100.
ranking.algos.rank_fit - INFO - 116/1000, Change: 1.4380399, Rating 1: 1153.4500.
ranking.algos.rank_fit - INFO - 117/1000, Change: 1.4127487, Rating 1: 1155.0600.
ranking.algos.rank_fit - INFO - 118/1000, Change: 1.3894243, Rating 1: 1156.6400.
ranking.algos.rank_fit - INFO - 119/1000, Change: 1.3640856, Rating 1: 1158.1900.
ranking.algos.rank_fit - INFO - 120/1000, Change: 1.3416671, Rating 1: 1159.7200.
ranking.algos.rank_fit - INFO - 121/1000, Change: 1.3194406, Rating 1: 1161.2200.
ranking.algos.rank_fit - INFO - 122/1000, Change: 1.2976359, Rating 1: 1162.7000.
ranking.algos.rank_fit - INFO - 123/1000, Change: 1.2739794, Rating 1: 1164.1500.
ranking.algos.rank_fit - INFO - 124/1000, Change: 1.2544157, Rating 1: 1165.5800.
ranking.algos.rank_fit - INFO - 125/1000, Change: 1.2322767, Rating 1: 1166.9800.
ranking.algos.rank_fit - INFO - 126/1000, Change: 1.2109063, Rating 1: 1168.3600.
ranking.algos.rank_fit - INFO - 127/1000, Change: 1.1908474, Rating 1: 1169.7100.
ranking.algos.rank_fit - INFO - 128/1000, Change: 1.1694141, Rating 1: 1171.0400.
ranking.algos.rank_fit - INFO - 129/1000, Change: 1.1504321, Rating 1: 1172.3500.
ranking.algos.rank_fit - INFO - 130/1000, Change: 1.1316100, Rating 1: 1173.6400.
ranking.algos.rank_fit - INFO - 131/1000, Change: 1.1113320, Rating 1: 1174.9100.
ranking.algos.rank_fit - INFO - 132/1000, Change: 1.0948435, Rating 1: 1176.1500.
ranking.algos.rank_fit - INFO - 133/1000, Change: 1.0745122, Rating 1: 1177.3700.
ranking.algos.rank_fit - INFO - 134/1000, Change: 1.0560442, Rating 1: 1178.5700.
ranking.algos.rank_fit - INFO - 135/1000, Change: 1.0396691, Rating 1: 1179.7500.
ranking.algos.rank_fit - INFO - 136/1000, Change: 1.0207350, Rating 1: 1180.9100.
ranking.algos.rank_fit - INFO - 137/1000, Change: 1.0051953, Rating 1: 1182.0600.
ranking.algos.rank_fit - INFO - 138/1000, Change: 0.9875966, Rating 1: 1183.1800.
ranking.algos.rank_fit - INFO - 139/1000, Change: 0.9709880, Rating 1: 1184.2900.
ranking.algos.rank_fit - INFO - 140/1000, Change: 0.9548760, Rating 1: 1185.3800.
ranking.algos.rank_fit - INFO - 141/1000, Change: 0.9382274, Rating 1: 1186.4500.
ranking.algos.rank_fit - INFO - 142/1000, Change: 0.9223468, Rating 1: 1187.5000.
ranking.algos.rank_fit - INFO - 143/1000, Change: 0.9067752, Rating 1: 1188.5300.
ranking.algos.rank_fit - INFO - 144/1000, Change: 0.8911163, Rating 1: 1189.5400.
ranking.algos.rank_fit - INFO - 145/1000, Change: 0.8770707, Rating 1: 1190.5400.
ranking.algos.rank_fit - INFO - 146/1000, Change: 0.8621724, Rating 1: 1191.5200.
ranking.algos.rank_fit - INFO - 147/1000, Change: 0.8470086, Rating 1: 1192.4800.
ranking.algos.rank_fit - INFO - 148/1000, Change: 0.8337160, Rating 1: 1193.4300.
ranking.algos.rank_fit - INFO - 149/1000, Change: 0.8177768, Rating 1: 1194.3600.
ranking.algos.rank_fit - INFO - 150/1000, Change: 0.8053863, Rating 1: 1195.2800.
ranking.algos.rank_fit - INFO - 151/1000, Change: 0.7899516, Rating 1: 1196.1800.
ranking.algos.rank_fit - INFO - 152/1000, Change: 0.7762618, Rating 1: 1197.0600.
ranking.algos.rank_fit - INFO - 153/1000, Change: 0.7631629, Rating 1: 1197.9300.
ranking.algos.rank_fit - INFO - 154/1000, Change: 0.7508192, Rating 1: 1198.7800.
ranking.algos.rank_fit - INFO - 155/1000, Change: 0.7388544, Rating 1: 1199.6200.
ranking.algos.rank_fit - INFO - 156/1000, Change: 0.7265187, Rating 1: 1200.4500.
ranking.algos.rank_fit - INFO - 157/1000, Change: 0.7127577, Rating 1: 1201.2600.
ranking.algos.rank_fit - INFO - 158/1000, Change: 0.7017751, Rating 1: 1202.0600.
ranking.algos.rank_fit - INFO - 159/1000, Change: 0.6908775, Rating 1: 1202.8400.
ranking.algos.rank_fit - INFO - 160/1000, Change: 0.6783111, Rating 1: 1203.6100.
ranking.algos.rank_fit - INFO - 161/1000, Change: 0.6671934, Rating 1: 1204.3700.
ranking.algos.rank_fit - INFO - 162/1000, Change: 0.6555240, Rating 1: 1205.1200.
ranking.algos.rank_fit - INFO - 163/1000, Change: 0.6439035, Rating 1: 1205.8500.
ranking.algos.rank_fit - INFO - 164/1000, Change: 0.6333849, Rating 1: 1206.5700.
ranking.algos.rank_fit - INFO - 165/1000, Change: 0.6227265, Rating 1: 1207.2800.
ranking.algos.rank_fit - INFO - 166/1000, Change: 0.6126077, Rating 1: 1207.9800.
ranking.algos.rank_fit - INFO - 167/1000, Change: 0.6032412, Rating 1: 1208.6700.
ranking.algos.rank_fit - INFO - 168/1000, Change: 0.5930976, Rating 1: 1209.3400.
ranking.algos.rank_fit - INFO - 169/1000, Change: 0.5810741, Rating 1: 1210.0000.
ranking.algos.rank_fit - INFO - 170/1000, Change: 0.5716025, Rating 1: 1210.6500.
ranking.algos.rank_fit - INFO - 171/1000, Change: 0.5634766, Rating 1: 1211.2900.
ranking.algos.rank_fit - INFO - 172/1000, Change: 0.5521562, Rating 1: 1211.9200.
ranking.algos.rank_fit - INFO - 173/1000, Change: 0.5445343, Rating 1: 1212.5400.
ranking.algos.rank_fit - INFO - 174/1000, Change: 0.5348667, Rating 1: 1213.1500.
ranking.algos.rank_fit - INFO - 175/1000, Change: 0.5255249, Rating 1: 1213.7500.
ranking.algos.rank_fit - INFO - 176/1000, Change: 0.5171187, Rating 1: 1214.3400.
ranking.algos.rank_fit - INFO - 177/1000, Change: 0.5088395, Rating 1: 1214.9200.
ranking.algos.rank_fit - INFO - 178/1000, Change: 0.4993643, Rating 1: 1215.4900.
ranking.algos.rank_fit - INFO - 179/1000, Change: 0.4917137, Rating 1: 1216.0500.
ranking.algos.rank_fit - INFO - 180/1000, Change: 0.4822435, Rating 1: 1216.6000.
ranking.algos.rank_fit - INFO - 181/1000, Change: 0.4756914, Rating 1: 1217.1400.
ranking.algos.rank_fit - INFO - 182/1000, Change: 0.4671188, Rating 1: 1217.6700.
ranking.algos.rank_fit - INFO - 183/1000, Change: 0.4595714, Rating 1: 1218.1900.
ranking.algos.rank_fit - INFO - 184/1000, Change: 0.4508684, Rating 1: 1218.7000.
ranking.algos.rank_fit - INFO - 185/1000, Change: 0.4430177, Rating 1: 1219.2000.
ranking.algos.rank_fit - INFO - 186/1000, Change: 0.4358292, Rating 1: 1219.7000.
ranking.algos.rank_fit - INFO - 187/1000, Change: 0.4287670, Rating 1: 1220.1900.
ranking.algos.rank_fit - INFO - 188/1000, Change: 0.4218377, Rating 1: 1220.6700.
ranking.algos.rank_fit - INFO - 189/1000, Change: 0.4138201, Rating 1: 1221.1400.
ranking.algos.rank_fit - INFO - 190/1000, Change: 0.4067085, Rating 1: 1221.6000.
ranking.algos.rank_fit - INFO - 191/1000, Change: 0.4010281, Rating 1: 1222.0500.
ranking.algos.rank_fit - INFO - 192/1000, Change: 0.3937751, Rating 1: 1222.5000.
ranking.algos.rank_fit - INFO - 193/1000, Change: 0.3871084, Rating 1: 1222.9400.
ranking.algos.rank_fit - INFO - 194/1000, Change: 0.3801934, Rating 1: 1223.3800.
ranking.algos.rank_fit - INFO - 195/1000, Change: 0.3726377, Rating 1: 1223.8000.
ranking.algos.rank_fit - INFO - 196/1000, Change: 0.3671912, Rating 1: 1224.2200.
ranking.algos.rank_fit - INFO - 197/1000, Change: 0.3622235, Rating 1: 1224.6300.
ranking.algos.rank_fit - INFO - 198/1000, Change: 0.3554202, Rating 1: 1225.0400.
ranking.algos.rank_fit - INFO - 199/1000, Change: 0.3488468, Rating 1: 1225.4400.
ranking.algos.rank_fit - INFO - 200/1000, Change: 0.3421128, Rating 1: 1225.8300.
ranking.algos.rank_fit - INFO - 201/1000, Change: 0.3373861, Rating 1: 1226.2100.
ranking.algos.rank_fit - INFO - 202/1000, Change: 0.3321764, Rating 1: 1226.5900.
ranking.algos.rank_fit - INFO - 203/1000, Change: 0.3255312, Rating 1: 1226.9600.
ranking.algos.rank_fit - INFO - 204/1000, Change: 0.3196045, Rating 1: 1227.3200.
ranking.algos.rank_fit - INFO - 205/1000, Change: 0.3149323, Rating 1: 1227.6800.
ranking.algos.rank_fit - INFO - 206/1000, Change: 0.3096488, Rating 1: 1228.0300.
ranking.algos.rank_fit - INFO - 207/1000, Change: 0.3025188, Rating 1: 1228.3800.
ranking.algos.rank_fit - INFO - 208/1000, Change: 0.2988212, Rating 1: 1228.7200.
ranking.algos.rank_fit - INFO - 209/1000, Change: 0.2947282, Rating 1: 1229.0500.
ranking.algos.rank_fit - INFO - 210/1000, Change: 0.2895229, Rating 1: 1229.3800.
ranking.algos.rank_fit - INFO - 211/1000, Change: 0.2839325, Rating 1: 1229.7000.
ranking.algos.rank_fit - INFO - 212/1000, Change: 0.2793585, Rating 1: 1230.0200.
ranking.algos.rank_fit - INFO - 213/1000, Change: 0.2752111, Rating 1: 1230.3300.
ranking.algos.rank_fit - INFO - 214/1000, Change: 0.2706202, Rating 1: 1230.6400.
ranking.algos.rank_fit - INFO - 215/1000, Change: 0.2655959, Rating 1: 1230.9400.
ranking.algos.rank_fit - INFO - 216/1000, Change: 0.2614327, Rating 1: 1231.2400.
ranking.algos.rank_fit - INFO - 217/1000, Change: 0.2573622, Rating 1: 1231.5300.
ranking.algos.rank_fit - INFO - 218/1000, Change: 0.2539106, Rating 1: 1231.8200.
ranking.algos.rank_fit - INFO - 219/1000, Change: 0.2465766, Rating 1: 1232.1000.
ranking.algos.rank_fit - INFO - 220/1000, Change: 0.2443719, Rating 1: 1232.3800.
ranking.algos.rank_fit - INFO - 221/1000, Change: 0.2378705, Rating 1: 1232.6500.
ranking.algos.rank_fit - INFO - 222/1000, Change: 0.2372886, Rating 1: 1232.9200.
ranking.algos.rank_fit - INFO - 223/1000, Change: 0.2326067, Rating 1: 1233.1900.
ranking.algos.rank_fit - INFO - 224/1000, Change: 0.2273763, Rating 1: 1233.4500.
ranking.algos.rank_fit - INFO - 225/1000, Change: 0.2235936, Rating 1: 1233.7000.
ranking.algos.rank_fit - INFO - 226/1000, Change: 0.2200401, Rating 1: 1233.9500.
ranking.algos.rank_fit - INFO - 227/1000, Change: 0.2158703, Rating 1: 1234.2000.
ranking.algos.rank_fit - INFO - 228/1000, Change: 0.2129761, Rating 1: 1234.4400.
ranking.algos.rank_fit - INFO - 229/1000, Change: 0.2091580, Rating 1: 1234.6800.
ranking.algos.rank_fit - INFO - 230/1000, Change: 0.2050251, Rating 1: 1234.9100.
ranking.algos.rank_fit - INFO - 231/1000, Change: 0.2028619, Rating 1: 1235.1400.
ranking.algos.rank_fit - INFO - 232/1000, Change: 0.1998676, Rating 1: 1235.3700.
ranking.algos.rank_fit - INFO - 233/1000, Change: 0.1951621, Rating 1: 1235.5900.
ranking.algos.rank_fit - INFO - 234/1000, Change: 0.1933604, Rating 1: 1235.8100.
ranking.algos.rank_fit - INFO - 235/1000, Change: 0.1886484, Rating 1: 1236.0200.
ranking.algos.rank_fit - INFO - 236/1000, Change: 0.1855516, Rating 1: 1236.2300.
ranking.algos.rank_fit - INFO - 237/1000, Change: 0.1827889, Rating 1: 1236.4400.
ranking.algos.rank_fit - INFO - 238/1000, Change: 0.1782761, Rating 1: 1236.6400.
ranking.algos.rank_fit - INFO - 239/1000, Change: 0.1756333, Rating 1: 1236.8400.
ranking.algos.rank_fit - INFO - 240/1000, Change: 0.1737645, Rating 1: 1237.0400.
ranking.algos.rank_fit - INFO - 241/1000, Change: 0.1708112, Rating 1: 1237.2300.
ranking.algos.rank_fit - INFO - 242/1000, Change: 0.1673320, Rating 1: 1237.4200.
ranking.algos.rank_fit - INFO - 243/1000, Change: 0.1656183, Rating 1: 1237.6100.
ranking.algos.rank_fit - INFO - 244/1000, Change: 0.1614639, Rating 1: 1237.8000.
ranking.algos.rank_fit - INFO - 245/1000, Change: 0.1590043, Rating 1: 1237.9800.
ranking.algos.rank_fit - INFO - 246/1000, Change: 0.1571623, Rating 1: 1238.1600.
ranking.algos.rank_fit - INFO - 247/1000, Change: 0.1541199, Rating 1: 1238.3300.
ranking.algos.rank_fit - INFO - 248/1000, Change: 0.1510551, Rating 1: 1238.5000.
ranking.algos.rank_fit - INFO - 249/1000, Change: 0.1472493, Rating 1: 1238.6700.
ranking.algos.rank_fit - INFO - 250/1000, Change: 0.1459250, Rating 1: 1238.8400.
ranking.algos.rank_fit - INFO - 251/1000, Change: 0.1442424, Rating 1: 1239.0000.
ranking.algos.rank_fit - INFO - 252/1000, Change: 0.1416499, Rating 1: 1239.1600.
ranking.algos.rank_fit - INFO - 253/1000, Change: 0.1387762, Rating 1: 1239.3200.
ranking.algos.rank_fit - INFO - 254/1000, Change: 0.1359715, Rating 1: 1239.4800.
ranking.algos.rank_fit - INFO - 255/1000, Change: 0.1339886, Rating 1: 1239.6300.
ranking.algos.rank_fit - INFO - 256/1000, Change: 0.1311263, Rating 1: 1239.7800.
ranking.algos.rank_fit - INFO - 257/1000, Change: 0.1300000, Rating 1: 1239.9300.
ranking.algos.rank_fit - INFO - 258/1000, Change: 0.1275332, Rating 1: 1240.0700.
ranking.algos.rank_fit - INFO - 259/1000, Change: 0.1257916, Rating 1: 1240.2100.
ranking.algos.rank_fit - INFO - 260/1000, Change: 0.1227384, Rating 1: 1240.3500.
ranking.algos.rank_fit - INFO - 261/1000, Change: 0.1220896, Rating 1: 1240.4900.
ranking.algos.rank_fit - INFO - 262/1000, Change: 0.1188672, Rating 1: 1240.6300.
ranking.algos.rank_fit - INFO - 263/1000, Change: 0.1160629, Rating 1: 1240.7600.
ranking.algos.rank_fit - INFO - 264/1000, Change: 0.1156821, Rating 1: 1240.8900.
ranking.algos.rank_fit - INFO - 265/1000, Change: 0.1111173, Rating 1: 1241.0200.
ranking.algos.rank_fit - INFO - 266/1000, Change: 0.1110114, Rating 1: 1241.1500.
ranking.algos.rank_fit - INFO - 267/1000, Change: 0.1096787, Rating 1: 1241.2700.
ranking.algos.rank_fit - INFO - 268/1000, Change: 0.1073477, Rating 1: 1241.3900.
ranking.algos.rank_fit - INFO - 269/1000, Change: 0.1057745, Rating 1: 1241.5100.
ranking.algos.rank_fit - INFO - 270/1000, Change: 0.1037247, Rating 1: 1241.6300.
ranking.algos.rank_fit - INFO - 271/1000, Change: 0.1027561, Rating 1: 1241.7500.
ranking.algos.rank_fit - INFO - 272/1000, Change: 0.0991434, Rating 1: 1241.8600.
ranking.algos.rank_fit - INFO - 273/1000, Change: 0.0976488, Rating 1: 1241.9700.
ranking.algos.rank_fit - INFO - 274/1000, Change: 0.0962228, Rating 1: 1242.0800.
ranking.algos.rank_fit - INFO - 275/1000, Change: 0.0955787, Rating 1: 1242.1900.
ranking.algos.rank_fit - INFO - 276/1000, Change: 0.0931476, Rating 1: 1242.3000.
ranking.algos.rank_fit - INFO - 277/1000, Change: 0.0912656, Rating 1: 1242.4000.
ranking.algos.rank_fit - INFO - 278/1000, Change: 0.0900327, Rating 1: 1242.5000.
ranking.algos.rank_fit - INFO - 279/1000, Change: 0.0879840, Rating 1: 1242.6000.
ranking.algos.rank_fit - INFO - 280/1000, Change: 0.0868399, Rating 1: 1242.7000.
ranking.algos.rank_fit - INFO - 281/1000, Change: 0.0865006, Rating 1: 1242.8000.
ranking.algos.rank_fit - INFO - 282/1000, Change: 0.0856120, Rating 1: 1242.8900.
ranking.algos.rank_fit - INFO - 283/1000, Change: 0.0831016, Rating 1: 1242.9900.
ranking.algos.rank_fit - INFO - 284/1000, Change: 0.0814212, Rating 1: 1243.0800.
ranking.algos.rank_fit - INFO - 285/1000, Change: 0.0818895, Rating 1: 1243.1700.
ranking.algos.rank_fit - INFO - 286/1000, Change: 0.0782906, Rating 1: 1243.2600.
ranking.algos.rank_fit - INFO - 287/1000, Change: 0.0772315, Rating 1: 1243.3500.
ranking.algos.rank_fit - INFO - 288/1000, Change: 0.0765045, Rating 1: 1243.4400.
ranking.algos.rank_fit - INFO - 289/1000, Change: 0.0753424, Rating 1: 1243.5300.
ranking.algos.rank_fit - INFO - 290/1000, Change: 0.0724366, Rating 1: 1243.6100.
ranking.algos.rank_fit - INFO - 291/1000, Change: 0.0723553, Rating 1: 1243.6900.
ranking.algos.rank_fit - INFO - 292/1000, Change: 0.0702098, Rating 1: 1243.7700.
ranking.algos.rank_fit - INFO - 293/1000, Change: 0.0710427, Rating 1: 1243.8500.
ranking.algos.rank_fit - INFO - 294/1000, Change: 0.0689416, Rating 1: 1243.9300.
ranking.algos.rank_fit - INFO - 295/1000, Change: 0.0666863, Rating 1: 1244.0100.
ranking.algos.rank_fit - INFO - 296/1000, Change: 0.0665980, Rating 1: 1244.0800.
ranking.algos.rank_fit - INFO - 297/1000, Change: 0.0653497, Rating 1: 1244.1600.
ranking.algos.rank_fit - INFO - 298/1000, Change: 0.0641689, Rating 1: 1244.2300.
ranking.algos.rank_fit - INFO - 299/1000, Change: 0.0628724, Rating 1: 1244.3000.
ranking.algos.rank_fit - INFO - 300/1000, Change: 0.0616441, Rating 1: 1244.3700.
ranking.algos.rank_fit - INFO - 301/1000, Change: 0.0610207, Rating 1: 1244.4400.
ranking.algos.rank_fit - INFO - 302/1000, Change: 0.0595078, Rating 1: 1244.5100.
ranking.algos.rank_fit - INFO - 303/1000, Change: 0.0587617, Rating 1: 1244.5800.
ranking.algos.rank_fit - INFO - 304/1000, Change: 0.0581074, Rating 1: 1244.6400.
ranking.algos.rank_fit - INFO - 305/1000, Change: 0.0584103, Rating 1: 1244.7100.
ranking.algos.rank_fit - INFO - 306/1000, Change: 0.0564123, Rating 1: 1244.7700.
ranking.algos.rank_fit - INFO - 307/1000, Change: 0.0554659, Rating 1: 1244.8400.
ranking.algos.rank_fit - INFO - 308/1000, Change: 0.0540697, Rating 1: 1244.9000.
ranking.algos.rank_fit - INFO - 309/1000, Change: 0.0539608, Rating 1: 1244.9600.
ranking.algos.rank_fit - INFO - 310/1000, Change: 0.0529706, Rating 1: 1245.0200.
ranking.algos.rank_fit - INFO - 311/1000, Change: 0.0517346, Rating 1: 1245.0800.
ranking.algos.rank_fit - INFO - 312/1000, Change: 0.0512204, Rating 1: 1245.1400.
ranking.algos.rank_fit - INFO - 313/1000, Change: 0.0499411, Rating 1: 1245.2000.
ranking.algos.rank_fit - INFO - 314/1000, Change: 0.0499411, Rating 1: 1245.2500.
ranking.algos.rank_fit - INFO - 315/1000, Change: 0.0487491, Rating 1: 1245.3100.
ranking.algos.rank_fit - INFO - 316/1000, Change: 0.0470919, Rating 1: 1245.3600.
ranking.algos.rank_fit - INFO - 317/1000, Change: 0.0474032, Rating 1: 1245.4100.
ranking.algos.rank_fit - INFO - 318/1000, Change: 0.0463998, Rating 1: 1245.4600.
ranking.algos.rank_fit - INFO - 319/1000, Change: 0.0451142, Rating 1: 1245.5100.
ranking.algos.rank_fit - INFO - 320/1000, Change: 0.0446555, Rating 1: 1245.5600.
ranking.algos.rank_fit - INFO - 321/1000, Change: 0.0428403, Rating 1: 1245.6100.
ranking.algos.rank_fit - INFO - 322/1000, Change: 0.0428403, Rating 1: 1245.6600.
ranking.algos.rank_fit - INFO - 323/1000, Change: 0.0405840, Rating 1: 1245.7100.
ranking.algos.rank_fit - INFO - 324/1000, Change: 0.0415862, Rating 1: 1245.7600.
ranking.algos.rank_fit - INFO - 325/1000, Change: 0.0402930, Rating 1: 1245.8100.
ranking.algos.rank_fit - INFO - 326/1000, Change: 0.0399264, Rating 1: 1245.8500.
ranking.algos.rank_fit - INFO - 327/1000, Change: 0.0392578, Rating 1: 1245.9000.
ranking.algos.rank_fit - INFO - 328/1000, Change: 0.0374951, Rating 1: 1245.9400.
ranking.algos.rank_fit - INFO - 329/1000, Change: 0.0380402, Rating 1: 1245.9800.
ranking.algos.rank_fit - INFO - 330/1000, Change: 0.0367823, Rating 1: 1246.0200.
ranking.algos.rank_fit - INFO - 331/1000, Change: 0.0374951, Rating 1: 1246.0600.
ranking.algos.rank_fit - INFO - 332/1000, Change: 0.0369419, Rating 1: 1246.1000.
ranking.algos.rank_fit - INFO - 333/1000, Change: 0.0358100, Rating 1: 1246.1400.
ranking.algos.rank_fit - INFO - 334/1000, Change: 0.0346410, Rating 1: 1246.1800.
ranking.algos.rank_fit - INFO - 335/1000, Change: 0.0348104, Rating 1: 1246.2200.
ranking.algos.rank_fit - INFO - 336/1000, Change: 0.0346410, Rating 1: 1246.2600.
ranking.algos.rank_fit - INFO - 337/1000, Change: 0.0336067, Rating 1: 1246.3000.
ranking.algos.rank_fit - INFO - 338/1000, Change: 0.0328096, Rating 1: 1246.3400.
ranking.algos.rank_fit - INFO - 339/1000, Change: 0.0310597, Rating 1: 1246.3800.
ranking.algos.rank_fit - INFO - 340/1000, Change: 0.0310597, Rating 1: 1246.4100.
ranking.algos.rank_fit - INFO - 341/1000, Change: 0.0303896, Rating 1: 1246.4500.
ranking.algos.rank_fit - INFO - 342/1000, Change: 0.0308697, Rating 1: 1246.4800.
ranking.algos.rank_fit - INFO - 343/1000, Change: 0.0292052, Rating 1: 1246.5200.
ranking.algos.rank_fit - INFO - 344/1000, Change: 0.0290030, Rating 1: 1246.5500.
ranking.algos.rank_fit - INFO - 345/1000, Change: 0.0284915, Rating 1: 1246.5800.
ranking.algos.rank_fit - INFO - 346/1000, Change: 0.0279706, Rating 1: 1246.6100.
ranking.algos.rank_fit - INFO - 347/1000, Change: 0.0284915, Rating 1: 1246.6400.
ranking.algos.rank_fit - INFO - 348/1000, Change: 0.0274398, Rating 1: 1246.6700.
ranking.algos.rank_fit - INFO - 349/1000, Change: 0.0290030, Rating 1: 1246.7000.
ranking.algos.rank_fit - INFO - 350/1000, Change: 0.0274398, Rating 1: 1246.7300.
ranking.algos.rank_fit - INFO - 351/1000, Change: 0.0265684, Rating 1: 1246.7600.
ranking.algos.rank_fit - INFO - 352/1000, Change: 0.0263461, Rating 1: 1246.7900.
ranking.algos.rank_fit - INFO - 353/1000, Change: 0.0268985, Rating 1: 1246.8200.
ranking.algos.rank_fit - INFO - 354/1000, Change: 0.0260090, Rating 1: 1246.8500.
ranking.algos.rank_fit - INFO - 355/1000, Change: 0.0263461, Rating 1: 1246.8800.
ranking.algos.rank_fit - INFO - 356/1000, Change: 0.0254374, Rating 1: 1246.9100.
ranking.algos.rank_fit - INFO - 357/1000, Change: 0.0246147, Rating 1: 1246.9400.
ranking.algos.rank_fit - INFO - 358/1000, Change: 0.0223607, Rating 1: 1246.9600.
ranking.algos.rank_fit - INFO - 359/1000, Change: 0.0230089, Rating 1: 1246.9900.
ranking.algos.rank_fit - INFO - 360/1000, Change: 0.0220960, Rating 1: 1247.0100.
ranking.algos.rank_fit - INFO - 361/1000, Change: 0.0205798, Rating 1: 1247.0400.
ranking.algos.rank_fit - INFO - 362/1000, Change: 0.0210042, Rating 1: 1247.0600.
ranking.algos.rank_fit - INFO - 363/1000, Change: 0.0198524, Rating 1: 1247.0900.
ranking.algos.rank_fit - INFO - 364/1000, Change: 0.0207223, Rating 1: 1247.1100.
ranking.algos.rank_fit - INFO - 365/1000, Change: 0.0198524, Rating 1: 1247.1300.
ranking.algos.rank_fit - INFO - 366/1000, Change: 0.0195538, Rating 1: 1247.1500.
ranking.algos.rank_fit - INFO - 367/1000, Change: 0.0195538, Rating 1: 1247.1700.
ranking.algos.rank_fit - INFO - 368/1000, Change: 0.0195538, Rating 1: 1247.1900.
ranking.algos.rank_fit - INFO - 369/1000, Change: 0.0190973, Rating 1: 1247.2100.
ranking.algos.rank_fit - INFO - 370/1000, Change: 0.0190973, Rating 1: 1247.2300.
ranking.algos.rank_fit - INFO - 371/1000, Change: 0.0186295, Rating 1: 1247.2500.
ranking.algos.rank_fit - INFO - 372/1000, Change: 0.0181497, Rating 1: 1247.2700.
ranking.algos.rank_fit - INFO - 373/1000, Change: 0.0186295, Rating 1: 1247.2900.
ranking.algos.rank_fit - INFO - 374/1000, Change: 0.0190973, Rating 1: 1247.3100.
ranking.algos.rank_fit - INFO - 375/1000, Change: 0.0186295, Rating 1: 1247.3300.
ranking.algos.rank_fit - INFO - 376/1000, Change: 0.0181497, Rating 1: 1247.3500.
ranking.algos.rank_fit - INFO - 377/1000, Change: 0.0176569, Rating 1: 1247.3700.
ranking.algos.rank_fit - INFO - 378/1000, Change: 0.0186295, Rating 1: 1247.3900.
ranking.algos.rank_fit - INFO - 379/1000, Change: 0.0181497, Rating 1: 1247.4100.
ranking.algos.rank_fit - INFO - 380/1000, Change: 0.0171499, Rating 1: 1247.4300.
ranking.algos.rank_fit - INFO - 381/1000, Change: 0.0181497, Rating 1: 1247.4500.
ranking.algos.rank_fit - INFO - 382/1000, Change: 0.0160880, Rating 1: 1247.4700.
ranking.algos.rank_fit - INFO - 383/1000, Change: 0.0171499, Rating 1: 1247.4900.
ranking.algos.rank_fit - INFO - 384/1000, Change: 0.0149509, Rating 1: 1247.5100.
ranking.algos.rank_fit - INFO - 385/1000, Change: 0.0149509, Rating 1: 1247.5300.
ranking.algos.rank_fit - INFO - 386/1000, Change: 0.0155299, Rating 1: 1247.5400.
ranking.algos.rank_fit - INFO - 387/1000, Change: 0.0130609, Rating 1: 1247.5600.
ranking.algos.rank_fit - INFO - 388/1000, Change: 0.0149509, Rating 1: 1247.5700.
ranking.algos.rank_fit - INFO - 389/1000, Change: 0.0137199, Rating 1: 1247.5900.
ranking.algos.rank_fit - INFO - 390/1000, Change: 0.0116316, Rating 1: 1247.6000.
ranking.algos.rank_fit - INFO - 391/1000, Change: 0.0123669, Rating 1: 1247.6200.
ranking.algos.rank_fit - INFO - 392/1000, Change: 0.0113759, Rating 1: 1247.6300.
ranking.algos.rank_fit - INFO - 393/1000, Change: 0.0116316, Rating 1: 1247.6400.
ranking.algos.rank_fit - INFO - 394/1000, Change: 0.0105719, Rating 1: 1247.6600.
ranking.algos.rank_fit - INFO - 395/1000, Change: 0.0108465, Rating 1: 1247.6700.
ranking.algos.rank_fit - INFO - 396/1000, Change: 0.0116316, Rating 1: 1247.6800.
ranking.algos.rank_fit - INFO - 397/1000, Change: 0.0105719, Rating 1: 1247.6900.
ranking.algos.rank_fit - INFO - 398/1000, Change: 0.0100000, Rating 1: 1247.7000.
ranking.algos.rank_fit - INFO - 399/1000, Change: 0.0097014, Rating 1: 1247.7100.
ranking.algos.rank_fit - INFO - 400/1000, Change: 0.0100000, Rating 1: 1247.7200.
ranking.algos.rank_fit - INFO - 401/1000, Change: 0.0097014, Rating 1: 1247.7300.
ranking.algos.rank_fit - INFO - 402/1000, Change: 0.0097014, Rating 1: 1247.7400.
ranking.algos.rank_fit - INFO - 403/1000, Change: 0.0100000, Rating 1: 1247.7500.
ranking.algos.rank_fit - INFO - 404/1000, Change: 0.0097014, Rating 1: 1247.7600.
ranking.algos.rank_fit - INFO - 405/1000, Change: 0.0097014, Rating 1: 1247.7700.
ranking.algos.rank_fit - INFO - 406/1000, Change: 0.0097014, Rating 1: 1247.7800.
ranking.algos.rank_fit - INFO - 407/1000, Change: 0.0097014, Rating 1: 1247.7900.
ranking.algos.rank_fit - INFO - 408/1000, Change: 0.0093934, Rating 1: 1247.8000.
ranking.algos.rank_fit - INFO - 409/1000, Change: 0.0097014, Rating 1: 1247.8100.
ranking.algos.rank_fit - INFO - 410/1000, Change: 0.0093934, Rating 1: 1247.8200.
ranking.algos.rank_fit - INFO - 411/1000, Change: 0.0100000, Rating 1: 1247.8300.
ranking.algos.rank_fit - INFO - 412/1000, Change: 0.0100000, Rating 1: 1247.8400.
ranking.algos.rank_fit - INFO - 413/1000, Change: 0.0097014, Rating 1: 1247.8500.
ranking.algos.rank_fit - INFO - 414/1000, Change: 0.0097014, Rating 1: 1247.8600.
ranking.algos.rank_fit - INFO - 415/1000, Change: 0.0100000, Rating 1: 1247.8700.
ranking.algos.rank_fit - INFO - 416/1000, Change: 0.0097014, Rating 1: 1247.8800.
ranking.algos.rank_fit - INFO - 417/1000, Change: 0.0097014, Rating 1: 1247.8900.
ranking.algos.rank_fit - INFO - 418/1000, Change: 0.0093934, Rating 1: 1247.9000.
ranking.algos.rank_fit - INFO - 419/1000, Change: 0.0093934, Rating 1: 1247.9100.
ranking.algos.rank_fit - INFO - 420/1000, Change: 0.0087447, Rating 1: 1247.9200.
ranking.algos.rank_fit - INFO - 421/1000, Change: 0.0097014, Rating 1: 1247.9300.
ranking.algos.rank_fit - INFO - 422/1000, Change: 0.0097014, Rating 1: 1247.9400.
ranking.algos.rank_fit - INFO - 423/1000, Change: 0.0100000, Rating 1: 1247.9500.
ranking.algos.rank_fit - INFO - 424/1000, Change: 0.0093934, Rating 1: 1247.9600.
ranking.algos.rank_fit - INFO - 425/1000, Change: 0.0084017, Rating 1: 1247.9700.
ranking.algos.rank_fit - INFO - 426/1000, Change: 0.0090749, Rating 1: 1247.9800.
ranking.algos.rank_fit - INFO - 427/1000, Change: 0.0093934, Rating 1: 1247.9900.
ranking.algos.rank_fit - INFO - 428/1000, Change: 0.0097014, Rating 1: 1248.0000.
ranking.algos.rank_fit - INFO - 429/1000, Change: 0.0093934, Rating 1: 1248.0100.
ranking.algos.rank_fit - INFO - 430/1000, Change: 0.0090749, Rating 1: 1248.0200.
ranking.algos.rank_fit - INFO - 431/1000, Change: 0.0093934, Rating 1: 1248.0300.
ranking.algos.rank_fit - INFO - 432/1000, Change: 0.0093934, Rating 1: 1248.0400.
ranking.algos.rank_fit - INFO - 433/1000, Change: 0.0080440, Rating 1: 1248.0500.
ranking.algos.rank_fit - INFO - 434/1000, Change: 0.0093934, Rating 1: 1248.0600.
ranking.algos.rank_fit - INFO - 435/1000, Change: 0.0090749, Rating 1: 1248.0700.
ranking.algos.rank_fit - INFO - 436/1000, Change: 0.0087447, Rating 1: 1248.0800.
ranking.algos.rank_fit - INFO - 437/1000, Change: 0.0080440, Rating 1: 1248.0900.
ranking.algos.rank_fit - INFO - 438/1000, Change: 0.0080440, Rating 1: 1248.1000.
ranking.algos.rank_fit - INFO - 439/1000, Change: 0.0072761, Rating 1: 1248.1100.
ranking.algos.rank_fit - INFO - 440/1000, Change: 0.0080440, Rating 1: 1248.1200.
ranking.algos.rank_fit - INFO - 441/1000, Change: 0.0080440, Rating 1: 1248.1200.
ranking.algos.rank_fit - INFO - 442/1000, Change: 0.0072761, Rating 1: 1248.1300.
ranking.algos.rank_fit - INFO - 443/1000, Change: 0.0064169, Rating 1: 1248.1300.
ranking.algos.rank_fit - INFO - 444/1000, Change: 0.0072761, Rating 1: 1248.1400.
ranking.algos.rank_fit - INFO - 445/1000, Change: 0.0068599, Rating 1: 1248.1400.
ranking.algos.rank_fit - INFO - 446/1000, Change: 0.0064169, Rating 1: 1248.1500.
ranking.algos.rank_fit - INFO - 447/1000, Change: 0.0076696, Rating 1: 1248.1500.
ranking.algos.rank_fit - INFO - 448/1000, Change: 0.0064169, Rating 1: 1248.1600.
ranking.algos.rank_fit - INFO - 449/1000, Change: 0.0068599, Rating 1: 1248.1600.
ranking.algos.rank_fit - INFO - 450/1000, Change: 0.0072761, Rating 1: 1248.1700.
ranking.algos.rank_fit - INFO - 451/1000, Change: 0.0068599, Rating 1: 1248.1700.
ranking.algos.rank_fit - INFO - 452/1000, Change: 0.0064169, Rating 1: 1248.1800.
ranking.algos.rank_fit - INFO - 453/1000, Change: 0.0068599, Rating 1: 1248.1800.
ranking.algos.rank_fit - INFO - 454/1000, Change: 0.0064169, Rating 1: 1248.1900.
ranking.algos.rank_fit - INFO - 455/1000, Change: 0.0059409, Rating 1: 1248.1900.
ranking.algos.rank_fit - INFO - 456/1000, Change: 0.0064169, Rating 1: 1248.2000.
ranking.algos.rank_fit - INFO - 457/1000, Change: 0.0064169, Rating 1: 1248.2000.
ranking.algos.rank_fit - INFO - 458/1000, Change: 0.0064169, Rating 1: 1248.2100.
ranking.algos.rank_fit - INFO - 459/1000, Change: 0.0059409, Rating 1: 1248.2100.
ranking.algos.rank_fit - INFO - 460/1000, Change: 0.0064169, Rating 1: 1248.2200.
ranking.algos.rank_fit - INFO - 461/1000, Change: 0.0054233, Rating 1: 1248.2200.
ranking.algos.rank_fit - INFO - 462/1000, Change: 0.0048507, Rating 1: 1248.2300.
ranking.algos.rank_fit - INFO - 463/1000, Change: 0.0059409, Rating 1: 1248.2300.
ranking.algos.rank_fit - INFO - 464/1000, Change: 0.0059409, Rating 1: 1248.2400.
ranking.algos.rank_fit - INFO - 465/1000, Change: 0.0054233, Rating 1: 1248.2400.
ranking.algos.rank_fit - INFO - 466/1000, Change: 0.0048507, Rating 1: 1248.2500.
ranking.algos.rank_fit - INFO - 467/1000, Change: 0.0048507, Rating 1: 1248.2500.
ranking.algos.rank_fit - INFO - 468/1000, Change: 0.0048507, Rating 1: 1248.2500.
ranking.algos.rank_fit - INFO - 469/1000, Change: 0.0042008, Rating 1: 1248.2500.
ranking.algos.rank_fit - INFO - 470/1000, Change: 0.0048507, Rating 1: 1248.2600.
ranking.algos.rank_fit - INFO - 471/1000, Change: 0.0048507, Rating 1: 1248.2600.
ranking.algos.rank_fit - INFO - 472/1000, Change: 0.0054233, Rating 1: 1248.2600.
ranking.algos.rank_fit - INFO - 473/1000, Change: 0.0048507, Rating 1: 1248.2600.
ranking.algos.rank_fit - INFO - 474/1000, Change: 0.0048507, Rating 1: 1248.2700.
ranking.algos.rank_fit - INFO - 475/1000, Change: 0.0048507, Rating 1: 1248.2700.
ranking.algos.rank_fit - INFO - 476/1000, Change: 0.0042008, Rating 1: 1248.2700.
ranking.algos.rank_fit - INFO - 477/1000, Change: 0.0048507, Rating 1: 1248.2700.
ranking.algos.rank_fit - INFO - 478/1000, Change: 0.0042008, Rating 1: 1248.2700.
ranking.algos.rank_fit - INFO - 479/1000, Change: 0.0042008, Rating 1: 1248.2800.
ranking.algos.rank_fit - INFO - 480/1000, Change: 0.0042008, Rating 1: 1248.2800.
ranking.algos.rank_fit - INFO - 481/1000, Change: 0.0034300, Rating 1: 1248.2800.
ranking.algos.rank_fit - INFO - 482/1000, Change: 0.0054233, Rating 1: 1248.2800.
ranking.algos.rank_fit - INFO - 483/1000, Change: 0.0042008, Rating 1: 1248.2900.
ranking.algos.rank_fit - INFO - 484/1000, Change: 0.0024254, Rating 1: 1248.2900.
ranking.algos.rank_fit - INFO - 485/1000, Change: 0.0034300, Rating 1: 1248.2900.
ranking.algos.rank_fit - INFO - 486/1000, Change: 0.0034300, Rating 1: 1248.2900.
ranking.algos.rank_fit - INFO - 487/1000, Change: 0.0034300, Rating 1: 1248.2900.
ranking.algos.rank_fit - INFO - 488/1000, Change: 0.0024254, Rating 1: 1248.2900.
ranking.algos.rank_fit - INFO - 489/1000, Change: 0.0024254, Rating 1: 1248.2900.
ranking.algos.rank_fit - INFO - 490/1000, Change: 0.0024254, Rating 1: 1248.2900.
ranking.algos.rank_fit - INFO - 491/1000, Change: 0.0024254, Rating 1: 1248.2900.
ranking.algos.rank_fit - INFO - 492/1000, Change: 0.0024254, Rating 1: 1248.2900.
ranking.algos.rank_fit - INFO - 493/1000, Change: 0.0024254, Rating 1: 1248.2900.
ranking.algos.rank_fit - INFO - 494/1000, Change: 0.0000000, Rating 1: 1248.2900.
ranking.data_preparation - INFO - RMSE: 247.43, Max Sum Resid: 0.08
ranking.data_preparation - INFO - Applying Windmill algorithm on the EUF-2024-women dataset.
ranking.games_dataset - INFO - Calculating ratings by Windmill.
ranking.data_preparation - INFO - RMSE: 3.28, Max Sum Resid: 0.05
ranking.data_preparation - INFO - Applying Sigmoid algorithm on the EUF-2024-women dataset.
ranking.games_dataset - INFO - Calculating ratings by Sigmoid.
ranking.data_preparation - INFO - RMSE: 3.13, Max Sum Resid: 3.47
ranking.data_preparation - INFO - Output files saved to output/2024.
